

Time: 00:05.905, Memory: 58.00 MB

There were 179 errors:

1) Pantheon\Terminus\UnitTests\Collections\APICollectionTest::testFetch
PHPUnit\Framework\MockObject\IncompatibleReturnValueException: Method request may not return value of type array, its declared return type is "Pantheon\Terminus\Request\RequestOperationResult"

/Users/brianweaver/repos/terminus2/tests/unit_tests/Collections/APICollectionTest.php:30

2) Pantheon\Terminus\UnitTests\Collections\BackupsTest::testGetBackupByFileName
PHPUnit\Framework\MockObject\IncompatibleReturnValueException: Method request may not return value of type array, its declared return type is "Pantheon\Terminus\Request\RequestOperationResult"

/Users/brianweaver/repos/terminus2/tests/unit_tests/Collections/BackupsTest.php:525
/Users/brianweaver/repos/terminus2/tests/unit_tests/Collections/BackupsTest.php:266

3) Pantheon\Terminus\UnitTests\Collections\BackupsTest::testGetBackupsByElement
PHPUnit\Framework\MockObject\IncompatibleReturnValueException: Method request may not return value of type array, its declared return type is "Pantheon\Terminus\Request\RequestOperationResult"

/Users/brianweaver/repos/terminus2/tests/unit_tests/Collections/BackupsTest.php:525
/Users/brianweaver/repos/terminus2/tests/unit_tests/Collections/BackupsTest.php:284

4) Pantheon\Terminus\UnitTests\Collections\BackupsTest::testGetBackupSchedule
PHPUnit\Framework\MockObject\IncompatibleReturnValueException: Method request may not return value of type array, its declared return type is "Pantheon\Terminus\Request\RequestOperationResult"

/Users/brianweaver/repos/terminus2/tests/unit_tests/Collections/BackupsTest.php:347

5) Pantheon\Terminus\UnitTests\Collections\BackupsTest::testGetFinishedBackups
PHPUnit\Framework\MockObject\IncompatibleReturnValueException: Method request may not return value of type array, its declared return type is "Pantheon\Terminus\Request\RequestOperationResult"

/Users/brianweaver/repos/terminus2/tests/unit_tests/Collections/BackupsTest.php:525
/Users/brianweaver/repos/terminus2/tests/unit_tests/Collections/BackupsTest.php:360

6) Pantheon\Terminus\UnitTests\Collections\BindingsTest::testGetByType
PHPUnit\Framework\MockObject\IncompatibleReturnValueException: Method request may not return value of type array, its declared return type is "Pantheon\Terminus\Request\RequestOperationResult"

/Users/brianweaver/repos/terminus2/tests/unit_tests/Collections/BindingsTest.php:374
/Users/brianweaver/repos/terminus2/tests/unit_tests/Collections/BindingsTest.php:312

7) Pantheon\Terminus\UnitTests\Collections\DomainsTest::testFetchWithRecommendations
PHPUnit\Framework\MockObject\IncompatibleReturnValueException: Method request may not return value of type array, its declared return type is "Pantheon\Terminus\Request\RequestOperationResult"

/Users/brianweaver/repos/terminus2/tests/unit_tests/Collections/DomainsTest.php:102

8) Pantheon\Terminus\UnitTests\Collections\EnvironmentsTest::testIDs
PHPUnit\Framework\MockObject\IncompatibleReturnValueException: Method request may not return value of type array, its declared return type is "Pantheon\Terminus\Request\RequestOperationResult"

/Users/brianweaver/repos/terminus2/tests/unit_tests/Collections/EnvironmentsTest.php:216
/Users/brianweaver/repos/terminus2/tests/unit_tests/Collections/EnvironmentsTest.php:149

9) Pantheon\Terminus\UnitTests\Collections\EnvironmentsTest::testMultidev
PHPUnit\Framework\MockObject\IncompatibleReturnValueException: Method request may not return value of type array, its declared return type is "Pantheon\Terminus\Request\RequestOperationResult"

/Users/brianweaver/repos/terminus2/tests/unit_tests/Collections/EnvironmentsTest.php:216
/Users/brianweaver/repos/terminus2/tests/unit_tests/Collections/EnvironmentsTest.php:159

10) Pantheon\Terminus\UnitTests\Collections\EnvironmentsTest::testSerializeFrozen
PHPUnit\Framework\MockObject\IncompatibleReturnValueException: Method request may not return value of type array, its declared return type is "Pantheon\Terminus\Request\RequestOperationResult"

/Users/brianweaver/repos/terminus2/tests/unit_tests/Collections/EnvironmentsTest.php:216
/Users/brianweaver/repos/terminus2/tests/unit_tests/Collections/EnvironmentsTest.php:176

11) Pantheon\Terminus\UnitTests\Collections\EnvironmentsTest::testSerializeUnfrozen
PHPUnit\Framework\MockObject\IncompatibleReturnValueException: Method request may not return value of type array, its declared return type is "Pantheon\Terminus\Request\RequestOperationResult"

/Users/brianweaver/repos/terminus2/tests/unit_tests/Collections/EnvironmentsTest.php:216
/Users/brianweaver/repos/terminus2/tests/unit_tests/Collections/EnvironmentsTest.php:193

12) Pantheon\Terminus\UnitTests\Collections\OrganizationUpstreamsTest::testFilterByName
Error: Call to undefined method Mock_Container_3890a90b::inflect()

/Users/brianweaver/repos/terminus2/src/Collections/TerminusCollection.php:64
/Users/brianweaver/repos/terminus2/tests/unit_tests/Collections/OrganizationUpstreamsTest.php:55

13) Pantheon\Terminus\UnitTests\Collections\SSHKeysTest::testFetch
PHPUnit\Framework\MockObject\IncompatibleReturnValueException: Method request may not return value of type array, its declared return type is "Pantheon\Terminus\Request\RequestOperationResult"

/Users/brianweaver/repos/terminus2/tests/unit_tests/Collections/SSHKeysTest.php:65

14) Pantheon\Terminus\UnitTests\Collections\SavedTokensTest::testAdd
Error: Call to undefined method Mock_Container_3890a90b::inflect()

/Users/brianweaver/repos/terminus2/src/Collections/TerminusCollection.php:64
/Users/brianweaver/repos/terminus2/src/Collections/SavedTokens.php:35
/Users/brianweaver/repos/terminus2/tests/unit_tests/Collections/SavedTokensTest.php:73

15) Pantheon\Terminus\UnitTests\Collections\SavedTokensTest::testCreate
Error: Call to undefined method Mock_Container_3890a90b::inflect()

/Users/brianweaver/repos/terminus2/src/Collections/SavedTokens.php:51
/Users/brianweaver/repos/terminus2/tests/unit_tests/Collections/SavedTokensTest.php:121

16) Pantheon\Terminus\UnitTests\Collections\SavedTokensTest::testDeleteAll
Error: Call to undefined method Mock_Container_3890a90b::inflect()

/Users/brianweaver/repos/terminus2/src/Collections/TerminusCollection.php:64
/Users/brianweaver/repos/terminus2/src/Collections/SavedTokens.php:35
/Users/brianweaver/repos/terminus2/src/Collections/TerminusCollection.php:94
/Users/brianweaver/repos/terminus2/src/Collections/TerminusCollection.php:78
/Users/brianweaver/repos/terminus2/src/Collections/SavedTokens.php:67
/Users/brianweaver/repos/terminus2/tests/unit_tests/Collections/SavedTokensTest.php:134

17) Pantheon\Terminus\UnitTests\Collections\SiteAuthorizationsTest::testCan
Error: Call to undefined method Mock_Container_3890a90b::inflect()

/Users/brianweaver/repos/terminus2/src/Collections/TerminusCollection.php:64
/Users/brianweaver/repos/terminus2/src/Collections/TerminusCollection.php:94
/Users/brianweaver/repos/terminus2/tests/unit_tests/Collections/SiteAuthorizationsTest.php:57

18) Pantheon\Terminus\UnitTests\Collections\SitesTest::testGetByUUID
Error: Call to undefined method Mock_Container_3890a90b::inflect()

/Users/brianweaver/repos/terminus2/src/Collections/Sites.php:194
/Users/brianweaver/repos/terminus2/tests/unit_tests/Collections/SitesTest.php:261

19) Pantheon\Terminus\UnitTests\Collections\SitesTest::testGetByName
PHPUnit\Framework\MockObject\IncompatibleReturnValueException: Method request may not return value of type array, its declared return type is "Pantheon\Terminus\Request\RequestOperationResult"

/Users/brianweaver/repos/terminus2/tests/unit_tests/Collections/SitesTest.php:285

20) Pantheon\Terminus\UnitTests\Collections\SitesTest::testNameIsNotTaken
Exception: 404 Not Found

/Users/brianweaver/repos/terminus2/tests/unit_tests/Collections/SitesTest.php:360

21) Pantheon\Terminus\UnitTests\Collections\SitesTest::testNameIsTaken
Exception: 403 Forbidden

/Users/brianweaver/repos/terminus2/tests/unit_tests/Collections/SitesTest.php:379

22) Pantheon\Terminus\UnitTests\Collections\SitesTest::testNameIsTakenAndMine
PHPUnit\Framework\MockObject\IncompatibleReturnValueException: Method request may not return value of type array, its declared return type is "Pantheon\Terminus\Request\RequestOperationResult"

/Users/brianweaver/repos/terminus2/tests/unit_tests/Collections/SitesTest.php:398

23) Pantheon\Terminus\UnitTests\Collections\TagsTest::testCreate
Error: Call to undefined method Mock_Container_3890a90b::inflect()

/Users/brianweaver/repos/terminus2/src/Collections/Tags.php:53
/Users/brianweaver/repos/terminus2/tests/unit_tests/Collections/TagsTest.php:82

24) Pantheon\Terminus\UnitTests\Collections\TagsTest::testHas
Error: Call to undefined method Mock_Container_3890a90b::inflect()

/Users/brianweaver/repos/terminus2/src/Collections/TerminusCollection.php:64
/Users/brianweaver/repos/terminus2/src/Collections/Tags.php:64
/Users/brianweaver/repos/terminus2/tests/unit_tests/Collections/TagsTest.php:91

25) Pantheon\Terminus\UnitTests\Collections\TerminusCollectionTest::testAdd
Error: Cannot instantiate abstract class Pantheon\Terminus\Models\TerminusModel

/Users/brianweaver/repos/terminus2/src/Collections/TerminusCollection.php:63
/Users/brianweaver/repos/terminus2/tests/unit_tests/Collections/TerminusCollectionTest.php:74

26) Pantheon\Terminus\UnitTests\Collections\TerminusCollectionTest::testDataFunctions
Error: Unknown named parameter $data

/Users/brianweaver/repos/terminus2/tests/unit_tests/Collections/TerminusCollectionTest.php:91

27) Pantheon\Terminus\UnitTests\Collections\TerminusCollectionTest::testGet
Error: Call to undefined method Mock_Container_3890a90b::inflect()

/Users/brianweaver/repos/terminus2/src/Collections/TerminusCollection.php:64
/Users/brianweaver/repos/terminus2/src/Collections/TerminusCollection.php:94
/Users/brianweaver/repos/terminus2/src/Collections/TerminusCollection.php:78
/Users/brianweaver/repos/terminus2/src/Collections/TerminusCollection.php:134
/Users/brianweaver/repos/terminus2/tests/unit_tests/Collections/TerminusCollectionTest.php:151

28) Pantheon\Terminus\UnitTests\Collections\UpstreamsTest::testAdd
Error: Call to undefined method Mock_Container_3890a90b::inflect()

/Users/brianweaver/repos/terminus2/src/Collections/TerminusCollection.php:64
/Users/brianweaver/repos/terminus2/src/Collections/Upstreams.php:37
/Users/brianweaver/repos/terminus2/tests/unit_tests/Collections/UpstreamsTest.php:102

29) Pantheon\Terminus\UnitTests\Collections\UpstreamsTest::testFilterByName
Error: Call to undefined method Mock_Container_3890a90b::inflect()

/Users/brianweaver/repos/terminus2/src/Collections/TerminusCollection.php:64
/Users/brianweaver/repos/terminus2/src/Collections/Upstreams.php:37
/Users/brianweaver/repos/terminus2/tests/unit_tests/Collections/UpstreamsTest.php:129

30) Pantheon\Terminus\UnitTests\Collections\UserSiteMembershipsTest::testFetch
Error: Unknown named parameter $id

/Users/brianweaver/repos/terminus2/tests/unit_tests/Collections/UserSiteMembershipsTest.php:35

31) Pantheon\Terminus\UnitTests\Collections\WorkflowsTest::testCreate
PHPUnit\Framework\MockObject\IncompatibleReturnValueException: Method request may not return value of type array, its declared return type is "Pantheon\Terminus\Request\RequestOperationResult"

/Users/brianweaver/repos/terminus2/tests/unit_tests/Collections/WorkflowsTest.php:162

32) Pantheon\Terminus\UnitTests\Collections\WorkflowsTest::testFetchWithOperations
PHPUnit\Framework\MockObject\IncompatibleReturnValueException: Method request may not return value of type array, its declared return type is "Pantheon\Terminus\Request\RequestOperationResult"

/Users/brianweaver/repos/terminus2/tests/unit_tests/Collections/WorkflowsTest.php:207

33) Pantheon\Terminus\UnitTests\Commands\AliasesCommandTest::testAliases
TypeError: get_class(): Argument #1 ($object) must be of type object, null given

/Users/brianweaver/repos/terminus2/src/Commands/AliasesCommand.php:70
/Users/brianweaver/repos/terminus2/tests/unit_tests/Commands/AliasesCommandTest.php:132

34) Pantheon\Terminus\UnitTests\Commands\ArtCommandTest::testArt
Error: Call to undefined method Pantheon\Terminus\UnitTests\Commands\ArtCommandTest::assertInternalType()

/Users/brianweaver/repos/terminus2/tests/unit_tests/Commands/ArtCommandTest.php:106

35) Pantheon\Terminus\UnitTests\Commands\ArtCommandTest::testArtRandom
Error: Call to undefined method Pantheon\Terminus\UnitTests\Commands\ArtCommandTest::assertInternalType()

/Users/brianweaver/repos/terminus2/tests/unit_tests/Commands/ArtCommandTest.php:126

36) Pantheon\Terminus\UnitTests\Commands\Auth\LoginCommandTest::testLogInWithMachineToken
TypeError: count(): Argument #1 ($value) must be of type Countable|array, null given

/Users/brianweaver/repos/terminus2/src/Commands/Auth/LoginCommand.php:57
/Users/brianweaver/repos/terminus2/tests/unit_tests/Commands/Auth/LoginCommandTest.php:72

37) Pantheon\Terminus\UnitTests\Commands\Auth\LoginCommandTest::testLogInWithEmail
TypeError: count(): Argument #1 ($value) must be of type Countable|array, null given

/Users/brianweaver/repos/terminus2/src/Commands/Auth/LoginCommand.php:72
/Users/brianweaver/repos/terminus2/tests/unit_tests/Commands/Auth/LoginCommandTest.php:97

38) Pantheon\Terminus\UnitTests\Commands\Auth\LoginCommandTest::testLogInWithSoloSavedToken
Pantheon\Terminus\Exceptions\TerminusException: Please visit the dashboard to generate a machine token:
:///machine-token/create/sputnik.local

/Users/brianweaver/repos/terminus2/src/Commands/Auth/LoginCommand.php:73
/Users/brianweaver/repos/terminus2/tests/unit_tests/Commands/Auth/LoginCommandTest.php:132

39) Pantheon\Terminus\UnitTests\Commands\Auth\LoginCommandTest::testCannotLogInWithoutTokens
Pantheon\Terminus\Exceptions\TerminusException: Please visit the dashboard to generate a machine token:
:///machine-token/create/sputnik.local

/Users/brianweaver/repos/terminus2/src/Commands/Auth/LoginCommand.php:73
/Users/brianweaver/repos/terminus2/tests/unit_tests/Commands/Auth/LoginCommandTest.php:147

40) Pantheon\Terminus\UnitTests\Commands\Auth\LoginCommandTest::testCannotLogInWithoutIndicatingWhichToken
Pantheon\Terminus\Exceptions\TerminusException: Tokens were saved for the following email addresses:
token1
token2
You may log in via `terminus auth:login --email=<email>`, or you may visit the dashboard to generate a machine token:
:///machine-token/create/sputnik.local

/Users/brianweaver/repos/terminus2/src/Commands/Auth/LoginCommand.php:58
/Users/brianweaver/repos/terminus2/tests/unit_tests/Commands/Auth/LoginCommandTest.php:166

41) Pantheon\Terminus\UnitTests\Commands\Backup\RestoreCommandTest::testRestoreBackupWithFileSucceeds
Pantheon\Terminus\Exceptions\TerminusException:

/Users/brianweaver/repos/terminus2/src/Commands/Backup/RestoreCommand.php:51
/Users/brianweaver/repos/terminus2/tests/unit_tests/Commands/Backup/RestoreCommandTest.php:59

42) Pantheon\Terminus\UnitTests\Commands\Backup\RestoreCommandTest::testRestoreBackupWithElementSucceeds
Pantheon\Terminus\Exceptions\TerminusException:

/Users/brianweaver/repos/terminus2/src/Commands/Backup/RestoreCommand.php:51
/Users/brianweaver/repos/terminus2/tests/unit_tests/Commands/Backup/RestoreCommandTest.php:143

43) Pantheon\Terminus\UnitTests\Commands\Env\ClearCacheCommandTest::testGetClearCache
Error: Call to a member function isFrozen() on null

/Users/brianweaver/repos/terminus2/src/Commands/Env/ClearCacheCommand.php:50
/Users/brianweaver/repos/terminus2/tests/unit_tests/Commands/Env/ClearCacheCommandTest.php:53

44) Pantheon\Terminus\UnitTests\Commands\Env\MetricsCommandTest::testLog
PHPUnit\Framework\MockObject\MethodCannotBeConfiguredException: Trying to configure method "setSeriesId" which cannot be configured because it does not exist, has not been specified, is final, or is static

/Users/brianweaver/repos/terminus2/tests/unit_tests/Commands/Env/MetricsCommandTest.php:31

45) Pantheon\Terminus\UnitTests\Commands\Remote\SSHBaseCommandTest::testExecuteCommand
PHPUnit\Framework\MockObject\MethodCannotBeConfiguredException: Trying to configure method "exec_interactive" which cannot be configured because it does not exist, has not been specified, is final, or is static

/Users/brianweaver/repos/terminus2/tests/unit_tests/Commands/Remote/SSHBaseCommandTest.php:39

46) Pantheon\Terminus\UnitTests\Commands\Remote\SSHBaseCommandTest::testExecuteCommandNonzeroStatus
PHPUnit\Framework\MockObject\MethodCannotBeConfiguredException: Trying to configure method "exec_interactive" which cannot be configured because it does not exist, has not been specified, is final, or is static

/Users/brianweaver/repos/terminus2/tests/unit_tests/Commands/Remote/SSHBaseCommandTest.php:39

47) Pantheon\Terminus\UnitTests\Commands\Remote\SSHBaseCommandTest::testExecuteCommandInGitMode
PHPUnit\Framework\MockObject\MethodCannotBeConfiguredException: Trying to configure method "exec_interactive" which cannot be configured because it does not exist, has not been specified, is final, or is static

/Users/brianweaver/repos/terminus2/tests/unit_tests/Commands/Remote/SSHBaseCommandTest.php:39

48) Pantheon\Terminus\UnitTests\Commands\Self\ClearCacheCommandTest::testClearCache
Error: Class "Symfony\Component\Finder\Tests\Iterator\Iterator" not found

/Users/brianweaver/repos/terminus2/tests/unit_tests/Commands/Self/ClearCacheCommandTest.php:87

49) Pantheon\Terminus\UnitTests\Commands\Site\DeleteCommandTest::testDelete
Pantheon\Terminus\Exceptions\TerminusNotFoundException: Cannot find site

/Users/brianweaver/repos/terminus2/src/Commands/Site/DeleteCommand.php:35
/Users/brianweaver/repos/terminus2/tests/unit_tests/Commands/Site/DeleteCommandTest.php:79

50) Pantheon\Terminus\UnitTests\Commands\Site\DeleteCommandTest::testDelete404
Pantheon\Terminus\Exceptions\TerminusNotFoundException: Cannot find site

/Users/brianweaver/repos/terminus2/src/Commands/Site/DeleteCommand.php:35
/Users/brianweaver/repos/terminus2/tests/unit_tests/Commands/Site/DeleteCommandTest.php:105

51) Pantheon\Terminus\UnitTests\Commands\Site\LookupCommandTest::testSiteLooupDoesNotExist
Exception: A site named my-site was not found.

/Users/brianweaver/repos/terminus2/tests/unit_tests/Commands/Site/LookupCommandTest.php:56

52) Pantheon\Terminus\UnitTests\Commands\Upstream\Updates\ApplyCommandTest::testApplyUpdatesTestOrLive
PHPUnit\Framework\MockObject\MethodCannotBeConfiguredException: Trying to configure method "getUpdates" which cannot be configured because it does not exist, has not been specified, is final, or is static

/Users/brianweaver/repos/terminus2/tests/unit_tests/Commands/Upstream/Updates/ApplyCommandTest.php:151

53) Pantheon\Terminus\UnitTests\Commands\Upstream\Updates\ListCommandTest::testListUpstreamsErred
PHPUnit\Framework\MockObject\MethodCannotBeConfiguredException: Trying to configure method "getUpdates" which cannot be configured because it does not exist, has not been specified, is final, or is static

/Users/brianweaver/repos/terminus2/tests/unit_tests/Commands/Upstream/Updates/ListCommandTest.php:118

54) Pantheon\Terminus\UnitTests\Config\DefaultsConfigTest::testGetSourceName
Error: Call to undefined method Pantheon\Terminus\UnitTests\Config\DefaultsConfigTest::assertInternalType()

/Users/brianweaver/repos/terminus2/tests/unit_tests/Config/DefaultsConfigTest.php:78

55) Pantheon\Terminus\UnitTests\DataStore\FileStoreTest::testGetSet
UnexpectedValueException: DirectoryIterator::__construct(/private/var/folders/19/6ps4prs51cz57q2k51f84ppr0000gq/T/terminus_test_ztHTsK): Failed to open directory: No such file or directory

/Users/brianweaver/repos/terminus2/tests/unit_tests/DataStore/FileStoreTest.php:17

56) Pantheon\Terminus\UnitTests\Helpers\DrushRcEmitterTest::testDrushrcEmitter
Error: Call to a member function debug() on null

/Users/brianweaver/repos/terminus2/src/Helpers/AliasEmitters/AliasesDrushRcBase.php:27
/Users/brianweaver/repos/terminus2/src/Helpers/AliasEmitters/AliasesDrushRcEmitter.php:42
/Users/brianweaver/repos/terminus2/tests/unit_tests/Helpers/DrushRcEmitterTest.php:28

57) Pantheon\Terminus\UnitTests\Helpers\PrintingEmitterTest::testPrintingEmitter
Error: Call to a member function debug() on null

/Users/brianweaver/repos/terminus2/src/Helpers/AliasEmitters/AliasesDrushRcBase.php:27
/Users/brianweaver/repos/terminus2/src/Helpers/AliasEmitters/PrintingEmitter.php:36
/Users/brianweaver/repos/terminus2/tests/unit_tests/Helpers/PrintingEmitterTest.php:28

58) Pantheon\Terminus\UnitTests\Helpers\TemplateTest::testProcess with data set #0 (''MULTIDEV':\n  host: appserve... false', 'fragment.site.yml.tmpl', array('MYSITE', 'MULTIDEV', 'MULTIDEV', '00000000-0000-0000-0000-000000000000'))
Pantheon\Terminus\Exceptions\TerminusException: Failed rendering template fragment.site.yml.tmpl: Unable to find template "fragment.site.yml.tmpl" (looked into: /Users/brianweaver/repos/terminus2/templates/aliases).

/Users/brianweaver/repos/terminus2/src/Helpers/AliasEmitters/Template.php:68
/Users/brianweaver/repos/terminus2/tests/unit_tests/Helpers/TemplateTest.php:73

59) Pantheon\Terminus\UnitTests\Helpers\TemplateTest::testProcess with data set #1 (''MULTIDEV':\n  host: appserve... false', 'fragment.site.yml.tmpl', array('MYSITE', 'MULTIDEV', 'MULTIDEV', '00000000-0000-0000-0000-000000000000', 'SECRETSECRET', '10101'))
Pantheon\Terminus\Exceptions\TerminusException: Failed rendering template fragment.site.yml.tmpl: Unable to find template "fragment.site.yml.tmpl" (looked into: /Users/brianweaver/repos/terminus2/templates/aliases).

/Users/brianweaver/repos/terminus2/src/Helpers/AliasEmitters/Template.php:68
/Users/brianweaver/repos/terminus2/tests/unit_tests/Helpers/TemplateTest.php:73

60) Pantheon\Terminus\UnitTests\Hooks\SiteEnvLookupTest::testEnsureSiteEnvInjected with data set #0 (array('command: example:op', 'site_env: site-from-config.dev', 'list: [a, b]'), array('program', 'example:op', 'a', 'b'), Symfony\Component\Console\Input\InputDefinition Object (...), array('site-from-config', 'dev'))
PHPUnit\Framework\MockObject\MethodCannotBeConfiguredException: Trying to configure method "someMethod" which cannot be configured because it does not exist, has not been specified, is final, or is static

/Users/brianweaver/repos/terminus2/tests/unit_tests/Hooks/SiteEnvLookupTest.php:109

61) Pantheon\Terminus\UnitTests\Hooks\SiteEnvLookupTest::testEnsureSiteEnvInjected with data set #1 (array('command: example:op', 'site_env: othersite.test', 'list: [a, b]'), array('program', 'example:op', 'othersite.test', 'a', 'b'), Symfony\Component\Console\Input\InputDefinition Object (...), array('site-from-config', 'dev'))
PHPUnit\Framework\MockObject\MethodCannotBeConfiguredException: Trying to configure method "someMethod" which cannot be configured because it does not exist, has not been specified, is final, or is static

/Users/brianweaver/repos/terminus2/tests/unit_tests/Hooks/SiteEnvLookupTest.php:109

62) Pantheon\Terminus\UnitTests\Hooks\SiteEnvLookupTest::testEnsureSiteEnvInjected with data set #2 (array('command: example:op', 'site_env: a', 'list: [b]'), array('program', 'example:op', 'a', 'b'), Symfony\Component\Console\Input\InputDefinition Object (...), array())
PHPUnit\Framework\MockObject\MethodCannotBeConfiguredException: Trying to configure method "someMethod" which cannot be configured because it does not exist, has not been specified, is final, or is static

/Users/brianweaver/repos/terminus2/tests/unit_tests/Hooks/SiteEnvLookupTest.php:109

63) Pantheon\Terminus\UnitTests\Hooks\SiteEnvLookupTest::testEnsureSiteEnvInjected with data set #3 (array('command: example:op', 'site_env: site-from-config.dev', 'item: a'), array('program', 'example:op', 'a'), Symfony\Component\Console\Input\InputDefinition Object (...), array('site-from-config', 'dev'))
PHPUnit\Framework\MockObject\MethodCannotBeConfiguredException: Trying to configure method "someMethod" which cannot be configured because it does not exist, has not been specified, is final, or is static

/Users/brianweaver/repos/terminus2/tests/unit_tests/Hooks/SiteEnvLookupTest.php:109

64) Pantheon\Terminus\UnitTests\Hooks\SiteEnvLookupTest::testEnsureSiteEnvInjected with data set #4 (array('command: example:op', 'site_env: othersite.test', 'item: a'), array('program', 'example:op', 'othersite.test', 'a'), Symfony\Component\Console\Input\InputDefinition Object (...), array('site-from-config', 'dev'))
PHPUnit\Framework\MockObject\MethodCannotBeConfiguredException: Trying to configure method "someMethod" which cannot be configured because it does not exist, has not been specified, is final, or is static

/Users/brianweaver/repos/terminus2/tests/unit_tests/Hooks/SiteEnvLookupTest.php:109

65) Pantheon\Terminus\UnitTests\Hooks\SiteEnvLookupTest::testEnsureSiteEnvInjected with data set #5 (array('command: example:op', 'site_env: a', 'item: EMPTY'), array('program', 'example:op', 'a'), Symfony\Component\Console\Input\InputDefinition Object (...), array())
PHPUnit\Framework\MockObject\MethodCannotBeConfiguredException: Trying to configure method "someMethod" which cannot be configured because it does not exist, has not been specified, is final, or is static

/Users/brianweaver/repos/terminus2/tests/unit_tests/Hooks/SiteEnvLookupTest.php:109

66) Pantheon\Terminus\UnitTests\Hooks\SiteEnvLookupTest::testEnsureSiteEnvInjected with data set #6 (array('command: example:op', 'site: site-from-config', 'item: a'), array('program', 'example:op', 'a'), Symfony\Component\Console\Input\InputDefinition Object (...), array('site-from-config', 'dev'))
PHPUnit\Framework\MockObject\MethodCannotBeConfiguredException: Trying to configure method "someMethod" which cannot be configured because it does not exist, has not been specified, is final, or is static

/Users/brianweaver/repos/terminus2/tests/unit_tests/Hooks/SiteEnvLookupTest.php:109

67) Pantheon\Terminus\UnitTests\Hooks\SiteEnvLookupTest::testEnsureSiteEnvInjected with data set #7 (array('command: example:op', 'site: othersite', 'item: a'), array('program', 'example:op', 'othersite', 'a'), Symfony\Component\Console\Input\InputDefinition Object (...), array('site-from-config', 'dev'))
PHPUnit\Framework\MockObject\MethodCannotBeConfiguredException: Trying to configure method "someMethod" which cannot be configured because it does not exist, has not been specified, is final, or is static

/Users/brianweaver/repos/terminus2/tests/unit_tests/Hooks/SiteEnvLookupTest.php:109

68) Pantheon\Terminus\UnitTests\Hooks\SiteEnvLookupTest::testEnsureSiteEnvInjected with data set #8 (array('command: example:op', 'site: EMPTY', 'item: a'), array('program', 'example:op', 'a'), Symfony\Component\Console\Input\InputDefinition Object (...), array())
PHPUnit\Framework\MockObject\MethodCannotBeConfiguredException: Trying to configure method "someMethod" which cannot be configured because it does not exist, has not been specified, is final, or is static

/Users/brianweaver/repos/terminus2/tests/unit_tests/Hooks/SiteEnvLookupTest.php:109

69) Pantheon\Terminus\UnitTests\Hooks\SiteEnvLookupTest::testInjectSiteFromRepoUrlLookup
PHPUnit\Framework\MockObject\MethodCannotBeConfiguredException: Trying to configure method "someMethod" which cannot be configured because it does not exist, has not been specified, is final, or is static

/Users/brianweaver/repos/terminus2/tests/unit_tests/Hooks/SiteEnvLookupTest.php:109

70) Pantheon\Terminus\UnitTests\Models\BackupTest::testGetArchiveURL
PHPUnit\Framework\MockObject\IncompatibleReturnValueException: Method request may not return value of type array, its declared return type is "Pantheon\Terminus\Request\RequestOperationResult"

/Users/brianweaver/repos/terminus2/tests/unit_tests/Models/BackupTest.php:52

71) Pantheon\Terminus\UnitTests\Models\BindingTest::testGetUsernameWithLegacy
PHPUnit\Framework\MockObject\MethodCannotBeConfiguredException: Trying to configure method "getSite" which cannot be configured because it does not exist, has not been specified, is final, or is static

/Users/brianweaver/repos/terminus2/tests/unit_tests/Models/BindingTest.php:34

72) Pantheon\Terminus\UnitTests\Models\BindingTest::testGetUsernameWithoutLegacy
PHPUnit\Framework\MockObject\MethodCannotBeConfiguredException: Trying to configure method "getSite" which cannot be configured because it does not exist, has not been specified, is final, or is static

/Users/brianweaver/repos/terminus2/tests/unit_tests/Models/BindingTest.php:34

73) Pantheon\Terminus\UnitTests\Models\DomainTest::testGetDNSRecords
Error: Call to undefined method Mock_Container_3890a90b::inflect()

/Users/brianweaver/repos/terminus2/src/Models/Domain.php:72
/Users/brianweaver/repos/terminus2/tests/unit_tests/Models/DomainTest.php:126

74) Pantheon\Terminus\UnitTests\Models\EnvironmentTest::testApplyUpstreamUpdates
Error: Call to a member function request() on null

/Users/brianweaver/repos/terminus2/src/Collections/Workflows.php:95
/Users/brianweaver/repos/terminus2/src/Models/Environment.php:76
/Users/brianweaver/repos/terminus2/tests/unit_tests/Models/EnvironmentTest.php:1180
/Users/brianweaver/repos/terminus2/tests/unit_tests/Models/EnvironmentTest.php:91

75) Pantheon\Terminus\UnitTests\Models\EnvironmentTest::testCacheserverConnectionInfo
Error: Call to a member function request() on null

/Users/brianweaver/repos/terminus2/src/Collections/APICollection.php:104
/Users/brianweaver/repos/terminus2/src/Collections/APICollection.php:87
/Users/brianweaver/repos/terminus2/src/Collections/APICollection.php:31
/Users/brianweaver/repos/terminus2/src/Collections/TerminusCollection.php:90
/Users/brianweaver/repos/terminus2/src/Collections/TerminusCollection.php:78
/Users/brianweaver/repos/terminus2/src/Collections/Bindings.php:33
/Users/brianweaver/repos/terminus2/src/Models/Environment.php:86
/Users/brianweaver/repos/terminus2/tests/unit_tests/Models/EnvironmentTest.php:143

76) Pantheon\Terminus\UnitTests\Models\EnvironmentTest::testCacheserverConnectionInfoEmpty
Error: Call to a member function request() on null

/Users/brianweaver/repos/terminus2/src/Collections/APICollection.php:104
/Users/brianweaver/repos/terminus2/src/Collections/APICollection.php:87
/Users/brianweaver/repos/terminus2/src/Collections/APICollection.php:31
/Users/brianweaver/repos/terminus2/src/Collections/TerminusCollection.php:90
/Users/brianweaver/repos/terminus2/src/Collections/TerminusCollection.php:78
/Users/brianweaver/repos/terminus2/src/Collections/Bindings.php:33
/Users/brianweaver/repos/terminus2/src/Models/Environment.php:86
/Users/brianweaver/repos/terminus2/tests/unit_tests/Models/EnvironmentTest.php:156

77) Pantheon\Terminus\UnitTests\Models\EnvironmentTest::testChangeConnectionModeToGit
Error: Call to a member function request() on null

/Users/brianweaver/repos/terminus2/src/Collections/Workflows.php:95
/Users/brianweaver/repos/terminus2/src/Models/Environment.php:135
/Users/brianweaver/repos/terminus2/tests/unit_tests/Models/EnvironmentTest.php:1180
/Users/brianweaver/repos/terminus2/tests/unit_tests/Models/EnvironmentTest.php:167

78) Pantheon\Terminus\UnitTests\Models\EnvironmentTest::testChangeConnectionModeToSFTP
Error: Call to a member function request() on null

/Users/brianweaver/repos/terminus2/src/Collections/Workflows.php:95
/Users/brianweaver/repos/terminus2/src/Models/Environment.php:135
/Users/brianweaver/repos/terminus2/tests/unit_tests/Models/EnvironmentTest.php:1180
/Users/brianweaver/repos/terminus2/tests/unit_tests/Models/EnvironmentTest.php:178

79) Pantheon\Terminus\UnitTests\Models\EnvironmentTest::testClearCache
Error: Call to a member function request() on null

/Users/brianweaver/repos/terminus2/src/Collections/Workflows.php:95
/Users/brianweaver/repos/terminus2/src/Models/Environment.php:145
/Users/brianweaver/repos/terminus2/tests/unit_tests/Models/EnvironmentTest.php:1180
/Users/brianweaver/repos/terminus2/tests/unit_tests/Models/EnvironmentTest.php:204

80) Pantheon\Terminus\UnitTests\Models\EnvironmentTest::testCloneDatabase
Error: Call to a member function request() on null

/Users/brianweaver/repos/terminus2/src/Collections/Workflows.php:95
/Users/brianweaver/repos/terminus2/src/Models/Environment.php:163
/Users/brianweaver/repos/terminus2/tests/unit_tests/Models/EnvironmentTest.php:1180
/Users/brianweaver/repos/terminus2/tests/unit_tests/Models/EnvironmentTest.php:214

81) Pantheon\Terminus\UnitTests\Models\EnvironmentTest::testCloneFiles
Error: Call to a member function request() on null

/Users/brianweaver/repos/terminus2/src/Collections/Workflows.php:95
/Users/brianweaver/repos/terminus2/src/Models/Environment.php:175
/Users/brianweaver/repos/terminus2/tests/unit_tests/Models/EnvironmentTest.php:1180
/Users/brianweaver/repos/terminus2/tests/unit_tests/Models/EnvironmentTest.php:230

82) Pantheon\Terminus\UnitTests\Models\EnvironmentTest::testCommitChanges
Error: Call to a member function request() on null

/Users/brianweaver/repos/terminus2/src/Collections/Workflows.php:95
/Users/brianweaver/repos/terminus2/src/Models/Environment.php:199
/Users/brianweaver/repos/terminus2/tests/unit_tests/Models/EnvironmentTest.php:266

83) Pantheon\Terminus\UnitTests\Models\EnvironmentTest::testConnectionInfo
Error: Call to a member function request() on null

/Users/brianweaver/repos/terminus2/src/Collections/APICollection.php:104
/Users/brianweaver/repos/terminus2/src/Collections/APICollection.php:87
/Users/brianweaver/repos/terminus2/src/Collections/APICollection.php:31
/Users/brianweaver/repos/terminus2/src/Collections/TerminusCollection.php:90
/Users/brianweaver/repos/terminus2/src/Collections/TerminusCollection.php:78
/Users/brianweaver/repos/terminus2/src/Collections/Bindings.php:33
/Users/brianweaver/repos/terminus2/src/Models/Environment.php:289
/Users/brianweaver/repos/terminus2/src/Models/Environment.php:210
/Users/brianweaver/repos/terminus2/tests/unit_tests/Models/EnvironmentTest.php:363

84) Pantheon\Terminus\UnitTests\Models\EnvironmentTest::testDatabaseConnectionInfo
Error: Call to a member function request() on null

/Users/brianweaver/repos/terminus2/src/Collections/APICollection.php:104
/Users/brianweaver/repos/terminus2/src/Collections/APICollection.php:87
/Users/brianweaver/repos/terminus2/src/Collections/APICollection.php:31
/Users/brianweaver/repos/terminus2/src/Collections/TerminusCollection.php:90
/Users/brianweaver/repos/terminus2/src/Collections/TerminusCollection.php:78
/Users/brianweaver/repos/terminus2/src/Collections/Bindings.php:33
/Users/brianweaver/repos/terminus2/src/Models/Environment.php:289
/Users/brianweaver/repos/terminus2/tests/unit_tests/Models/EnvironmentTest.php:461

85) Pantheon\Terminus\UnitTests\Models\EnvironmentTest::testDatabaseConnectionInfoEmpty
Error: Call to a member function request() on null

/Users/brianweaver/repos/terminus2/src/Collections/APICollection.php:104
/Users/brianweaver/repos/terminus2/src/Collections/APICollection.php:87
/Users/brianweaver/repos/terminus2/src/Collections/APICollection.php:31
/Users/brianweaver/repos/terminus2/src/Collections/TerminusCollection.php:90
/Users/brianweaver/repos/terminus2/src/Collections/TerminusCollection.php:78
/Users/brianweaver/repos/terminus2/src/Collections/Bindings.php:33
/Users/brianweaver/repos/terminus2/src/Models/Environment.php:289
/Users/brianweaver/repos/terminus2/tests/unit_tests/Models/EnvironmentTest.php:474

86) Pantheon\Terminus\UnitTests\Models\EnvironmentTest::testDeploy
Error: Call to a member function request() on null

/Users/brianweaver/repos/terminus2/src/Collections/Workflows.php:95
/Users/brianweaver/repos/terminus2/src/Models/Environment.php:344
/Users/brianweaver/repos/terminus2/tests/unit_tests/Models/EnvironmentTest.php:1180
/Users/brianweaver/repos/terminus2/tests/unit_tests/Models/EnvironmentTest.php:517

87) Pantheon\Terminus\UnitTests\Models\EnvironmentTest::testDiffstat
PHPUnit\Framework\MockObject\IncompatibleReturnValueException: Method request may not return value of type array, its declared return type is "Pantheon\Terminus\Request\RequestOperationResult"

/Users/brianweaver/repos/terminus2/tests/unit_tests/Models/EnvironmentTest.php:530

88) Pantheon\Terminus\UnitTests\Models\EnvironmentTest::testDisableHttpsCertificate
PHPUnit\Framework\MockObject\IncompatibleReturnValueException: Method request may not return value of type array, its declared return type is "Pantheon\Terminus\Request\RequestOperationResult"

/Users/brianweaver/repos/terminus2/tests/unit_tests/Models/EnvironmentTest.php:543

89) Pantheon\Terminus\UnitTests\Models\EnvironmentTest::testDisableHttpsCertificateNotEnabled
PHPUnit\Framework\MockObject\IncompatibleReturnValueException: Method request may not return value of type array, its declared return type is "Pantheon\Terminus\Request\RequestOperationResult"

/Users/brianweaver/repos/terminus2/tests/unit_tests/Models/EnvironmentTest.php:562

90) Pantheon\Terminus\UnitTests\Models\EnvironmentTest::testGetDrushVersion
PHPUnit\Framework\MockObject\IncompatibleReturnValueException: Method request may not return value of type array, its declared return type is "Pantheon\Terminus\Request\RequestOperationResult"

/Users/brianweaver/repos/terminus2/tests/unit_tests/Models/EnvironmentTest.php:609

91) Pantheon\Terminus\UnitTests\Models\EnvironmentTest::testImportDatabase
Error: Call to a member function request() on null

/Users/brianweaver/repos/terminus2/src/Collections/Workflows.php:95
/Users/brianweaver/repos/terminus2/src/Models/Environment.php:640
/Users/brianweaver/repos/terminus2/tests/unit_tests/Models/EnvironmentTest.php:1180
/Users/brianweaver/repos/terminus2/tests/unit_tests/Models/EnvironmentTest.php:672

92) Pantheon\Terminus\UnitTests\Models\EnvironmentTest::testImport
Error: Call to a member function request() on null

/Users/brianweaver/repos/terminus2/src/Collections/Workflows.php:95
/Users/brianweaver/repos/terminus2/src/Models/Environment.php:656
/Users/brianweaver/repos/terminus2/tests/unit_tests/Models/EnvironmentTest.php:1180
/Users/brianweaver/repos/terminus2/tests/unit_tests/Models/EnvironmentTest.php:684

93) Pantheon\Terminus\UnitTests\Models\EnvironmentTest::testImportFiles
Error: Call to a member function request() on null

/Users/brianweaver/repos/terminus2/src/Collections/Workflows.php:95
/Users/brianweaver/repos/terminus2/src/Models/Environment.php:674
/Users/brianweaver/repos/terminus2/tests/unit_tests/Models/EnvironmentTest.php:1180
/Users/brianweaver/repos/terminus2/tests/unit_tests/Models/EnvironmentTest.php:695

94) Pantheon\Terminus\UnitTests\Models\EnvironmentTest::testInitializeBindings
Error: Call to a member function request() on null

/Users/brianweaver/repos/terminus2/src/Collections/Workflows.php:95
/Users/brianweaver/repos/terminus2/src/Models/Environment.php:706
/Users/brianweaver/repos/terminus2/tests/unit_tests/Models/EnvironmentTest.php:1180
/Users/brianweaver/repos/terminus2/tests/unit_tests/Models/EnvironmentTest.php:719

95) Pantheon\Terminus\UnitTests\Models\EnvironmentTest::testMergeFromDev
Error: Call to a member function request() on null

/Users/brianweaver/repos/terminus2/src/Collections/Workflows.php:95
/Users/brianweaver/repos/terminus2/src/Models/Environment.php:766
/Users/brianweaver/repos/terminus2/tests/unit_tests/Models/EnvironmentTest.php:1180
/Users/brianweaver/repos/terminus2/tests/unit_tests/Models/EnvironmentTest.php:825

96) Pantheon\Terminus\UnitTests\Models\EnvironmentTest::testMergeToDev
Error: Call to a member function request() on null

/Users/brianweaver/repos/terminus2/src/Collections/Workflows.php:95
/Users/brianweaver/repos/terminus2/src/Models/Environment.php:786
/Users/brianweaver/repos/terminus2/tests/unit_tests/Models/EnvironmentTest.php:1180
/Users/brianweaver/repos/terminus2/tests/unit_tests/Models/EnvironmentTest.php:849

97) Pantheon\Terminus\UnitTests\Models\EnvironmentTest::testSetHttpsCertificate
PHPUnit\Framework\MockObject\IncompatibleReturnValueException: Method request may not return value of type array, its declared return type is "Pantheon\Terminus\Request\RequestOperationResult"

/Users/brianweaver/repos/terminus2/tests/unit_tests/Models/EnvironmentTest.php:942

98) Pantheon\Terminus\UnitTests\Models\EnvironmentTest::testWake
PHPUnit\Framework\MockObject\IncompatibleReturnValueException: Method request may not return value of type array, its declared return type is "Pantheon\Terminus\Request\RequestOperationResult"

/Users/brianweaver/repos/terminus2/tests/unit_tests/Models/EnvironmentTest.php:1022

99) Pantheon\Terminus\UnitTests\Models\EnvironmentTest::testWipe
Error: Call to a member function request() on null

/Users/brianweaver/repos/terminus2/src/Collections/Workflows.php:95
/Users/brianweaver/repos/terminus2/src/Models/Environment.php:893
/Users/brianweaver/repos/terminus2/tests/unit_tests/Models/EnvironmentTest.php:1180
/Users/brianweaver/repos/terminus2/tests/unit_tests/Models/EnvironmentTest.php:1033

100) Pantheon\Terminus\UnitTests\Models\MachineTokenTest::testDelete
PHPUnit\Framework\MockObject\IncompatibleReturnValueException: Method request may not return value of type array, its declared return type is "Pantheon\Terminus\Request\RequestOperationResult"

/Users/brianweaver/repos/terminus2/tests/unit_tests/Models/MachineTokenTest.php:44

101) Pantheon\Terminus\UnitTests\Models\MachineTokenTest::testDeleteFail
PHPUnit\Framework\MockObject\IncompatibleReturnValueException: Method request may not return value of type array, its declared return type is "Pantheon\Terminus\Request\RequestOperationResult"

/Users/brianweaver/repos/terminus2/tests/unit_tests/Models/MachineTokenTest.php:56

102) Pantheon\Terminus\UnitTests\Models\NewRelicTest::testSerialize
PHPUnit\Framework\MockObject\IncompatibleReturnValueException: Method request may not return value of type array, its declared return type is "Pantheon\Terminus\Request\RequestOperationResult"

/Users/brianweaver/repos/terminus2/tests/unit_tests/Models/NewRelicTest.php:124

103) Pantheon\Terminus\UnitTests\Models\NewRelicTest::testSerializeNoName
PHPUnit\Framework\MockObject\IncompatibleReturnValueException: Method request may not return value of type array, its declared return type is "Pantheon\Terminus\Request\RequestOperationResult"

/Users/brianweaver/repos/terminus2/tests/unit_tests/Models/NewRelicTest.php:141

104) Pantheon\Terminus\UnitTests\Models\OrganizationTest::testGetFeature
PHPUnit\Framework\MockObject\IncompatibleReturnValueException: Method request may not return value of type array, its declared return type is "Pantheon\Terminus\Request\RequestOperationResult"

/Users/brianweaver/repos/terminus2/tests/unit_tests/Models/OrganizationTest.php:68

105) Pantheon\Terminus\UnitTests\Models\OrganizationTest::testGetLabel
Error: Call to undefined method Mock_Container_3890a90b::inflect()

/Users/brianweaver/repos/terminus2/src/Friends/ProfileTrait.php:25
/Users/brianweaver/repos/terminus2/src/Models/Organization.php:88
/Users/brianweaver/repos/terminus2/tests/unit_tests/Models/OrganizationTest.php:93

106) Pantheon\Terminus\UnitTests\Models\OrganizationTest::testGetName
Error: Call to undefined method Mock_Container_3890a90b::inflect()

/Users/brianweaver/repos/terminus2/src/Friends/ProfileTrait.php:25
/Users/brianweaver/repos/terminus2/src/Models/Organization.php:98
/Users/brianweaver/repos/terminus2/tests/unit_tests/Models/OrganizationTest.php:111

107) Pantheon\Terminus\UnitTests\Models\OrganizationTest::testGetReferences
Error: Call to undefined method Mock_Container_3890a90b::inflect()

/Users/brianweaver/repos/terminus2/src/Friends/ProfileTrait.php:25
/Users/brianweaver/repos/terminus2/src/Models/Organization.php:98
/Users/brianweaver/repos/terminus2/src/Models/Organization.php:177
/Users/brianweaver/repos/terminus2/src/Models/Organization.php:106
/Users/brianweaver/repos/terminus2/tests/unit_tests/Models/OrganizationTest.php:138

108) Pantheon\Terminus\UnitTests\Models\OrganizationTest::testSerialize
Error: Call to undefined method Mock_Container_3890a90b::inflect()

/Users/brianweaver/repos/terminus2/src/Friends/ProfileTrait.php:25
/Users/brianweaver/repos/terminus2/src/Models/Organization.php:98
/Users/brianweaver/repos/terminus2/src/Models/Organization.php:177
/Users/brianweaver/repos/terminus2/tests/unit_tests/Models/OrganizationTest.php:240

109) Pantheon\Terminus\UnitTests\Models\OrganizationTest::testToString
Error: Call to undefined method Mock_Container_3890a90b::inflect()

/Users/brianweaver/repos/terminus2/src/Friends/ProfileTrait.php:25
/Users/brianweaver/repos/terminus2/src/Models/Organization.php:88
/Users/brianweaver/repos/terminus2/src/Models/Organization.php:60
/Users/brianweaver/repos/terminus2/tests/unit_tests/Models/OrganizationTest.php:261

110) Pantheon\Terminus\UnitTests\Models\OrganizationUserMembershipTest::testDelete
Error: Call to undefined method Mock_Container_3890a90b::inflect()

/Users/brianweaver/repos/terminus2/src/Friends/UserJoinTrait.php:33
/Users/brianweaver/repos/terminus2/src/Models/OrganizationUserMembership.php:36
/Users/brianweaver/repos/terminus2/tests/unit_tests/Models/OrganizationUserMembershipTest.php:100

111) Pantheon\Terminus\UnitTests\Models\OrganizationUserMembershipTest::testGetReferences
Error: Call to undefined method Mock_Container_3890a90b::inflect()

/Users/brianweaver/repos/terminus2/src/Friends/UserJoinTrait.php:33
/Users/brianweaver/repos/terminus2/src/Friends/UserJoinTrait.php:23
/Users/brianweaver/repos/terminus2/tests/unit_tests/Models/OrganizationUserMembershipTest.php:125

112) Pantheon\Terminus\UnitTests\Models\OrganizationUserMembershipTest::testGetUser
Error: Call to undefined method Mock_Container_3890a90b::inflect()

/Users/brianweaver/repos/terminus2/src/Friends/UserJoinTrait.php:33
/Users/brianweaver/repos/terminus2/tests/unit_tests/Models/OrganizationUserMembershipTest.php:135

113) Pantheon\Terminus\UnitTests\Models\OrganizationUserMembershipTest::testSerialize
Error: Call to undefined method Mock_Container_3890a90b::inflect()

/Users/brianweaver/repos/terminus2/src/Friends/UserJoinTrait.php:33
/Users/brianweaver/repos/terminus2/src/Models/OrganizationUserMembership.php:45
/Users/brianweaver/repos/terminus2/tests/unit_tests/Models/OrganizationUserMembershipTest.php:158

114) Pantheon\Terminus\UnitTests\Models\OrganizationUserMembershipTest::testSetRole
Error: Call to undefined method Mock_Container_3890a90b::inflect()

/Users/brianweaver/repos/terminus2/src/Friends/UserJoinTrait.php:33
/Users/brianweaver/repos/terminus2/src/Models/OrganizationUserMembership.php:58
/Users/brianweaver/repos/terminus2/tests/unit_tests/Models/OrganizationUserMembershipTest.php:182

115) Pantheon\Terminus\UnitTests\Models\SSHKeyTest::testDelete
PHPUnit\Framework\MockObject\IncompatibleReturnValueException: Method request may not return value of type array, its declared return type is "Pantheon\Terminus\Request\RequestOperationResult"

/Users/brianweaver/repos/terminus2/tests/unit_tests/Models/SSHKeyTest.php:64

116) Pantheon\Terminus\UnitTests\Models\SSHKeyTest::testDeleteFail
PHPUnit\Framework\MockObject\IncompatibleReturnValueException: Method request may not return value of type array, its declared return type is "Pantheon\Terminus\Request\RequestOperationResult"

/Users/brianweaver/repos/terminus2/tests/unit_tests/Models/SSHKeyTest.php:75

117) Pantheon\Terminus\UnitTests\Models\SavedTokenTest::testLogIn
PHPUnit\Framework\MockObject\IncompatibleReturnValueException: Method request may not return value of type array, its declared return type is "Pantheon\Terminus\Request\RequestOperationResult"

/Users/brianweaver/repos/terminus2/tests/unit_tests/Models/SavedTokenTest.php:58

118) Pantheon\Terminus\UnitTests\Models\SiteOrganizationMembershipTest::testGetOrganization
Error: Call to undefined method Mock_Container_3890a90b::inflect()

/Users/brianweaver/repos/terminus2/src/Friends/OrganizationJoinTrait.php:33
/Users/brianweaver/repos/terminus2/tests/unit_tests/Models/SiteOrganizationMembershipTest.php:103

119) Pantheon\Terminus\UnitTests\Models\SiteOrganizationMembershipTest::testGetReferences
Error: Call to undefined method Mock_Container_3890a90b::inflect()

/Users/brianweaver/repos/terminus2/src/Friends/OrganizationJoinTrait.php:33
/Users/brianweaver/repos/terminus2/src/Friends/OrganizationJoinTrait.php:23
/Users/brianweaver/repos/terminus2/tests/unit_tests/Models/SiteOrganizationMembershipTest.php:119

120) Pantheon\Terminus\UnitTests\Models\SiteOrganizationMembershipTest::testSerialize
Error: Call to undefined method Mock_Container_3890a90b::inflect()

/Users/brianweaver/repos/terminus2/src/Friends/OrganizationJoinTrait.php:33
/Users/brianweaver/repos/terminus2/src/Models/SiteOrganizationMembership.php:44
/Users/brianweaver/repos/terminus2/tests/unit_tests/Models/SiteOrganizationMembershipTest.php:157

121) Pantheon\Terminus\UnitTests\Models\SiteTest::testAddPaymentMethod
Error: Call to a member function request() on null

/Users/brianweaver/repos/terminus2/src/Collections/Workflows.php:95
/Users/brianweaver/repos/terminus2/src/Models/Site.php:101
/Users/brianweaver/repos/terminus2/tests/unit_tests/Models/SiteTest.php:175

122) Pantheon\Terminus\UnitTests\Models\SiteTest::testCompleteMigration
Error: Call to a member function request() on null

/Users/brianweaver/repos/terminus2/src/Collections/Workflows.php:95
/Users/brianweaver/repos/terminus2/src/Models/Site.php:111
/Users/brianweaver/repos/terminus2/tests/unit_tests/Models/SiteTest.php:189

123) Pantheon\Terminus\UnitTests\Models\SiteTest::testDelete
Error: Call to a member function request() on null

/Users/brianweaver/repos/terminus2/src/Collections/Workflows.php:95
/Users/brianweaver/repos/terminus2/src/Models/Site.php:133
/Users/brianweaver/repos/terminus2/tests/unit_tests/Models/SiteTest.php:215

124) Pantheon\Terminus\UnitTests\Models\SiteTest::testDeployProduct
Error: Call to a member function request() on null

/Users/brianweaver/repos/terminus2/src/Collections/Workflows.php:95
/Users/brianweaver/repos/terminus2/src/Models/Site.php:144
/Users/brianweaver/repos/terminus2/tests/unit_tests/Models/SiteTest.php:234

125) Pantheon\Terminus\UnitTests\Models\SiteTest::testSetUpstream
Error: Call to a member function request() on null

/Users/brianweaver/repos/terminus2/src/Collections/Workflows.php:95
/Users/brianweaver/repos/terminus2/src/Models/Site.php:464
/Users/brianweaver/repos/terminus2/tests/unit_tests/Models/SiteTest.php:253

126) Pantheon\Terminus\UnitTests\Models\SiteTest::testFetch
PHPUnit\Framework\MockObject\IncompatibleReturnValueException: Method request may not return value of type array, its declared return type is "Pantheon\Terminus\Request\RequestOperationResult"

/Users/brianweaver/repos/terminus2/tests/unit_tests/Models/SiteTest.php:271

127) Pantheon\Terminus\UnitTests\Models\SiteTest::testGetFeature
PHPUnit\Framework\MockObject\IncompatibleReturnValueException: Method request may not return value of type array, its declared return type is "Pantheon\Terminus\Request\RequestOperationResult"

/Users/brianweaver/repos/terminus2/tests/unit_tests/Models/SiteTest.php:349

128) Pantheon\Terminus\UnitTests\Models\SiteTest::testGetFeatureDNE
PHPUnit\Framework\MockObject\IncompatibleReturnValueException: Method request may not return value of type array, its declared return type is "Pantheon\Terminus\Request\RequestOperationResult"

/Users/brianweaver/repos/terminus2/tests/unit_tests/Models/SiteTest.php:365

129) Pantheon\Terminus\UnitTests\Models\SiteTest::testGetPlan
TypeError: property_exists(): Argument #1 ($object_or_class) must be of type object|string, array given

/Users/brianweaver/repos/terminus2/src/Models/Plan.php:27
/Users/brianweaver/repos/terminus2/vendor/league/container/src/Definition/Definition.php:256
/Users/brianweaver/repos/terminus2/vendor/league/container/src/Definition/Definition.php:212
/Users/brianweaver/repos/terminus2/vendor/league/container/src/Definition/DefinitionAggregate.php:94
/Users/brianweaver/repos/terminus2/vendor/league/container/src/Container.php:157
/Users/brianweaver/repos/terminus2/src/Models/Site.php:274
/Users/brianweaver/repos/terminus2/tests/unit_tests/Models/SiteTest.php:393

130) Pantheon\Terminus\UnitTests\Models\SiteTest::testGetPlans
TypeError: Pantheon\Terminus\Collections\TerminusCollection::__construct(): Argument #1 ($options) must be of type array, null given, called in /Users/brianweaver/repos/terminus2/src/Collections/SiteOwnedCollection.php on line 23

/Users/brianweaver/repos/terminus2/src/Collections/TerminusCollection.php:40
/Users/brianweaver/repos/terminus2/src/Collections/SiteOwnedCollection.php:23
/Users/brianweaver/repos/terminus2/vendor/league/container/src/Definition/Definition.php:256
/Users/brianweaver/repos/terminus2/vendor/league/container/src/Definition/Definition.php:212
/Users/brianweaver/repos/terminus2/vendor/league/container/src/Definition/DefinitionAggregate.php:94
/Users/brianweaver/repos/terminus2/vendor/league/container/src/Container.php:157
/Users/brianweaver/repos/terminus2/src/Models/Site.php:288
/Users/brianweaver/repos/terminus2/tests/unit_tests/Models/SiteTest.php:402

131) Pantheon\Terminus\UnitTests\Models\SiteTest::testRemovePaymentMethod
Error: Call to a member function request() on null

/Users/brianweaver/repos/terminus2/src/Collections/Workflows.php:95
/Users/brianweaver/repos/terminus2/src/Models/Site.php:406
/Users/brianweaver/repos/terminus2/tests/unit_tests/Models/SiteTest.php:484

132) Pantheon\Terminus\UnitTests\Models\SiteTest::testSerialize
PHPUnit\Framework\MockObject\IncompatibleReturnValueException: Method request may not return value of type array, its declared return type is "Pantheon\Terminus\Request\RequestOperationResult"

/Users/brianweaver/repos/terminus2/tests/unit_tests/Models/SiteTest.php:536

133) Pantheon\Terminus\UnitTests\Models\SiteTest::testSetOwner
Error: Call to a member function request() on null

/Users/brianweaver/repos/terminus2/src/Collections/Workflows.php:95
/Users/brianweaver/repos/terminus2/src/Models/Site.php:453
/Users/brianweaver/repos/terminus2/tests/unit_tests/Models/SiteTest.php:563

134) Pantheon\Terminus\UnitTests\Models\SiteTest::testUpdateServiceLevel
Error: Call to a member function request() on null

/Users/brianweaver/repos/terminus2/src/Collections/Workflows.php:95
/Users/brianweaver/repos/terminus2/src/Models/Site.php:479
/Users/brianweaver/repos/terminus2/tests/unit_tests/Models/SiteTest.php:646

135) Pantheon\Terminus\UnitTests\Models\SiteUserMembershipTest::testDelete
Error: Call to undefined method Mock_Container_3890a90b::inflect()

/Users/brianweaver/repos/terminus2/src/Friends/UserJoinTrait.php:33
/Users/brianweaver/repos/terminus2/src/Models/SiteUserMembership.php:33
/Users/brianweaver/repos/terminus2/tests/unit_tests/Models/SiteUserMembershipTest.php:91

136) Pantheon\Terminus\UnitTests\Models\SiteUserMembershipTest::testGetReferences
Error: Call to undefined method Mock_Container_3890a90b::inflect()

/Users/brianweaver/repos/terminus2/src/Friends/UserJoinTrait.php:33
/Users/brianweaver/repos/terminus2/src/Friends/UserJoinTrait.php:23
/Users/brianweaver/repos/terminus2/tests/unit_tests/Models/SiteUserMembershipTest.php:106

137) Pantheon\Terminus\UnitTests\Models\SiteUserMembershipTest::testIsNotOwner
Error: Call to undefined method Mock_Container_3890a90b::inflect()

/Users/brianweaver/repos/terminus2/src/Friends/UserJoinTrait.php:33
/Users/brianweaver/repos/terminus2/src/Models/SiteUserMembership.php:44
/Users/brianweaver/repos/terminus2/tests/unit_tests/Models/SiteUserMembershipTest.php:122

138) Pantheon\Terminus\UnitTests\Models\SiteUserMembershipTest::testIsOwner
Error: Call to undefined method Mock_Container_3890a90b::inflect()

/Users/brianweaver/repos/terminus2/src/Friends/UserJoinTrait.php:33
/Users/brianweaver/repos/terminus2/src/Models/SiteUserMembership.php:44
/Users/brianweaver/repos/terminus2/tests/unit_tests/Models/SiteUserMembershipTest.php:137

139) Pantheon\Terminus\UnitTests\Models\SiteUserMembershipTest::testSerialize
Error: Call to undefined method Mock_Container_3890a90b::inflect()

/Users/brianweaver/repos/terminus2/src/Friends/UserJoinTrait.php:33
/Users/brianweaver/repos/terminus2/src/Models/SiteUserMembership.php:52
/Users/brianweaver/repos/terminus2/tests/unit_tests/Models/SiteUserMembershipTest.php:157

140) Pantheon\Terminus\UnitTests\Models\SiteUserMembershipTest::testSetRole
Error: Call to undefined method Mock_Container_3890a90b::inflect()

/Users/brianweaver/repos/terminus2/src/Friends/UserJoinTrait.php:33
/Users/brianweaver/repos/terminus2/src/Models/SiteUserMembership.php:69
/Users/brianweaver/repos/terminus2/tests/unit_tests/Models/SiteUserMembershipTest.php:177

141) Pantheon\Terminus\UnitTests\Models\TerminusModelTest::testFetch
PHPUnit\Framework\MockObject\IncompatibleReturnValueException: Method request may not return value of type array, its declared return type is "Pantheon\Terminus\Request\RequestOperationResult"

/Users/brianweaver/repos/terminus2/tests/unit_tests/Models/TerminusModelTest.php:47

142) Pantheon\Terminus\UnitTests\Models\UpstreamStatusTest::testGetStatusCurrent
PHPUnit\Framework\MockObject\IncompatibleReturnValueException: Method request may not return value of type array, its declared return type is "Pantheon\Terminus\Request\RequestOperationResult"

/Users/brianweaver/repos/terminus2/tests/unit_tests/Models/UpstreamStatusTest.php:214
/Users/brianweaver/repos/terminus2/tests/unit_tests/Models/UpstreamStatusTest.php:188
/Users/brianweaver/repos/terminus2/tests/unit_tests/Models/UpstreamStatusTest.php:62

143) Pantheon\Terminus\UnitTests\Models\UpstreamStatusTest::testGetStatusCurrentBecauseNoCode
PHPUnit\Framework\MockObject\IncompatibleReturnValueException: Method request may not return value of type array, its declared return type is "Pantheon\Terminus\Request\RequestOperationResult"

/Users/brianweaver/repos/terminus2/tests/unit_tests/Models/UpstreamStatusTest.php:214
/Users/brianweaver/repos/terminus2/tests/unit_tests/Models/UpstreamStatusTest.php:71

144) Pantheon\Terminus\UnitTests\Models\UpstreamStatusTest::testGetStatusOutdated
PHPUnit\Framework\MockObject\IncompatibleReturnValueException: Method request may not return value of type array, its declared return type is "Pantheon\Terminus\Request\RequestOperationResult"

/Users/brianweaver/repos/terminus2/tests/unit_tests/Models/UpstreamStatusTest.php:214
/Users/brianweaver/repos/terminus2/tests/unit_tests/Models/UpstreamStatusTest.php:179
/Users/brianweaver/repos/terminus2/tests/unit_tests/Models/UpstreamStatusTest.php:80

145) Pantheon\Terminus\UnitTests\Models\UpstreamStatusTest::testGetUpdates
PHPUnit\Framework\MockObject\IncompatibleReturnValueException: Method request may not return value of type array, its declared return type is "Pantheon\Terminus\Request\RequestOperationResult"

/Users/brianweaver/repos/terminus2/tests/unit_tests/Models/UpstreamStatusTest.php:214
/Users/brianweaver/repos/terminus2/tests/unit_tests/Models/UpstreamStatusTest.php:90

146) Pantheon\Terminus\UnitTests\Models\UpstreamStatusTest::testHasNoUpdates
PHPUnit\Framework\MockObject\IncompatibleReturnValueException: Method request may not return value of type array, its declared return type is "Pantheon\Terminus\Request\RequestOperationResult"

/Users/brianweaver/repos/terminus2/tests/unit_tests/Models/UpstreamStatusTest.php:214
/Users/brianweaver/repos/terminus2/tests/unit_tests/Models/UpstreamStatusTest.php:111

147) Pantheon\Terminus\UnitTests\Models\UpstreamStatusTest::testHasUpdates
PHPUnit\Framework\MockObject\IncompatibleReturnValueException: Method request may not return value of type array, its declared return type is "Pantheon\Terminus\Request\RequestOperationResult"

/Users/brianweaver/repos/terminus2/tests/unit_tests/Models/UpstreamStatusTest.php:214
/Users/brianweaver/repos/terminus2/tests/unit_tests/Models/UpstreamStatusTest.php:128

148) Pantheon\Terminus\UnitTests\Models\UpstreamStatusTest::testHasUpdatesFromParent
PHPUnit\Framework\MockObject\IncompatibleReturnValueException: Method request may not return value of type array, its declared return type is "Pantheon\Terminus\Request\RequestOperationResult"

/Users/brianweaver/repos/terminus2/tests/unit_tests/Models/UpstreamStatusTest.php:214
/Users/brianweaver/repos/terminus2/tests/unit_tests/Models/UpstreamStatusTest.php:148

149) Pantheon\Terminus\UnitTests\Models\UpstreamStatusTest::testHasNoUpdatesDev
PHPUnit\Framework\MockObject\IncompatibleReturnValueException: Method request may not return value of type array, its declared return type is "Pantheon\Terminus\Request\RequestOperationResult"

/Users/brianweaver/repos/terminus2/tests/unit_tests/Models/UpstreamStatusTest.php:214
/Users/brianweaver/repos/terminus2/tests/unit_tests/Models/UpstreamStatusTest.php:188
/Users/brianweaver/repos/terminus2/tests/unit_tests/Models/UpstreamStatusTest.php:160

150) Pantheon\Terminus\UnitTests\Models\UpstreamStatusTest::testHasUpdatesDev
PHPUnit\Framework\MockObject\IncompatibleReturnValueException: Method request may not return value of type array, its declared return type is "Pantheon\Terminus\Request\RequestOperationResult"

/Users/brianweaver/repos/terminus2/tests/unit_tests/Models/UpstreamStatusTest.php:214
/Users/brianweaver/repos/terminus2/tests/unit_tests/Models/UpstreamStatusTest.php:179
/Users/brianweaver/repos/terminus2/tests/unit_tests/Models/UpstreamStatusTest.php:169

151) Pantheon\Terminus\UnitTests\Models\UserOrganizationMembershipTest::testGetOrganization
Error: Call to undefined method Mock_Container_3890a90b::inflect()

/Users/brianweaver/repos/terminus2/src/Friends/OrganizationJoinTrait.php:33
/Users/brianweaver/repos/terminus2/tests/unit_tests/Models/UserOrganizationMembershipTest.php:59

152) Pantheon\Terminus\UnitTests\Models\UserOrganizationMembershipTest::testGetReferences
Error: Call to undefined method Mock_Container_3890a90b::inflect()

/Users/brianweaver/repos/terminus2/src/Friends/OrganizationJoinTrait.php:33
/Users/brianweaver/repos/terminus2/src/Friends/OrganizationJoinTrait.php:23
/Users/brianweaver/repos/terminus2/tests/unit_tests/Models/UserOrganizationMembershipTest.php:75

153) Pantheon\Terminus\UnitTests\Models\UserTest::testDashboardUrl
PHPUnit\Framework\InvalidParameterGroupException: Parameter group #0 must be an array or Traversable, got object

/Users/brianweaver/repos/terminus2/tests/unit_tests/Models/UserTest.php:82

154) Pantheon\Terminus\UnitTests\Models\UserTest::testGetAliases
PHPUnit\Framework\MockObject\IncompatibleReturnValueException: Method request may not return value of type array, its declared return type is "Pantheon\Terminus\Request\RequestOperationResult"

/Users/brianweaver/repos/terminus2/tests/unit_tests/Models/UserTest.php:105

155) Pantheon\Terminus\UnitTests\Models\UserTest::testGetName
Error: Call to undefined method Mock_Container_3890a90b::inflect()

/Users/brianweaver/repos/terminus2/src/Friends/ProfileTrait.php:25
/Users/brianweaver/repos/terminus2/src/Models/User.php:129
/Users/brianweaver/repos/terminus2/tests/unit_tests/Models/UserTest.php:131

156) Pantheon\Terminus\UnitTests\Models\UserTest::testGetReferences
Error: Call to undefined method Mock_Container_3890a90b::inflect()

/Users/brianweaver/repos/terminus2/src/Friends/ProfileTrait.php:25
/Users/brianweaver/repos/terminus2/src/Models/User.php:129
/Users/brianweaver/repos/terminus2/src/Models/User.php:166
/Users/brianweaver/repos/terminus2/tests/unit_tests/Models/UserTest.php:152

157) Pantheon\Terminus\UnitTests\Models\UserTest::testSerialize
Error: Call to undefined method Mock_Container_3890a90b::inflect()

/Users/brianweaver/repos/terminus2/src/Friends/ProfileTrait.php:25
/Users/brianweaver/repos/terminus2/src/Models/User.php:232
/Users/brianweaver/repos/terminus2/tests/unit_tests/Models/UserTest.php:214

158) Pantheon\Terminus\UnitTests\Plugins\PluginAutoloadTest::testDirectMethodCalls
Error: Class "Pantheon\Terminus\Plugins\PluginAutoloadDependencies" not found

/Users/brianweaver/repos/terminus2/tests/unit_tests/Plugins/PluginAutoloadTest.php:37

159) Pantheon\Terminus\UnitTests\Plugins\PluginAutoloadTest::testAutoload with data set #0 ('invalid-no-composer-json', 'src/NullCommand.php', null)
Error: Class "Pantheon\Terminus\Plugins\PluginAutoloadDependencies" not found

/Users/brianweaver/repos/terminus2/tests/unit_tests/Plugins/PluginAutoloadTest.php:37

160) Pantheon\Terminus\UnitTests\Plugins\PluginAutoloadTest::testAutoload with data set #1 ('with-autoload', 'src/Commands/OptionalCommandG...nd.php', 'vendor/autoload.php')
Error: Class "Pantheon\Terminus\Plugins\PluginAutoloadDependencies" not found

/Users/brianweaver/repos/terminus2/tests/unit_tests/Plugins/PluginAutoloadTest.php:37

161) Pantheon\Terminus\UnitTests\Plugins\PluginAutoloadTest::testAutoload with data set #2 ('with-dependencies', 'src/Commands/OptionalCommandG...nd.php', 'vendor/autoload.php')
Error: Class "Pantheon\Terminus\Plugins\PluginAutoloadDependencies" not found

/Users/brianweaver/repos/terminus2/tests/unit_tests/Plugins/PluginAutoloadTest.php:37

162) Pantheon\Terminus\UnitTests\Plugins\PluginAutoloadTest::testMissingTerminusComposerData
Error: Class "Pantheon\Terminus\Plugins\PluginAutoloadDependencies" not found

/Users/brianweaver/repos/terminus2/tests/unit_tests/Plugins/PluginAutoloadTest.php:37

163) Pantheon\Terminus\UnitTests\Plugins\PluginAutoloadTest::testPluginWithConflictingDependency
Error: Class "Pantheon\Terminus\Plugins\PluginAutoloadDependencies" not found

/Users/brianweaver/repos/terminus2/tests/unit_tests/Plugins/PluginAutoloadTest.php:37

164) Pantheon\Terminus\UnitTests\Plugins\PluginAutoloadTest::testPluginWithConflictingNestedDependency
Error: Class "Pantheon\Terminus\Plugins\PluginAutoloadDependencies" not found

/Users/brianweaver/repos/terminus2/tests/unit_tests/Plugins/PluginAutoloadTest.php:37

165) Pantheon\Terminus\UnitTests\Request\RequestTest::testDownload
Error: Call to undefined method Pantheon\Terminus\UnitTests\Request\RequestTest::getMock()

/Users/brianweaver/repos/terminus2/tests/unit_tests/Request/RequestTest.php:89

166) Pantheon\Terminus\UnitTests\Request\RequestTest::testDownloadPathExists
Error: Call to undefined method Pantheon\Terminus\UnitTests\Request\RequestTest::getMock()

/Users/brianweaver/repos/terminus2/tests/unit_tests/Request/RequestTest.php:89

167) Pantheon\Terminus\UnitTests\Request\RequestTest::testDownloadTargetDirectory
Error: Call to undefined method Pantheon\Terminus\UnitTests\Request\RequestTest::getMock()

/Users/brianweaver/repos/terminus2/tests/unit_tests/Request/RequestTest.php:89

168) Pantheon\Terminus\UnitTests\Request\RequestTest::testRequest
Error: Call to undefined method Pantheon\Terminus\UnitTests\Request\RequestTest::getMock()

/Users/brianweaver/repos/terminus2/tests/unit_tests/Request/RequestTest.php:89

169) Pantheon\Terminus\UnitTests\Request\RequestTest::testRequestRetryFails
Error: Call to undefined method Pantheon\Terminus\UnitTests\Request\RequestTest::getMock()

/Users/brianweaver/repos/terminus2/tests/unit_tests/Request/RequestTest.php:89

170) Pantheon\Terminus\UnitTests\Request\RequestTest::testRequestDontRetry
Error: Call to undefined method Pantheon\Terminus\UnitTests\Request\RequestTest::getMock()

/Users/brianweaver/repos/terminus2/tests/unit_tests/Request/RequestTest.php:89

171) Pantheon\Terminus\UnitTests\Request\RequestTest::testRequestRetrySucceeds
Error: Call to undefined method Pantheon\Terminus\UnitTests\Request\RequestTest::getMock()

/Users/brianweaver/repos/terminus2/tests/unit_tests/Request/RequestTest.php:89

172) Pantheon\Terminus\UnitTests\Request\RequestTest::testRequestAuth
Error: Call to undefined method Pantheon\Terminus\UnitTests\Request\RequestTest::getMock()

/Users/brianweaver/repos/terminus2/tests/unit_tests/Request/RequestTest.php:89

173) Pantheon\Terminus\UnitTests\Request\RequestTest::testRequestFullPath
Error: Call to undefined method Pantheon\Terminus\UnitTests\Request\RequestTest::getMock()

/Users/brianweaver/repos/terminus2/tests/unit_tests/Request/RequestTest.php:89

174) Pantheon\Terminus\UnitTests\Request\RequestTest::testRequestHostCert
Error: Call to undefined method Pantheon\Terminus\UnitTests\Request\RequestTest::getMock()

/Users/brianweaver/repos/terminus2/tests/unit_tests/Request/RequestTest.php:89

175) Pantheon\Terminus\UnitTests\Request\RequestTest::testRequestNoVerify
Error: Call to undefined method Pantheon\Terminus\UnitTests\Request\RequestTest::getMock()

/Users/brianweaver/repos/terminus2/tests/unit_tests/Request/RequestTest.php:89

176) Pantheon\Terminus\UnitTests\Request\RequestTest::testRequestWithQuery
Error: Call to undefined method Pantheon\Terminus\UnitTests\Request\RequestTest::getMock()

/Users/brianweaver/repos/terminus2/tests/unit_tests/Request/RequestTest.php:89

177) Pantheon\Terminus\UnitTests\Request\RequestTest::testPagedRequestWhenSecondQueryEmpty
Error: Call to undefined method Pantheon\Terminus\UnitTests\Request\RequestTest::getMock()

/Users/brianweaver/repos/terminus2/tests/unit_tests/Request/RequestTest.php:89

178) Pantheon\Terminus\UnitTests\Request\RequestTest::testPagedRequestWhenSecondQueryNotFull
Error: Call to undefined method Pantheon\Terminus\UnitTests\Request\RequestTest::getMock()

/Users/brianweaver/repos/terminus2/tests/unit_tests/Request/RequestTest.php:89

179) Pantheon\Terminus\UnitTests\Request\RequestTest::testPagedRequestWhenSecondQueryRepeats
Error: Call to undefined method Pantheon\Terminus\UnitTests\Request\RequestTest::getMock()

/Users/brianweaver/repos/terminus2/tests/unit_tests/Request/RequestTest.php:89

--

There were 17 warnings:

1) Pantheon\Terminus\UnitTests\Collections\BackupsTest::testCancelBackupSchedule
The at() matcher has been deprecated. It will be removed in PHPUnit 10. Please refactor your test to not rely on the order in which methods are invoked.

2) Pantheon\Terminus\UnitTests\Collections\SSHKeysTest::testAddKey
The at() matcher has been deprecated. It will be removed in PHPUnit 10. Please refactor your test to not rely on the order in which methods are invoked.

3) Pantheon\Terminus\UnitTests\Collections\SSHKeysTest::testDeleteAll
The at() matcher has been deprecated. It will be removed in PHPUnit 10. Please refactor your test to not rely on the order in which methods are invoked.

4) Pantheon\Terminus\UnitTests\Commands\Env\CloneContentCommandTest::testCloneSelf
The at() matcher has been deprecated. It will be removed in PHPUnit 10. Please refactor your test to not rely on the order in which methods are invoked.

5) Pantheon\Terminus\UnitTests\Commands\Env\DeployCommandTest::testDeploySyncFromUninitialized
The at() matcher has been deprecated. It will be removed in PHPUnit 10. Please refactor your test to not rely on the order in which methods are invoked.

6) Pantheon\Terminus\UnitTests\Commands\Env\DiffStatCommandTest::testDiffStatEmpty
The at() matcher has been deprecated. It will be removed in PHPUnit 10. Please refactor your test to not rely on the order in which methods are invoked.

7) Pantheon\Terminus\UnitTests\Commands\Env\WakeCommandTest::testWakeEnv
The at() matcher has been deprecated. It will be removed in PHPUnit 10. Please refactor your test to not rely on the order in which methods are invoked.

8) Pantheon\Terminus\UnitTests\Commands\Site\Org\ListCommandTest::testListOrgsNone
The at() matcher has been deprecated. It will be removed in PHPUnit 10. Please refactor your test to not rely on the order in which methods are invoked.

9) Pantheon\Terminus\UnitTests\Commands\Site\Upstream\SetCommandTest::testSetFailure
The at() matcher has been deprecated. It will be removed in PHPUnit 10. Please refactor your test to not rely on the order in which methods are invoked.

10) Pantheon\Terminus\UnitTests\Commands\Workflow\Info\LogsCommandTest::testLatestLogsCommand
The at() matcher has been deprecated. It will be removed in PHPUnit 10. Please refactor your test to not rely on the order in which methods are invoked.

11) Pantheon\Terminus\UnitTests\Commands\Workflow\Info\LogsCommandTest::testWorkflowIDLogsCommand
The at() matcher has been deprecated. It will be removed in PHPUnit 10. Please refactor your test to not rely on the order in which methods are invoked.

12) Pantheon\Terminus\UnitTests\Commands\Workflow\Info\LogsCommandTest::testLatestNoOperations
The at() matcher has been deprecated. It will be removed in PHPUnit 10. Please refactor your test to not rely on the order in which methods are invoked.

13) Pantheon\Terminus\UnitTests\Commands\Workflow\Info\LogsCommandTest::testLatestNoLogs
The at() matcher has been deprecated. It will be removed in PHPUnit 10. Please refactor your test to not rely on the order in which methods are invoked.

14) Pantheon\Terminus\UnitTests\Commands\Workflow\Info\OperationsCommandTest::testWorkflowNoOperations
The at() matcher has been deprecated. It will be removed in PHPUnit 10. Please refactor your test to not rely on the order in which methods are invoked.

15) Pantheon\Terminus\UnitTests\Commands\Workflow\WatchCommandTest::testWatch
The at() matcher has been deprecated. It will be removed in PHPUnit 10. Please refactor your test to not rely on the order in which methods are invoked.

16) Pantheon\Terminus\UnitTests\Models\WorkflowTest::testCheckProgressFailure
The at() matcher has been deprecated. It will be removed in PHPUnit 10. Please refactor your test to not rely on the order in which methods are invoked.

17) Pantheon\Terminus\UnitTests\Models\WorkflowTest::testFetchWithLogs
The at() matcher has been deprecated. It will be removed in PHPUnit 10. Please refactor your test to not rely on the order in which methods are invoked.

--

There were 104 failures:

1) Pantheon\Terminus\UnitTests\Collections\DomainsTest::testCreate
Failed asserting that Mock_RequestOperationResult_9b2954ea Object &000000001f838af300000000249d98e0 (
    'data' => null
    'headers' => Array &0 ()
    'status_code' => -1
    '__phpunit_originalObject' => null
    '__phpunit_returnValueGeneration' => true
    '__phpunit_invocationMocker' => PHPUnit\Framework\MockObject\InvocationHandler Object &000000001f838af100000000249d98e0 (
        'matchers' => Array &1 ()
        'matcherMap' => Array &2 ()
        'configurableMethods' => Array &3 (
            0 => PHPUnit\Framework\MockObject\ConfigurableMethod Object &000000001f83949500000000249d98e0 (
                'name' => 'getStatusCodeReason'
                'returnType' => SebastianBergmann\Type\SimpleType Object &000000001f83949900000000249d98e0 (
                    'name' => 'string'
                    'allowsNull' => false
                    'value' => null
                )
            )
            1 => PHPUnit\Framework\MockObject\ConfigurableMethod Object &000000001f83940b00000000249d98e0 (
                'name' => 'setStatusCodeReason'
                'returnType' => SebastianBergmann\Type\VoidType Object &000000001f83949f00000000249d98e0 ()
            )
            2 => PHPUnit\Framework\MockObject\ConfigurableMethod Object &000000001f83949600000000249d98e0 (
                'name' => 'offsetExists'
                'returnType' => SebastianBergmann\Type\UnknownType Object &000000001f83949e00000000249d98e0 ()
            )
            3 => PHPUnit\Framework\MockObject\ConfigurableMethod Object &000000001f83949700000000249d98e0 (
                'name' => 'offsetGet'
                'returnType' => SebastianBergmann\Type\UnknownType Object &000000001f83949c00000000249d98e0 ()
            )
            4 => PHPUnit\Framework\MockObject\ConfigurableMethod Object &000000001f83949000000000249d98e0 (
                'name' => 'offsetSet'
                'returnType' => SebastianBergmann\Type\UnknownType Object &000000001f8394a200000000249d98e0 ()
            )
            5 => PHPUnit\Framework\MockObject\ConfigurableMethod Object &000000001f83949100000000249d98e0 (
                'name' => 'offsetUnset'
                'returnType' => SebastianBergmann\Type\UnknownType Object &000000001f8394a000000000249d98e0 ()
            )
            6 => PHPUnit\Framework\MockObject\ConfigurableMethod Object &000000001f83970b00000000249d98e0 (
                'name' => '__toString'
                'returnType' => SebastianBergmann\Type\SimpleType Object &000000001f8394a500000000249d98e0 (
                    'name' => 'string'
                    'allowsNull' => false
                    'value' => null
                )
            )
            7 => PHPUnit\Framework\MockObject\ConfigurableMethod Object &000000001f83963d00000000249d98e0 (
                'name' => 'getData'
                'returnType' => SebastianBergmann\Type\UnknownType Object &000000001f8394a400000000249d98e0 ()
            )
            8 => PHPUnit\Framework\MockObject\ConfigurableMethod Object &000000001f83971500000000249d98e0 (
                'name' => 'setData'
                'returnType' => SebastianBergmann\Type\VoidType Object &000000001f8394a900000000249d98e0 ()
            )
            9 => PHPUnit\Framework\MockObject\ConfigurableMethod Object &000000001f83963600000000249d98e0 (
                'name' => 'getHeaders'
                'returnType' => SebastianBergmann\Type\SimpleType Object &000000001f8394af00000000249d98e0 (
                    'name' => 'array'
                    'allowsNull' => false
                    'value' => null
                )
            )
            10 => PHPUnit\Framework\MockObject\ConfigurableMethod Object &000000001f83963400000000249d98e0 (
                'name' => 'setHeaders'
                'returnType' => SebastianBergmann\Type\VoidType Object &000000001f8394ad00000000249d98e0 ()
            )
            11 => PHPUnit\Framework\MockObject\ConfigurableMethod Object &000000001f83963700000000249d98e0 (
                'name' => 'getStatusCode'
                'returnType' => SebastianBergmann\Type\SimpleType Object &000000001f8394b300000000249d98e0 (
                    'name' => 'int'
                    'allowsNull' => false
                    'value' => null
                )
            )
            12 => PHPUnit\Framework\MockObject\ConfigurableMethod Object &000000001f83973400000000249d98e0 (
                'name' => 'setStatusCode'
                'returnType' => SebastianBergmann\Type\VoidType Object &000000001f8394b100000000249d98e0 ()
            )
            13 => PHPUnit\Framework\MockObject\ConfigurableMethod Object &000000001f8395d000000000249d98e0 (
                'name' => 'isError'
                'returnType' => SebastianBergmann\Type\SimpleType Object &000000001f8394b700000000249d98e0 (
                    'name' => 'bool'
                    'allowsNull' => false
                    'value' => null
                )
            )
            14 => PHPUnit\Framework\MockObject\ConfigurableMethod Object &000000001f83940000000000249d98e0 (
                'name' => 'isSuccess'
                'returnType' => SebastianBergmann\Type\SimpleType Object &000000001f8394b500000000249d98e0 (
                    'name' => 'bool'
                    'allowsNull' => false
                    'value' => null
                )
            )
        )
        'returnValueGeneration' => true
        'deferredError' => null
    )
) is null.

/Users/brianweaver/repos/terminus2/tests/unit_tests/Collections/DomainsTest.php:82

2) Pantheon\Terminus\UnitTests\Collections\SitesTest::testGetWhenDNE
Failed asserting that exception of type "Error" matches expected exception "Pantheon\Terminus\Exceptions\TerminusException". Message was: "Call to undefined method Mock_Container_3890a90b::inflect()" at
/Users/brianweaver/repos/terminus2/src/Collections/Sites.php:194
/Users/brianweaver/repos/terminus2/tests/unit_tests/Collections/SitesTest.php:343
.

3) Pantheon\Terminus\UnitTests\Commands\AliasesCommandTest::testAliasesPrint
League\Container\Container::get('Pantheon\Terminus\Commands\Al...1eab39', false) was not expected to be called.

/Users/brianweaver/repos/terminus2/src/Commands/AliasesCommand.php:99
/Users/brianweaver/repos/terminus2/src/Commands/AliasesCommand.php:65
/Users/brianweaver/repos/terminus2/tests/unit_tests/Commands/AliasesCommandTest.php:198

4) Pantheon\Terminus\UnitTests\Commands\Backup\CreateCommandTest::testCreateBackup
Expectation failed for method name is "get" when invoked zero or more times
Parameter 0 for invocation League\Container\Container::get('Pantheon\Terminus\Commands\Wo...1f2332', false) does not match expected value.
Failed asserting that two strings are equal.
--- Expected
+++ Actual
@@ @@
-'Pantheon\Terminus\ProgressBars\WorkflowProgressBar'
+'Pantheon\Terminus\Commands\WorkflowProcessingTrait::processWorkflow-61316111f2332'

/Users/brianweaver/repos/terminus2/src/Commands/WorkflowProcessingTrait.php:24
/Users/brianweaver/repos/terminus2/src/Commands/Backup/CreateCommand.php:39
/Users/brianweaver/repos/terminus2/tests/unit_tests/Commands/Backup/CreateCommandTest.php:52

5) Pantheon\Terminus\UnitTests\Commands\Backup\CreateCommandTest::testCreateBackupWithKeepFor
Expectation failed for method name is "get" when invoked zero or more times
Parameter 0 for invocation League\Container\Container::get('Pantheon\Terminus\Commands\Wo...1f2819', false) does not match expected value.
Failed asserting that two strings are equal.
--- Expected
+++ Actual
@@ @@
-'Pantheon\Terminus\ProgressBars\WorkflowProgressBar'
+'Pantheon\Terminus\Commands\WorkflowProcessingTrait::processWorkflow-61316111f2819'

/Users/brianweaver/repos/terminus2/src/Commands/WorkflowProcessingTrait.php:24
/Users/brianweaver/repos/terminus2/src/Commands/Backup/CreateCommand.php:39
/Users/brianweaver/repos/terminus2/tests/unit_tests/Commands/Backup/CreateCommandTest.php:77

6) Pantheon\Terminus\UnitTests\Commands\Backup\CreateCommandTest::testCreateBackupElement
Expectation failed for method name is "get" when invoked zero or more times
Parameter 0 for invocation League\Container\Container::get('Pantheon\Terminus\Commands\Wo...1f2b6f', false) does not match expected value.
Failed asserting that two strings are equal.
--- Expected
+++ Actual
@@ @@
-'Pantheon\Terminus\ProgressBars\WorkflowProgressBar'
+'Pantheon\Terminus\Commands\WorkflowProcessingTrait::processWorkflow-61316111f2b6f'

/Users/brianweaver/repos/terminus2/src/Commands/WorkflowProcessingTrait.php:24
/Users/brianweaver/repos/terminus2/src/Commands/Backup/CreateCommand.php:39
/Users/brianweaver/repos/terminus2/tests/unit_tests/Commands/Backup/CreateCommandTest.php:102

7) Pantheon\Terminus\UnitTests\Commands\Backup\CreateCommandTest::testCreateBackupElementWithKeepFor
Expectation failed for method name is "get" when invoked zero or more times
Parameter 0 for invocation League\Container\Container::get('Pantheon\Terminus\Commands\Wo...1f2e9e', false) does not match expected value.
Failed asserting that two strings are equal.
--- Expected
+++ Actual
@@ @@
-'Pantheon\Terminus\ProgressBars\WorkflowProgressBar'
+'Pantheon\Terminus\Commands\WorkflowProcessingTrait::processWorkflow-61316111f2e9e'

/Users/brianweaver/repos/terminus2/src/Commands/WorkflowProcessingTrait.php:24
/Users/brianweaver/repos/terminus2/src/Commands/Backup/CreateCommand.php:39
/Users/brianweaver/repos/terminus2/tests/unit_tests/Commands/Backup/CreateCommandTest.php:127

8) Pantheon\Terminus\UnitTests\Commands\Connection\SetCommandTest::testConnectionSetSuccess
Expectation failed for method name is "get" when invoked zero or more times
Parameter 0 for invocation League\Container\Container::get('Pantheon\Terminus\Commands\Wo...204a15', false) does not match expected value.
Failed asserting that two strings are equal.
--- Expected
+++ Actual
@@ @@
-'Pantheon\Terminus\ProgressBars\WorkflowProgressBar'
+'Pantheon\Terminus\Commands\WorkflowProcessingTrait::processWorkflow-6131611204a15'

/Users/brianweaver/repos/terminus2/src/Commands/WorkflowProcessingTrait.php:24
/Users/brianweaver/repos/terminus2/src/Commands/Connection/SetCommand.php:73
/Users/brianweaver/repos/terminus2/tests/unit_tests/Commands/Connection/SetCommandTest.php:71

9) Pantheon\Terminus\UnitTests\Commands\Connection\SetCommandTest::testConnectionSetWithUncommittedChanges
Expectation failed for method name is "get" when invoked zero or more times
Parameter 0 for invocation League\Container\Container::get('Pantheon\Terminus\Commands\Wo...205543', false) does not match expected value.
Failed asserting that two strings are equal.
--- Expected
+++ Actual
@@ @@
-'Pantheon\Terminus\ProgressBars\WorkflowProgressBar'
+'Pantheon\Terminus\Commands\WorkflowProcessingTrait::processWorkflow-6131611205543'

/Users/brianweaver/repos/terminus2/src/Commands/WorkflowProcessingTrait.php:24
/Users/brianweaver/repos/terminus2/src/Commands/Connection/SetCommand.php:73
/Users/brianweaver/repos/terminus2/tests/unit_tests/Commands/Connection/SetCommandTest.php:164

10) Pantheon\Terminus\UnitTests\Commands\Domain\AddCommandTest::testAdd
Expectation failed for method name is "log" when invoked 1 time(s)
Parameter 2 for invocation Psr\Log\NullLogger::log('notice', 'Added {domain} to {site}.{env}', Array (...)) does not match expected value.
Failed asserting that two arrays are equal.
--- Expected
+++ Actual
@@ @@
 Array (
     'domain' => 'some.domain'
     'site' => 'site_name'
-    'env' => 'env_id'
+    'env' => Mock_Environment_2ccc44e7 Object (...)
 )

/Users/brianweaver/repos/terminus2/vendor/psr/log/Psr/Log/AbstractLogger.php:98
/Users/brianweaver/repos/terminus2/src/Commands/Domain/AddCommand.php:51
/Users/brianweaver/repos/terminus2/tests/unit_tests/Commands/Domain/AddCommandTest.php:51

11) Pantheon\Terminus\UnitTests\Commands\Domain\Primary\AddCommandTest::testAdd
Expectation failed for method name is "get" when invoked zero or more times
Parameter 0 for invocation League\Container\Container::get('Pantheon\Terminus\Commands\Wo...209ff5', false) does not match expected value.
Failed asserting that two strings are equal.
--- Expected
+++ Actual
@@ @@
-'Pantheon\Terminus\ProgressBars\WorkflowProgressBar'
+'Pantheon\Terminus\Commands\WorkflowProcessingTrait::processWorkflow-6131611209ff5'

/Users/brianweaver/repos/terminus2/src/Commands/WorkflowProcessingTrait.php:24
/Users/brianweaver/repos/terminus2/src/Commands/Domain/Primary/AddCommand.php:49
/Users/brianweaver/repos/terminus2/tests/unit_tests/Commands/Domain/Primary/AddCommandTest.php:29

12) Pantheon\Terminus\UnitTests\Commands\Domain\Primary\RemoveCommandTest::testRemove
Expectation failed for method name is "get" when invoked zero or more times
Parameter 0 for invocation League\Container\Container::get('Pantheon\Terminus\Commands\Wo...20a841', false) does not match expected value.
Failed asserting that two strings are equal.
--- Expected
+++ Actual
@@ @@
-'Pantheon\Terminus\ProgressBars\WorkflowProgressBar'
+'Pantheon\Terminus\Commands\WorkflowProcessingTrait::processWorkflow-613161120a841'

/Users/brianweaver/repos/terminus2/src/Commands/WorkflowProcessingTrait.php:24
/Users/brianweaver/repos/terminus2/src/Commands/Domain/Primary/RemoveCommand.php:39
/Users/brianweaver/repos/terminus2/tests/unit_tests/Commands/Domain/Primary/RemoveCommandTest.php:24

13) Pantheon\Terminus\UnitTests\Commands\Domain\RemoveCommandTest::testRemove
Expectation failed for method name is "log" when invoked 1 time(s)
Parameter 2 for invocation Psr\Log\NullLogger::log('notice', 'Removed {domain} from {site}.{env}', Array (...)) does not match expected value.
Failed asserting that two arrays are equal.
--- Expected
+++ Actual
@@ @@
 Array (
     'domain' => 'some.domain'
     'site' => 'site_name'
-    'env' => 'env_id'
+    'env' => Mock_Environment_2ccc44e7 Object (...)
 )

/Users/brianweaver/repos/terminus2/vendor/psr/log/Psr/Log/AbstractLogger.php:98
/Users/brianweaver/repos/terminus2/src/Commands/Domain/RemoveCommand.php:51
/Users/brianweaver/repos/terminus2/tests/unit_tests/Commands/Domain/RemoveCommandTest.php:55

14) Pantheon\Terminus\UnitTests\Commands\Env\CloneContentCommandTest::testCloneFiles
Expectation failed for method name is "get" when invoked zero or more times
Parameter 0 for invocation League\Container\Container::get('Pantheon\Terminus\Commands\Wo...20c079', false) does not match expected value.
Failed asserting that two strings are equal.
--- Expected
+++ Actual
@@ @@
-'Pantheon\Terminus\ProgressBars\WorkflowProgressBar'
+'Pantheon\Terminus\Commands\WorkflowProcessingTrait::processWorkflow-613161120c079'

/Users/brianweaver/repos/terminus2/src/Commands/WorkflowProcessingTrait.php:24
/Users/brianweaver/repos/terminus2/src/Commands/Env/CloneContentCommand.php:163
/Users/brianweaver/repos/terminus2/src/Commands/Env/CloneContentCommand.php:140
/Users/brianweaver/repos/terminus2/src/Commands/Env/CloneContentCommand.php:91
/Users/brianweaver/repos/terminus2/tests/unit_tests/Commands/Env/CloneContentCommandTest.php:70

15) Pantheon\Terminus\UnitTests\Commands\Env\CloneContentCommandTest::testCloneDatabase
Expectation failed for method name is "get" when invoked zero or more times
Parameter 0 for invocation League\Container\Container::get('Pantheon\Terminus\Commands\Wo...20c4ad', false) does not match expected value.
Failed asserting that two strings are equal.
--- Expected
+++ Actual
@@ @@
-'Pantheon\Terminus\ProgressBars\WorkflowProgressBar'
+'Pantheon\Terminus\Commands\WorkflowProcessingTrait::processWorkflow-613161120c4ad'

/Users/brianweaver/repos/terminus2/src/Commands/WorkflowProcessingTrait.php:24
/Users/brianweaver/repos/terminus2/src/Commands/Env/CloneContentCommand.php:163
/Users/brianweaver/repos/terminus2/src/Commands/Env/CloneContentCommand.php:131
/Users/brianweaver/repos/terminus2/src/Commands/Env/CloneContentCommand.php:95
/Users/brianweaver/repos/terminus2/tests/unit_tests/Commands/Env/CloneContentCommandTest.php:112

16) Pantheon\Terminus\UnitTests\Commands\Env\CloneContentCommandTest::testCloneAll
Expectation failed for method name is "get" when invoked zero or more times
Parameter 0 for invocation League\Container\Container::get('Pantheon\Terminus\Commands\Wo...20c941', false) does not match expected value.
Failed asserting that two strings are equal.
--- Expected
+++ Actual
@@ @@
-'Pantheon\Terminus\ProgressBars\WorkflowProgressBar'
+'Pantheon\Terminus\Commands\WorkflowProcessingTrait::processWorkflow-613161120c941'

/Users/brianweaver/repos/terminus2/src/Commands/WorkflowProcessingTrait.php:24
/Users/brianweaver/repos/terminus2/src/Commands/Env/CloneContentCommand.php:163
/Users/brianweaver/repos/terminus2/src/Commands/Env/CloneContentCommand.php:140
/Users/brianweaver/repos/terminus2/src/Commands/Env/CloneContentCommand.php:91
/Users/brianweaver/repos/terminus2/tests/unit_tests/Commands/Env/CloneContentCommandTest.php:173

17) Pantheon\Terminus\UnitTests\Commands\Env\CloneContentCommandTest::testCloneFilesToUninitialized
Failed asserting that exception message '{site}'s  environment cannot be cloned into because it has not been initialized. Please run `env:deploy ` to initialize it.' contains 'site-name's dev environment cannot be cloned into because it has not been initialized. Please run `env:deploy site-name.dev` to initialize it.'.

18) Pantheon\Terminus\UnitTests\Commands\Env\CloneContentCommandTest::testCloneFilesFromUninitialized
Failed asserting that exception message '{site}'s  environment cannot be cloned from because it has not been initialized. Please run `env:deploy ` to initialize it.' contains 'site-name's dev environment cannot be cloned from because it has not been initialized. Please run `env:deploy site-name.dev` to initialize it.'.

19) Pantheon\Terminus\UnitTests\Commands\Env\CommitCommandTest::testCommit
Expectation failed for method name is "get" when invoked zero or more times
Parameter 0 for invocation League\Container\Container::get('Pantheon\Terminus\Commands\Wo...20ea28', false) does not match expected value.
Failed asserting that two strings are equal.
--- Expected
+++ Actual
@@ @@
-'Pantheon\Terminus\ProgressBars\WorkflowProgressBar'
+'Pantheon\Terminus\Commands\WorkflowProcessingTrait::processWorkflow-613161120ea28'

/Users/brianweaver/repos/terminus2/src/Commands/WorkflowProcessingTrait.php:24
/Users/brianweaver/repos/terminus2/src/Commands/Env/CommitCommand.php:51
/Users/brianweaver/repos/terminus2/tests/unit_tests/Commands/Env/CommitCommandTest.php:58

20) Pantheon\Terminus\UnitTests\Commands\Env\CommitCommandTest::testCommitForce
Expectation failed for method name is "get" when invoked zero or more times
Parameter 0 for invocation League\Container\Container::get('Pantheon\Terminus\Commands\Wo...20f0d6', false) does not match expected value.
Failed asserting that two strings are equal.
--- Expected
+++ Actual
@@ @@
-'Pantheon\Terminus\ProgressBars\WorkflowProgressBar'
+'Pantheon\Terminus\Commands\WorkflowProcessingTrait::processWorkflow-613161120f0d6'

/Users/brianweaver/repos/terminus2/src/Commands/WorkflowProcessingTrait.php:24
/Users/brianweaver/repos/terminus2/src/Commands/Env/CommitCommand.php:51
/Users/brianweaver/repos/terminus2/tests/unit_tests/Commands/Env/CommitCommandTest.php:108

21) Pantheon\Terminus\UnitTests\Commands\Env\DeployCommandTest::testDeploy
Expectation failed for method name is "get" when invoked zero or more times
Parameter 0 for invocation League\Container\Container::get('Pantheon\Terminus\Commands\Wo...20f914', false) does not match expected value.
Failed asserting that two strings are equal.
--- Expected
+++ Actual
@@ @@
-'Pantheon\Terminus\ProgressBars\WorkflowProgressBar'
+'Pantheon\Terminus\Commands\WorkflowProcessingTrait::processWorkflow-613161120f914'

/Users/brianweaver/repos/terminus2/src/Commands/WorkflowProcessingTrait.php:24
/Users/brianweaver/repos/terminus2/src/Commands/Env/DeployCommand.php:76
/Users/brianweaver/repos/terminus2/tests/unit_tests/Commands/Env/DeployCommandTest.php:61

22) Pantheon\Terminus\UnitTests\Commands\Env\DeployCommandTest::testDeployLive
Expectation failed for method name is "get" when invoked zero or more times
Parameter 0 for invocation League\Container\Container::get('Pantheon\Terminus\Commands\Wo...20ff8d', false) does not match expected value.
Failed asserting that two strings are equal.
--- Expected
+++ Actual
@@ @@
-'Pantheon\Terminus\ProgressBars\WorkflowProgressBar'
+'Pantheon\Terminus\Commands\WorkflowProcessingTrait::processWorkflow-613161120ff8d'

/Users/brianweaver/repos/terminus2/src/Commands/WorkflowProcessingTrait.php:24
/Users/brianweaver/repos/terminus2/src/Commands/Env/DeployCommand.php:76
/Users/brianweaver/repos/terminus2/tests/unit_tests/Commands/Env/DeployCommandTest.php:111

23) Pantheon\Terminus\UnitTests\Commands\Env\DeployCommandTest::testDeployUninitializedWithMessage
Expectation failed for method name is "get" when invoked zero or more times
Parameter 0 for invocation League\Container\Container::get('Pantheon\Terminus\Commands\Wo...21041f', false) does not match expected value.
Failed asserting that two strings are equal.
--- Expected
+++ Actual
@@ @@
-'Pantheon\Terminus\ProgressBars\WorkflowProgressBar'
+'Pantheon\Terminus\Commands\WorkflowProcessingTrait::processWorkflow-613161121041f'

/Users/brianweaver/repos/terminus2/src/Commands/WorkflowProcessingTrait.php:24
/Users/brianweaver/repos/terminus2/src/Commands/Env/DeployCommand.php:76
/Users/brianweaver/repos/terminus2/tests/unit_tests/Commands/Env/DeployCommandTest.php:132

24) Pantheon\Terminus\UnitTests\Commands\Env\DeployCommandTest::testDeployUninitializedWithoutMessage
Expectation failed for method name is "get" when invoked zero or more times
Parameter 0 for invocation League\Container\Container::get('Pantheon\Terminus\Commands\Wo...2107eb', false) does not match expected value.
Failed asserting that two strings are equal.
--- Expected
+++ Actual
@@ @@
-'Pantheon\Terminus\ProgressBars\WorkflowProgressBar'
+'Pantheon\Terminus\Commands\WorkflowProcessingTrait::processWorkflow-61316112107eb'

/Users/brianweaver/repos/terminus2/src/Commands/WorkflowProcessingTrait.php:24
/Users/brianweaver/repos/terminus2/src/Commands/Env/DeployCommand.php:76
/Users/brianweaver/repos/terminus2/tests/unit_tests/Commands/Env/DeployCommandTest.php:151

25) Pantheon\Terminus\UnitTests\Commands\Env\WipeCommandTest::testWipe
Expectation failed for method name is "get" when invoked zero or more times
Parameter 0 for invocation League\Container\Container::get('Pantheon\Terminus\Commands\Wo...214e71', false) does not match expected value.
Failed asserting that two strings are equal.
--- Expected
+++ Actual
@@ @@
-'Pantheon\Terminus\ProgressBars\WorkflowProgressBar'
+'Pantheon\Terminus\Commands\WorkflowProcessingTrait::processWorkflow-6131611214e71'

/Users/brianweaver/repos/terminus2/src/Commands/WorkflowProcessingTrait.php:24
/Users/brianweaver/repos/terminus2/src/Commands/Env/WipeCommand.php:47
/Users/brianweaver/repos/terminus2/tests/unit_tests/Commands/Env/WipeCommandTest.php:65

26) Pantheon\Terminus\UnitTests\HTTPS\RemoveCommandTest::testRemove
Expectation failed for method name is "get" when invoked zero or more times
Parameter 0 for invocation League\Container\Container::get('Pantheon\Terminus\Commands\Wo...21589c', false) does not match expected value.
Failed asserting that two strings are equal.
--- Expected
+++ Actual
@@ @@
-'Pantheon\Terminus\ProgressBars\WorkflowProgressBar'
+'Pantheon\Terminus\Commands\WorkflowProcessingTrait::processWorkflow-613161121589c'

/Users/brianweaver/repos/terminus2/src/Commands/WorkflowProcessingTrait.php:24
/Users/brianweaver/repos/terminus2/src/Commands/HTTPS/RemoveCommand.php:39
/Users/brianweaver/repos/terminus2/tests/unit_tests/Commands/HTTPS/RemoveCommandTest.php:56

27) Pantheon\Terminus\UnitTests\HTTPS\SetCommandTest::testSetFiles
Expectation failed for method name is "get" when invoked zero or more times
Parameter 0 for invocation League\Container\Container::get('Pantheon\Terminus\Commands\Wo...21790d', false) does not match expected value.
Failed asserting that two strings are equal.
--- Expected
+++ Actual
@@ @@
-'Pantheon\Terminus\ProgressBars\WorkflowProgressBar'
+'Pantheon\Terminus\Commands\WorkflowProcessingTrait::processWorkflow-613161121790d'

/Users/brianweaver/repos/terminus2/src/Commands/WorkflowProcessingTrait.php:24
/Users/brianweaver/repos/terminus2/src/Commands/HTTPS/SetCommand.php:55
/Users/brianweaver/repos/terminus2/tests/unit_tests/Commands/HTTPS/SetCommandTest.php:83

28) Pantheon\Terminus\UnitTests\HTTPS\SetCommandTest::testSetValues
Expectation failed for method name is "get" when invoked zero or more times
Parameter 0 for invocation League\Container\Container::get('Pantheon\Terminus\Commands\Wo...217cf5', false) does not match expected value.
Failed asserting that two strings are equal.
--- Expected
+++ Actual
@@ @@
-'Pantheon\Terminus\ProgressBars\WorkflowProgressBar'
+'Pantheon\Terminus\Commands\WorkflowProcessingTrait::processWorkflow-6131611217cf5'

/Users/brianweaver/repos/terminus2/src/Commands/WorkflowProcessingTrait.php:24
/Users/brianweaver/repos/terminus2/src/Commands/HTTPS/SetCommand.php:55
/Users/brianweaver/repos/terminus2/tests/unit_tests/Commands/HTTPS/SetCommandTest.php:95

29) Pantheon\Terminus\UnitTests\Commands\Site\CompleteCommandTest::testSiteImportValidURL
Expectation failed for method name is "get" when invoked zero or more times
Parameter 0 for invocation League\Container\Container::get('Pantheon\Terminus\Commands\Wo...218285', false) does not match expected value.
Failed asserting that two strings are equal.
--- Expected
+++ Actual
@@ @@
-'Pantheon\Terminus\ProgressBars\WorkflowProgressBar'
+'Pantheon\Terminus\Commands\WorkflowProcessingTrait::processWorkflow-6131611218285'

/Users/brianweaver/repos/terminus2/src/Commands/WorkflowProcessingTrait.php:24
/Users/brianweaver/repos/terminus2/src/Commands/Import/CompleteCommand.php:34
/Users/brianweaver/repos/terminus2/tests/unit_tests/Commands/Import/CompleteCommandTest.php:58

30) Pantheon\Terminus\UnitTests\Commands\Import\DatabaseCommandTest::testImportValidURL
Expectation failed for method name is "get" when invoked zero or more times
Parameter 0 for invocation League\Container\Container::get('Pantheon\Terminus\Commands\Wo...2188b2', false) does not match expected value.
Failed asserting that two strings are equal.
--- Expected
+++ Actual
@@ @@
-'Pantheon\Terminus\ProgressBars\WorkflowProgressBar'
+'Pantheon\Terminus\Commands\WorkflowProcessingTrait::processWorkflow-61316112188b2'

/Users/brianweaver/repos/terminus2/src/Commands/WorkflowProcessingTrait.php:24
/Users/brianweaver/repos/terminus2/src/Commands/Import/DatabaseCommand.php:37
/Users/brianweaver/repos/terminus2/tests/unit_tests/Commands/Import/DatabaseCommandTest.php:66

31) Pantheon\Terminus\UnitTests\Commands\Import\FilesCommandTest::testImportValidURL
Expectation failed for method name is "get" when invoked zero or more times
Parameter 0 for invocation League\Container\Container::get('Pantheon\Terminus\Commands\Wo...219131', false) does not match expected value.
Failed asserting that two strings are equal.
--- Expected
+++ Actual
@@ @@
-'Pantheon\Terminus\ProgressBars\WorkflowProgressBar'
+'Pantheon\Terminus\Commands\WorkflowProcessingTrait::processWorkflow-6131611219131'

/Users/brianweaver/repos/terminus2/src/Commands/WorkflowProcessingTrait.php:24
/Users/brianweaver/repos/terminus2/src/Commands/Import/FilesCommand.php:40
/Users/brianweaver/repos/terminus2/tests/unit_tests/Commands/Import/FilesCommandTest.php:72

32) Pantheon\Terminus\UnitTests\Commands\Import\SiteCommandTest::testSiteImportValidURL
Expectation failed for method name is "get" when invoked zero or more times
Parameter 0 for invocation League\Container\Container::get('Pantheon\Terminus\Commands\Wo...2197c9', false) does not match expected value.
Failed asserting that two strings are equal.
--- Expected
+++ Actual
@@ @@
-'Pantheon\Terminus\ProgressBars\WorkflowProgressBar'
+'Pantheon\Terminus\Commands\WorkflowProcessingTrait::processWorkflow-61316112197c9'

/Users/brianweaver/repos/terminus2/src/Commands/WorkflowProcessingTrait.php:24
/Users/brianweaver/repos/terminus2/src/Commands/Import/SiteCommand.php:43
/Users/brianweaver/repos/terminus2/tests/unit_tests/Commands/Import/SiteCommandTest.php:63

33) Pantheon\Terminus\UnitTests\Commands\Import\SiteCommandTest::testSiteImportInvalidURL
Expectation failed for method name is "get" when invoked zero or more times
Parameter 0 for invocation League\Container\Container::get('Pantheon\Terminus\Commands\Wo...219c53', false) does not match expected value.
Failed asserting that two strings are equal.
--- Expected
+++ Actual
@@ @@
-'Pantheon\Terminus\ProgressBars\WorkflowProgressBar'
+'Pantheon\Terminus\Commands\WorkflowProcessingTrait::processWorkflow-6131611219c53'

/Users/brianweaver/repos/terminus2/src/Commands/WorkflowProcessingTrait.php:24
/Users/brianweaver/repos/terminus2/src/Commands/Import/SiteCommand.php:43
/Users/brianweaver/repos/terminus2/tests/unit_tests/Commands/Import/SiteCommandTest.php:88

34) Pantheon\Terminus\UnitTests\Commands\Import\SiteCommandTest::testSiteImportUnspecifiedException
Expectation failed for method name is "get" when invoked zero or more times
Parameter 0 for invocation League\Container\Container::get('Pantheon\Terminus\Commands\Wo...21a28e', false) does not match expected value.
Failed asserting that two strings are equal.
--- Expected
+++ Actual
@@ @@
-'Pantheon\Terminus\ProgressBars\WorkflowProgressBar'
+'Pantheon\Terminus\Commands\WorkflowProcessingTrait::processWorkflow-613161121a28e'

/Users/brianweaver/repos/terminus2/src/Commands/WorkflowProcessingTrait.php:24
/Users/brianweaver/repos/terminus2/src/Commands/Import/SiteCommand.php:43
/Users/brianweaver/repos/terminus2/tests/unit_tests/Commands/Import/SiteCommandTest.php:114

35) Pantheon\Terminus\UnitTests\Commands\Lock\DisableCommandTest::testDisable
Expectation failed for method name is "get" when invoked zero or more times
Parameter 0 for invocation League\Container\Container::get('Pantheon\Terminus\Commands\Wo...21ac89', false) does not match expected value.
Failed asserting that two strings are equal.
--- Expected
+++ Actual
@@ @@
-'Pantheon\Terminus\ProgressBars\WorkflowProgressBar'
+'Pantheon\Terminus\Commands\WorkflowProcessingTrait::processWorkflow-613161121ac89'

/Users/brianweaver/repos/terminus2/src/Commands/WorkflowProcessingTrait.php:24
/Users/brianweaver/repos/terminus2/src/Commands/Lock/DisableCommand.php:33
/Users/brianweaver/repos/terminus2/tests/unit_tests/Commands/Lock/DisableCommandTest.php:57

36) Pantheon\Terminus\UnitTests\Commands\Lock\EnableCommandTest::testEnable
Expectation failed for method name is "get" when invoked zero or more times
Parameter 0 for invocation League\Container\Container::get('Pantheon\Terminus\Commands\Wo...21b27c', false) does not match expected value.
Failed asserting that two strings are equal.
--- Expected
+++ Actual
@@ @@
-'Pantheon\Terminus\ProgressBars\WorkflowProgressBar'
+'Pantheon\Terminus\Commands\WorkflowProcessingTrait::processWorkflow-613161121b27c'

/Users/brianweaver/repos/terminus2/src/Commands/WorkflowProcessingTrait.php:24
/Users/brianweaver/repos/terminus2/src/Commands/Lock/EnableCommand.php:36
/Users/brianweaver/repos/terminus2/tests/unit_tests/Commands/Lock/EnableCommandTest.php:59

37) Pantheon\Terminus\UnitTests\Commands\Multidev\CreateCommandTest::testCreate
Expectation failed for method name is "get" when invoked zero or more times
Parameter 0 for invocation League\Container\Container::get('Pantheon\Terminus\Commands\Wo...21e1a3', false) does not match expected value.
Failed asserting that two strings are equal.
--- Expected
+++ Actual
@@ @@
-'Pantheon\Terminus\ProgressBars\WorkflowProgressBar'
+'Pantheon\Terminus\Commands\WorkflowProcessingTrait::processWorkflow-613161121e1a3'

/Users/brianweaver/repos/terminus2/src/Commands/WorkflowProcessingTrait.php:24
/Users/brianweaver/repos/terminus2/src/Commands/Multidev/CreateCommand.php:57
/Users/brianweaver/repos/terminus2/tests/unit_tests/Commands/Multidev/CreateCommandTest.php:51

38) Pantheon\Terminus\UnitTests\Commands\Multidev\CreateCommandTest::testCreateFailure
Expectation failed for method name is "get" when invoked zero or more times
Parameter 0 for invocation League\Container\Container::get('Pantheon\Terminus\Commands\Wo...21e4f5', false) does not match expected value.
Failed asserting that two strings are equal.
--- Expected
+++ Actual
@@ @@
-'Pantheon\Terminus\ProgressBars\WorkflowProgressBar'
+'Pantheon\Terminus\Commands\WorkflowProcessingTrait::processWorkflow-613161121e4f5'

/Users/brianweaver/repos/terminus2/src/Commands/WorkflowProcessingTrait.php:24
/Users/brianweaver/repos/terminus2/src/Commands/Multidev/CreateCommand.php:57
/Users/brianweaver/repos/terminus2/tests/unit_tests/Commands/Multidev/CreateCommandTest.php:70

39) Pantheon\Terminus\UnitTests\Commands\Multidev\DeleteCommandTest::testMultidevDelete
Expectation failed for method name is "get" when invoked zero or more times
Parameter 0 for invocation League\Container\Container::get('Pantheon\Terminus\Commands\Wo...21ea14', false) does not match expected value.
Failed asserting that two strings are equal.
--- Expected
+++ Actual
@@ @@
-'Pantheon\Terminus\ProgressBars\WorkflowProgressBar'
+'Pantheon\Terminus\Commands\WorkflowProcessingTrait::processWorkflow-613161121ea14'

/Users/brianweaver/repos/terminus2/src/Commands/WorkflowProcessingTrait.php:24
/Users/brianweaver/repos/terminus2/src/Commands/Multidev/DeleteCommand.php:44
/Users/brianweaver/repos/terminus2/tests/unit_tests/Commands/Multidev/DeleteCommandTest.php:55

40) Pantheon\Terminus\UnitTests\Commands\Multidev\DeleteCommandTest::testMultidevDeleteWithBranch
Expectation failed for method name is "get" when invoked zero or more times
Parameter 0 for invocation League\Container\Container::get('Pantheon\Terminus\Commands\Wo...21eeb1', false) does not match expected value.
Failed asserting that two strings are equal.
--- Expected
+++ Actual
@@ @@
-'Pantheon\Terminus\ProgressBars\WorkflowProgressBar'
+'Pantheon\Terminus\Commands\WorkflowProcessingTrait::processWorkflow-613161121eeb1'

/Users/brianweaver/repos/terminus2/src/Commands/WorkflowProcessingTrait.php:24
/Users/brianweaver/repos/terminus2/src/Commands/Multidev/DeleteCommand.php:44
/Users/brianweaver/repos/terminus2/tests/unit_tests/Commands/Multidev/DeleteCommandTest.php:79

41) Pantheon\Terminus\UnitTests\Commands\Multidev\DeleteCommandTest::testMultidevDeleteFailure
Expectation failed for method name is "get" when invoked zero or more times
Parameter 0 for invocation League\Container\Container::get('Pantheon\Terminus\Commands\Wo...21f28b', false) does not match expected value.
Failed asserting that two strings are equal.
--- Expected
+++ Actual
@@ @@
-'Pantheon\Terminus\ProgressBars\WorkflowProgressBar'
+'Pantheon\Terminus\Commands\WorkflowProcessingTrait::processWorkflow-613161121f28b'

/Users/brianweaver/repos/terminus2/src/Commands/WorkflowProcessingTrait.php:24
/Users/brianweaver/repos/terminus2/src/Commands/Multidev/DeleteCommand.php:44
/Users/brianweaver/repos/terminus2/tests/unit_tests/Commands/Multidev/DeleteCommandTest.php:107

42) Pantheon\Terminus\UnitTests\Commands\Multidev\MergeFromDevCommandTest::testMergeFromDev
Expectation failed for method name is "get" when invoked zero or more times
Parameter 0 for invocation League\Container\Container::get('Pantheon\Terminus\Commands\Wo...21fb48', false) does not match expected value.
Failed asserting that two strings are equal.
--- Expected
+++ Actual
@@ @@
-'Pantheon\Terminus\ProgressBars\WorkflowProgressBar'
+'Pantheon\Terminus\Commands\WorkflowProcessingTrait::processWorkflow-613161121fb48'

/Users/brianweaver/repos/terminus2/src/Commands/WorkflowProcessingTrait.php:24
/Users/brianweaver/repos/terminus2/src/Commands/Multidev/MergeFromDevCommand.php:36
/Users/brianweaver/repos/terminus2/tests/unit_tests/Commands/Multidev/MergeFromDevCommandTest.php:50

43) Pantheon\Terminus\UnitTests\Commands\Multidev\MergeFromDevCommandTest::testMergeFromDevWithUpdateDB
Expectation failed for method name is "get" when invoked zero or more times
Parameter 0 for invocation League\Container\Container::get('Pantheon\Terminus\Commands\Wo...21fe7d', false) does not match expected value.
Failed asserting that two strings are equal.
--- Expected
+++ Actual
@@ @@
-'Pantheon\Terminus\ProgressBars\WorkflowProgressBar'
+'Pantheon\Terminus\Commands\WorkflowProcessingTrait::processWorkflow-613161121fe7d'

/Users/brianweaver/repos/terminus2/src/Commands/WorkflowProcessingTrait.php:24
/Users/brianweaver/repos/terminus2/src/Commands/Multidev/MergeFromDevCommand.php:36
/Users/brianweaver/repos/terminus2/tests/unit_tests/Commands/Multidev/MergeFromDevCommandTest.php:72

44) Pantheon\Terminus\UnitTests\Commands\Multidev\MergeFromDevCommandTest::testMergeFromDevFailure
Expectation failed for method name is "get" when invoked zero or more times
Parameter 0 for invocation League\Container\Container::get('Pantheon\Terminus\Commands\Wo...2201d0', false) does not match expected value.
Failed asserting that two strings are equal.
--- Expected
+++ Actual
@@ @@
-'Pantheon\Terminus\ProgressBars\WorkflowProgressBar'
+'Pantheon\Terminus\Commands\WorkflowProcessingTrait::processWorkflow-61316112201d0'

/Users/brianweaver/repos/terminus2/src/Commands/WorkflowProcessingTrait.php:24
/Users/brianweaver/repos/terminus2/src/Commands/Multidev/MergeFromDevCommand.php:36
/Users/brianweaver/repos/terminus2/tests/unit_tests/Commands/Multidev/MergeFromDevCommandTest.php:90

45) Pantheon\Terminus\UnitTests\Commands\Multidev\MergeToDevCommandTest::testMergeToDev
Expectation failed for method name is "get" when invoked zero or more times
Parameter 0 for invocation League\Container\Container::get('Pantheon\Terminus\Commands\Wo...2206c3', false) does not match expected value.
Failed asserting that two strings are equal.
--- Expected
+++ Actual
@@ @@
-'Pantheon\Terminus\ProgressBars\WorkflowProgressBar'
+'Pantheon\Terminus\Commands\WorkflowProcessingTrait::processWorkflow-61316112206c3'

/Users/brianweaver/repos/terminus2/src/Commands/WorkflowProcessingTrait.php:24
/Users/brianweaver/repos/terminus2/src/Commands/Multidev/MergeToDevCommand.php:39
/Users/brianweaver/repos/terminus2/tests/unit_tests/Commands/Multidev/MergeToDevCommandTest.php:51

46) Pantheon\Terminus\UnitTests\Commands\Multidev\MergeToDevCommandTest::testMergeToDevWithUpdateDB
Expectation failed for method name is "get" when invoked zero or more times
Parameter 0 for invocation League\Container\Container::get('Pantheon\Terminus\Commands\Wo...220a30', false) does not match expected value.
Failed asserting that two strings are equal.
--- Expected
+++ Actual
@@ @@
-'Pantheon\Terminus\ProgressBars\WorkflowProgressBar'
+'Pantheon\Terminus\Commands\WorkflowProcessingTrait::processWorkflow-6131611220a30'

/Users/brianweaver/repos/terminus2/src/Commands/WorkflowProcessingTrait.php:24
/Users/brianweaver/repos/terminus2/src/Commands/Multidev/MergeToDevCommand.php:39
/Users/brianweaver/repos/terminus2/tests/unit_tests/Commands/Multidev/MergeToDevCommandTest.php:74

47) Pantheon\Terminus\UnitTests\Commands\Multidev\MergeToDevCommandTest::testMergeToDevFailure
Expectation failed for method name is "get" when invoked zero or more times
Parameter 0 for invocation League\Container\Container::get('Pantheon\Terminus\Commands\Wo...220ece', false) does not match expected value.
Failed asserting that two strings are equal.
--- Expected
+++ Actual
@@ @@
-'Pantheon\Terminus\ProgressBars\WorkflowProgressBar'
+'Pantheon\Terminus\Commands\WorkflowProcessingTrait::processWorkflow-6131611220ece'

/Users/brianweaver/repos/terminus2/src/Commands/WorkflowProcessingTrait.php:24
/Users/brianweaver/repos/terminus2/src/Commands/Multidev/MergeToDevCommand.php:39
/Users/brianweaver/repos/terminus2/tests/unit_tests/Commands/Multidev/MergeToDevCommandTest.php:93

48) Pantheon\Terminus\UnitTests\Commands\NewRelic\DisableCommandTest::testDisable
Expectation failed for method name is "get" when invoked zero or more times
Parameter 0 for invocation League\Container\Container::get('Pantheon\Terminus\Commands\Wo...2217f0', false) does not match expected value.
Failed asserting that two strings are equal.
--- Expected
+++ Actual
@@ @@
-'Pantheon\Terminus\ProgressBars\WorkflowProgressBar'
+'Pantheon\Terminus\Commands\WorkflowProcessingTrait::processWorkflow-61316112217f0'

/Users/brianweaver/repos/terminus2/src/Commands/WorkflowProcessingTrait.php:24
/Users/brianweaver/repos/terminus2/src/Commands/NewRelic/DisableCommand.php:34
/Users/brianweaver/repos/terminus2/tests/unit_tests/Commands/NewRelic/DisableCommandTest.php:55

49) Pantheon\Terminus\UnitTests\Commands\NewRelic\EnableCommandTest::testEnable
Expectation failed for method name is "get" when invoked zero or more times
Parameter 0 for invocation League\Container\Container::get('Pantheon\Terminus\Commands\Wo...221d40', false) does not match expected value.
Failed asserting that two strings are equal.
--- Expected
+++ Actual
@@ @@
-'Pantheon\Terminus\ProgressBars\WorkflowProgressBar'
+'Pantheon\Terminus\Commands\WorkflowProcessingTrait::processWorkflow-6131611221d40'

/Users/brianweaver/repos/terminus2/src/Commands/WorkflowProcessingTrait.php:24
/Users/brianweaver/repos/terminus2/src/Commands/NewRelic/EnableCommand.php:34
/Users/brianweaver/repos/terminus2/tests/unit_tests/Commands/NewRelic/EnableCommandTest.php:53

50) Pantheon\Terminus\UnitTests\Commands\Org\People\AddCommandTest::testAdd
Expectation failed for method name is "get" when invoked zero or more times
Parameter 0 for invocation League\Container\Container::get('Pantheon\Terminus\Commands\Wo...223bee', false) does not match expected value.
Failed asserting that two strings are equal.
--- Expected
+++ Actual
@@ @@
-'Pantheon\Terminus\ProgressBars\WorkflowProgressBar'
+'Pantheon\Terminus\Commands\WorkflowProcessingTrait::processWorkflow-6131611223bee'

/Users/brianweaver/repos/terminus2/src/Commands/WorkflowProcessingTrait.php:24
/Users/brianweaver/repos/terminus2/src/Commands/Org/People/AddCommand.php:33
/Users/brianweaver/repos/terminus2/tests/unit_tests/Commands/Org/People/AddCommandTest.php:61

51) Pantheon\Terminus\UnitTests\Commands\Org\People\RemoveCommandTest::testRemove
Expectation failed for method name is "get" when invoked zero or more times
Parameter 0 for invocation League\Container\Container::get('Pantheon\Terminus\Commands\Wo...224d2f', false) does not match expected value.
Failed asserting that two strings are equal.
--- Expected
+++ Actual
@@ @@
-'Pantheon\Terminus\ProgressBars\WorkflowProgressBar'
+'Pantheon\Terminus\Commands\WorkflowProcessingTrait::processWorkflow-6131611224d2f'

/Users/brianweaver/repos/terminus2/src/Commands/WorkflowProcessingTrait.php:24
/Users/brianweaver/repos/terminus2/src/Commands/Org/People/RemoveCommand.php:33
/Users/brianweaver/repos/terminus2/tests/unit_tests/Commands/Org/People/RemoveCommandTest.php:73

52) Pantheon\Terminus\UnitTests\Commands\Org\People\RoleCommandTest::testRole
Expectation failed for method name is "get" when invoked zero or more times
Parameter 0 for invocation League\Container\Container::get('Pantheon\Terminus\Commands\Wo...225362', false) does not match expected value.
Failed asserting that two strings are equal.
--- Expected
+++ Actual
@@ @@
-'Pantheon\Terminus\ProgressBars\WorkflowProgressBar'
+'Pantheon\Terminus\Commands\WorkflowProcessingTrait::processWorkflow-6131611225362'

/Users/brianweaver/repos/terminus2/src/Commands/WorkflowProcessingTrait.php:24
/Users/brianweaver/repos/terminus2/src/Commands/Org/People/RoleCommand.php:34
/Users/brianweaver/repos/terminus2/tests/unit_tests/Commands/Org/People/RoleCommandTest.php:74

53) Pantheon\Terminus\UnitTests\Commands\Org\Site\RemoveCommandTest::testRemove
Expectation failed for method name is "get" when invoked zero or more times
Parameter 0 for invocation League\Container\Container::get('Pantheon\Terminus\Commands\Wo...226dc4', false) does not match expected value.
Failed asserting that two strings are equal.
--- Expected
+++ Actual
@@ @@
-'Pantheon\Terminus\ProgressBars\WorkflowProgressBar'
+'Pantheon\Terminus\Commands\WorkflowProcessingTrait::processWorkflow-6131611226dc4'

/Users/brianweaver/repos/terminus2/src/Commands/WorkflowProcessingTrait.php:24
/Users/brianweaver/repos/terminus2/src/Commands/Org/Site/RemoveCommand.php:36
/Users/brianweaver/repos/terminus2/tests/unit_tests/Commands/Org/Site/RemoveCommandTest.php:96

54) Pantheon\Terminus\UnitTests\Commands\Owner\SetCommandTest::testOwnerSetValidOwner
Expectation failed for method name is "get" when invoked zero or more times
Parameter 0 for invocation League\Container\Container::get('Pantheon\Terminus\Commands\Wo...2283f2', false) does not match expected value.
Failed asserting that two strings are equal.
--- Expected
+++ Actual
@@ @@
-'Pantheon\Terminus\ProgressBars\WorkflowProgressBar'
+'Pantheon\Terminus\Commands\WorkflowProcessingTrait::processWorkflow-61316112283f2'

/Users/brianweaver/repos/terminus2/src/Commands/WorkflowProcessingTrait.php:24
/Users/brianweaver/repos/terminus2/src/Commands/Owner/SetCommand.php:42
/Users/brianweaver/repos/terminus2/tests/unit_tests/Commands/Owner/SetCommandTest.php:91

55) Pantheon\Terminus\UnitTests\Commands\PaymentMethod\AddCommandTest::testAdd
Expectation failed for method name is "get" when invoked zero or more times
Parameter 0 for invocation League\Container\Container::get('Pantheon\Terminus\Commands\Wo...2295c8', false) does not match expected value.
Failed asserting that two strings are equal.
--- Expected
+++ Actual
@@ @@
-'Pantheon\Terminus\ProgressBars\WorkflowProgressBar'
+'Pantheon\Terminus\Commands\WorkflowProcessingTrait::processWorkflow-61316112295c8'

/Users/brianweaver/repos/terminus2/src/Commands/WorkflowProcessingTrait.php:24
/Users/brianweaver/repos/terminus2/src/Commands/PaymentMethod/AddCommand.php:36
/Users/brianweaver/repos/terminus2/tests/unit_tests/Commands/PaymentMethod/AddCommandTest.php:118

56) Pantheon\Terminus\UnitTests\Commands\PaymentMethod\RemoveCommandTest::testRemove
Expectation failed for method name is "get" when invoked zero or more times
Parameter 0 for invocation League\Container\Container::get('Pantheon\Terminus\Commands\Wo...22a85f', false) does not match expected value.
Failed asserting that two strings are equal.
--- Expected
+++ Actual
@@ @@
-'Pantheon\Terminus\ProgressBars\WorkflowProgressBar'
+'Pantheon\Terminus\Commands\WorkflowProcessingTrait::processWorkflow-613161122a85f'

/Users/brianweaver/repos/terminus2/src/Commands/WorkflowProcessingTrait.php:24
/Users/brianweaver/repos/terminus2/src/Commands/PaymentMethod/RemoveCommand.php:34
/Users/brianweaver/repos/terminus2/tests/unit_tests/Commands/PaymentMethod/RemoveCommandTest.php:59

57) Pantheon\Terminus\UnitTests\Commands\Plan\SetCommandTest::testSet
Expectation failed for method name is "get" when invoked zero or more times
Parameter 0 for invocation League\Container\Container::get('Pantheon\Terminus\Commands\Wo...22beae', false) does not match expected value.
Failed asserting that two strings are equal.
--- Expected
+++ Actual
@@ @@
-'Pantheon\Terminus\ProgressBars\WorkflowProgressBar'
+'Pantheon\Terminus\Commands\WorkflowProcessingTrait::processWorkflow-613161122beae'

/Users/brianweaver/repos/terminus2/src/Commands/WorkflowProcessingTrait.php:24
/Users/brianweaver/repos/terminus2/src/Commands/Plan/SetCommand.php:37
/Users/brianweaver/repos/terminus2/tests/unit_tests/Commands/Plan/SetCommandTest.php:82

58) Pantheon\Terminus\UnitTests\Commands\Redis\DisableCommandTest::testDisable
Expectation failed for method name is "get" when invoked zero or more times
Parameter 0 for invocation League\Container\Container::get('Pantheon\Terminus\Commands\Wo...22c7bc', false) does not match expected value.
Failed asserting that two strings are equal.
--- Expected
+++ Actual
@@ @@
-'Pantheon\Terminus\ProgressBars\WorkflowProgressBar'
+'Pantheon\Terminus\Commands\WorkflowProcessingTrait::processWorkflow-613161122c7bc'

/Users/brianweaver/repos/terminus2/src/Commands/WorkflowProcessingTrait.php:24
/Users/brianweaver/repos/terminus2/src/Commands/Redis/DisableCommand.php:34
/Users/brianweaver/repos/terminus2/tests/unit_tests/Commands/Redis/DisableCommandTest.php:50

59) Pantheon\Terminus\UnitTests\Commands\Redis\EnableCommandTest::testEnable
Expectation failed for method name is "get" when invoked zero or more times
Parameter 0 for invocation League\Container\Container::get('Pantheon\Terminus\Commands\Wo...22cedd', false) does not match expected value.
Failed asserting that two strings are equal.
--- Expected
+++ Actual
@@ @@
-'Pantheon\Terminus\ProgressBars\WorkflowProgressBar'
+'Pantheon\Terminus\Commands\WorkflowProcessingTrait::processWorkflow-613161122cedd'

/Users/brianweaver/repos/terminus2/src/Commands/WorkflowProcessingTrait.php:24
/Users/brianweaver/repos/terminus2/src/Commands/Redis/EnableCommand.php:34
/Users/brianweaver/repos/terminus2/tests/unit_tests/Commands/Redis/EnableCommandTest.php:50

60) Pantheon\Terminus\UnitTests\Commands\ServiceLevel\SetCommandTest::testServiceLevelSet
Expectation failed for method name is "get" when invoked zero or more times
Parameter 0 for invocation League\Container\Container::get('Pantheon\Terminus\Commands\Wo...23298b', false) does not match expected value.
Failed asserting that two strings are equal.
--- Expected
+++ Actual
@@ @@
-'Pantheon\Terminus\ProgressBars\WorkflowProgressBar'
+'Pantheon\Terminus\Commands\WorkflowProcessingTrait::processWorkflow-613161123298b'

/Users/brianweaver/repos/terminus2/src/Commands/WorkflowProcessingTrait.php:24
/Users/brianweaver/repos/terminus2/src/Commands/ServiceLevel/SetCommand.php:40
/Users/brianweaver/repos/terminus2/tests/unit_tests/Commands/ServiceLevel/SetCommandTest.php:52

61) Pantheon\Terminus\UnitTests\Commands\Site\CreateCommandTest::testCreate
Expectation failed for method name is "get" when invoked zero or more times
Parameter 0 for invocation League\Container\Container::get('Pantheon\Terminus\Commands\Wo...2330c3', false) does not match expected value.
Failed asserting that two strings are equal.
--- Expected
+++ Actual
@@ @@
-'Pantheon\Terminus\ProgressBars\WorkflowProgressBar'
+'Pantheon\Terminus\Commands\WorkflowProcessingTrait::processWorkflow-61316112330c3'

/Users/brianweaver/repos/terminus2/src/Commands/WorkflowProcessingTrait.php:24
/Users/brianweaver/repos/terminus2/src/Commands/Site/CreateCommand.php:66
/Users/brianweaver/repos/terminus2/tests/unit_tests/Commands/Site/CreateCommandTest.php:137

62) Pantheon\Terminus\UnitTests\Commands\Site\CreateCommandTest::testCreateInOrg
Expectation failed for method name is "get" when invoked zero or more times
Parameter 0 for invocation League\Container\Container::get('Pantheon\Terminus\Commands\Wo...2339ee', false) does not match expected value.
Failed asserting that two strings are equal.
--- Expected
+++ Actual
@@ @@
-'Pantheon\Terminus\ProgressBars\WorkflowProgressBar'
+'Pantheon\Terminus\Commands\WorkflowProcessingTrait::processWorkflow-61316112339ee'

/Users/brianweaver/repos/terminus2/src/Commands/WorkflowProcessingTrait.php:24
/Users/brianweaver/repos/terminus2/src/Commands/Site/CreateCommand.php:66
/Users/brianweaver/repos/terminus2/tests/unit_tests/Commands/Site/CreateCommandTest.php:248

63) Pantheon\Terminus\UnitTests\Commands\Site\DeleteCommandTest::testDeleteErrs
Failed asserting that exception message 'Cannot find site ' contains 'Deleted {site} from Pantheon'.

64) Pantheon\Terminus\UnitTests\Commands\Site\DeleteCommandTest::testDeleteFailure
Failed asserting that exception message 'Cannot find site ' contains 'Error message'.

65) Pantheon\Terminus\UnitTests\Commands\Site\Org\AddCommandTest::testAdd
Expectation failed for method name is "get" when invoked zero or more times
Parameter 0 for invocation League\Container\Container::get('Pantheon\Terminus\Commands\Wo...237f6a', false) does not match expected value.
Failed asserting that two strings are equal.
--- Expected
+++ Actual
@@ @@
-'Pantheon\Terminus\ProgressBars\WorkflowProgressBar'
+'Pantheon\Terminus\Commands\WorkflowProcessingTrait::processWorkflow-6131611237f6a'

/Users/brianweaver/repos/terminus2/src/Commands/WorkflowProcessingTrait.php:24
/Users/brianweaver/repos/terminus2/src/Commands/Site/Org/AddCommand.php:41
/Users/brianweaver/repos/terminus2/tests/unit_tests/Commands/Site/Org/AddCommandTest.php:74

66) Pantheon\Terminus\UnitTests\Commands\Site\Org\RemoveCommandTest::testRemove
Expectation failed for method name is "get" when invoked zero or more times
Parameter 0 for invocation League\Container\Container::get('Pantheon\Terminus\Commands\Wo...238e25', false) does not match expected value.
Failed asserting that two strings are equal.
--- Expected
+++ Actual
@@ @@
-'Pantheon\Terminus\ProgressBars\WorkflowProgressBar'
+'Pantheon\Terminus\Commands\WorkflowProcessingTrait::processWorkflow-6131611238e25'

/Users/brianweaver/repos/terminus2/src/Commands/WorkflowProcessingTrait.php:24
/Users/brianweaver/repos/terminus2/src/Commands/Site/Org/RemoveCommand.php:46
/Users/brianweaver/repos/terminus2/tests/unit_tests/Commands/Site/Org/RemoveCommandTest.php:101

67) Pantheon\Terminus\UnitTests\Commands\Site\Team\AddCommandTest::testAddCommand
Expectation failed for method name is "get" when invoked zero or more times
Parameter 0 for invocation League\Container\Container::get('Pantheon\Terminus\Commands\Wo...23946a', false) does not match expected value.
Failed asserting that two strings are equal.
--- Expected
+++ Actual
@@ @@
-'Pantheon\Terminus\ProgressBars\WorkflowProgressBar'
+'Pantheon\Terminus\Commands\WorkflowProcessingTrait::processWorkflow-613161123946a'

/Users/brianweaver/repos/terminus2/src/Commands/WorkflowProcessingTrait.php:24
/Users/brianweaver/repos/terminus2/src/Commands/Site/Team/AddCommand.php:47
/Users/brianweaver/repos/terminus2/tests/unit_tests/Commands/Site/Team/AddCommandTest.php:66

68) Pantheon\Terminus\UnitTests\Commands\Site\Team\AddCommandTest::testAddCommandRestricted
Expectation failed for method name is "get" when invoked zero or more times
Parameter 0 for invocation League\Container\Container::get('Pantheon\Terminus\Commands\Wo...2398b6', false) does not match expected value.
Failed asserting that two strings are equal.
--- Expected
+++ Actual
@@ @@
-'Pantheon\Terminus\ProgressBars\WorkflowProgressBar'
+'Pantheon\Terminus\Commands\WorkflowProcessingTrait::processWorkflow-61316112398b6'

/Users/brianweaver/repos/terminus2/src/Commands/WorkflowProcessingTrait.php:24
/Users/brianweaver/repos/terminus2/src/Commands/Site/Team/AddCommand.php:47
/Users/brianweaver/repos/terminus2/tests/unit_tests/Commands/Site/Team/AddCommandTest.php:101

69) Pantheon\Terminus\UnitTests\Commands\Site\Team\AddCommandTest::testAddCommandRestrictedNoRole
Expectation failed for method name is "get" when invoked zero or more times
Parameter 0 for invocation League\Container\Container::get('Pantheon\Terminus\Commands\Wo...239cdd', false) does not match expected value.
Failed asserting that two strings are equal.
--- Expected
+++ Actual
@@ @@
-'Pantheon\Terminus\ProgressBars\WorkflowProgressBar'
+'Pantheon\Terminus\Commands\WorkflowProcessingTrait::processWorkflow-6131611239cdd'

/Users/brianweaver/repos/terminus2/src/Commands/WorkflowProcessingTrait.php:24
/Users/brianweaver/repos/terminus2/src/Commands/Site/Team/AddCommand.php:47
/Users/brianweaver/repos/terminus2/tests/unit_tests/Commands/Site/Team/AddCommandTest.php:127

70) Pantheon\Terminus\UnitTests\Commands\Site\Team\RemoveCommandTest::testRemoveCommand
Expectation failed for method name is "get" when invoked zero or more times
Parameter 0 for invocation League\Container\Container::get('Pantheon\Terminus\Commands\Wo...23a990', false) does not match expected value.
Failed asserting that two strings are equal.
--- Expected
+++ Actual
@@ @@
-'Pantheon\Terminus\ProgressBars\WorkflowProgressBar'
+'Pantheon\Terminus\Commands\WorkflowProcessingTrait::processWorkflow-613161123a990'

/Users/brianweaver/repos/terminus2/src/Commands/WorkflowProcessingTrait.php:24
/Users/brianweaver/repos/terminus2/src/Commands/Site/Team/RemoveCommand.php:36
/Users/brianweaver/repos/terminus2/tests/unit_tests/Commands/Site/Team/RemoveCommandTest.php:58

71) Pantheon\Terminus\UnitTests\Commands\Site\Team\RemoveCommandTest::testRemoveCommandRemovingSelf
Expectation failed for method name is "get" when invoked zero or more times
Parameter 0 for invocation League\Container\Container::get('Pantheon\Terminus\Commands\Wo...23adb5', false) does not match expected value.
Failed asserting that two strings are equal.
--- Expected
+++ Actual
@@ @@
-'Pantheon\Terminus\ProgressBars\WorkflowProgressBar'
+'Pantheon\Terminus\Commands\WorkflowProcessingTrait::processWorkflow-613161123adb5'

/Users/brianweaver/repos/terminus2/src/Commands/WorkflowProcessingTrait.php:24
/Users/brianweaver/repos/terminus2/src/Commands/Site/Team/RemoveCommand.php:36
/Users/brianweaver/repos/terminus2/tests/unit_tests/Commands/Site/Team/RemoveCommandTest.php:78

72) Pantheon\Terminus\UnitTests\Commands\Site\Team\RemoveCommandTest::testRemoveCommandErrs
Expectation failed for method name is "get" when invoked zero or more times
Parameter 0 for invocation League\Container\Container::get('Pantheon\Terminus\Commands\Wo...23b153', false) does not match expected value.
Failed asserting that two strings are equal.
--- Expected
+++ Actual
@@ @@
-'Pantheon\Terminus\ProgressBars\WorkflowProgressBar'
+'Pantheon\Terminus\Commands\WorkflowProcessingTrait::processWorkflow-613161123b153'

/Users/brianweaver/repos/terminus2/src/Commands/WorkflowProcessingTrait.php:24
/Users/brianweaver/repos/terminus2/src/Commands/Site/Team/RemoveCommand.php:36
/Users/brianweaver/repos/terminus2/tests/unit_tests/Commands/Site/Team/RemoveCommandTest.php:94

73) Pantheon\Terminus\UnitTests\Commands\Site\Team\RoleCommandTest::testRoleCommand
Expectation failed for method name is "get" when invoked zero or more times
Parameter 0 for invocation League\Container\Container::get('Pantheon\Terminus\Commands\Wo...23b8ad', false) does not match expected value.
Failed asserting that two strings are equal.
--- Expected
+++ Actual
@@ @@
-'Pantheon\Terminus\ProgressBars\WorkflowProgressBar'
+'Pantheon\Terminus\Commands\WorkflowProcessingTrait::processWorkflow-613161123b8ad'

/Users/brianweaver/repos/terminus2/src/Commands/WorkflowProcessingTrait.php:24
/Users/brianweaver/repos/terminus2/src/Commands/Site/Team/RoleCommand.php:40
/Users/brianweaver/repos/terminus2/tests/unit_tests/Commands/Site/Team/RoleCommandTest.php:56

74) Pantheon\Terminus\UnitTests\Commands\Site\Upstream\ClearCacheCommandTest::testClearCache
Expectation failed for method name is "get" when invoked zero or more times
Parameter 0 for invocation League\Container\Container::get('Pantheon\Terminus\Commands\Wo...23daab', false) does not match expected value.
Failed asserting that two strings are equal.
--- Expected
+++ Actual
@@ @@
-'Pantheon\Terminus\ProgressBars\WorkflowProgressBar'
+'Pantheon\Terminus\Commands\WorkflowProcessingTrait::processWorkflow-613161123daab'

/Users/brianweaver/repos/terminus2/src/Commands/WorkflowProcessingTrait.php:24
/Users/brianweaver/repos/terminus2/src/Commands/Site/Upstream/ClearCacheCommand.php:34
/Users/brianweaver/repos/terminus2/tests/unit_tests/Commands/Site/Upstream/ClearCacheCommandTest.php:61

75) Pantheon\Terminus\UnitTests\Commands\Site\Upstream\SetCommandTest::testSet
Expectation failed for method name is "get" when invoked zero or more times
Parameter 0 for invocation League\Container\Container::get('Pantheon\Terminus\Commands\Wo...23e6fd', false) does not match expected value.
Failed asserting that two strings are equal.
--- Expected
+++ Actual
@@ @@
-'Pantheon\Terminus\ProgressBars\WorkflowProgressBar'
+'Pantheon\Terminus\Commands\WorkflowProcessingTrait::processWorkflow-613161123e6fd'

/Users/brianweaver/repos/terminus2/src/Commands/WorkflowProcessingTrait.php:24
/Users/brianweaver/repos/terminus2/src/Commands/Site/Upstream/SetCommand.php:51
/Users/brianweaver/repos/terminus2/tests/unit_tests/Commands/Site/Upstream/SetCommandTest.php:154

76) Pantheon\Terminus\UnitTests\Commands\Site\Upstream\SetCommandTest::testSetNoPreviousUpstream
Expectation failed for method name is "get" when invoked zero or more times
Parameter 0 for invocation League\Container\Container::get('Pantheon\Terminus\Commands\Wo...23f518', false) does not match expected value.
Failed asserting that two strings are equal.
--- Expected
+++ Actual
@@ @@
-'Pantheon\Terminus\ProgressBars\WorkflowProgressBar'
+'Pantheon\Terminus\Commands\WorkflowProcessingTrait::processWorkflow-613161123f518'

/Users/brianweaver/repos/terminus2/src/Commands/WorkflowProcessingTrait.php:24
/Users/brianweaver/repos/terminus2/src/Commands/Site/Upstream/SetCommand.php:51
/Users/brianweaver/repos/terminus2/tests/unit_tests/Commands/Site/Upstream/SetCommandTest.php:256

77) Pantheon\Terminus\UnitTests\Commands\Solr\DisableCommandTest::testDisable
Expectation failed for method name is "get" when invoked zero or more times
Parameter 0 for invocation League\Container\Container::get('Pantheon\Terminus\Commands\Wo...240379', false) does not match expected value.
Failed asserting that two strings are equal.
--- Expected
+++ Actual
@@ @@
-'Pantheon\Terminus\ProgressBars\WorkflowProgressBar'
+'Pantheon\Terminus\Commands\WorkflowProcessingTrait::processWorkflow-6131611240379'

/Users/brianweaver/repos/terminus2/src/Commands/WorkflowProcessingTrait.php:24
/Users/brianweaver/repos/terminus2/src/Commands/Solr/DisableCommand.php:34
/Users/brianweaver/repos/terminus2/tests/unit_tests/Commands/Solr/DisableCommandTest.php:50

78) Pantheon\Terminus\UnitTests\Commands\Solr\EnableCommandTest::testEnableSolr
Expectation failed for method name is "get" when invoked zero or more times
Parameter 0 for invocation League\Container\Container::get('Pantheon\Terminus\Commands\Wo...240931', false) does not match expected value.
Failed asserting that two strings are equal.
--- Expected
+++ Actual
@@ @@
-'Pantheon\Terminus\ProgressBars\WorkflowProgressBar'
+'Pantheon\Terminus\Commands\WorkflowProcessingTrait::processWorkflow-6131611240931'

/Users/brianweaver/repos/terminus2/src/Commands/WorkflowProcessingTrait.php:24
/Users/brianweaver/repos/terminus2/src/Commands/Solr/EnableCommand.php:34
/Users/brianweaver/repos/terminus2/tests/unit_tests/Commands/Solr/EnableCommandTest.php:50

79) Pantheon\Terminus\UnitTests\Commands\Upstream\Updates\ApplyCommandTest::testApplyUpdates
Expectation failed for method name is "get" when invoked zero or more times
Parameter 0 for invocation League\Container\Container::get('Pantheon\Terminus\Commands\Wo...2450f4', false) does not match expected value.
Failed asserting that two strings are equal.
--- Expected
+++ Actual
@@ @@
-'Pantheon\Terminus\ProgressBars\WorkflowProgressBar'
+'Pantheon\Terminus\Commands\WorkflowProcessingTrait::processWorkflow-61316112450f4'

/Users/brianweaver/repos/terminus2/src/Commands/WorkflowProcessingTrait.php:24
/Users/brianweaver/repos/terminus2/src/Commands/Upstream/Updates/ApplyCommand.php:66
/Users/brianweaver/repos/terminus2/tests/unit_tests/Commands/Upstream/Updates/ApplyCommandTest.php:139

80) Pantheon\Terminus\UnitTests\Commands\Upstream\Updates\ApplyCommandTest::testApplyUpdatesComposerUpdatesOnly
Expectation failed for method name is "get" when invoked zero or more times
Parameter 0 for invocation League\Container\Container::get('Pantheon\Terminus\Commands\Wo...245ab5', false) does not match expected value.
Failed asserting that two strings are equal.
--- Expected
+++ Actual
@@ @@
-'Pantheon\Terminus\ProgressBars\WorkflowProgressBar'
+'Pantheon\Terminus\Commands\WorkflowProcessingTrait::processWorkflow-6131611245ab5'

/Users/brianweaver/repos/terminus2/src/Commands/WorkflowProcessingTrait.php:24
/Users/brianweaver/repos/terminus2/src/Commands/Upstream/Updates/ApplyCommand.php:66
/Users/brianweaver/repos/terminus2/tests/unit_tests/Commands/Upstream/Updates/ApplyCommandTest.php:232

81) Pantheon\Terminus\UnitTests\Friends\Site\JoinTest::testAll
Failed asserting that two strings are equal.
--- Expected
+++ Actual
@@ @@
-'model id'
+'site id'

/Users/brianweaver/repos/terminus2/tests/unit_tests/Friends/Site/JoinTest.php:67

82) Pantheon\Terminus\UnitTests\Helpers\SitesYmlEmitterTest::testSitesYmlEmitter
Failed asserting that two strings are equal.
--- Expected
+++ Actual
@@ @@
 'sites/pantheon/agency.site.yml:\n
-'*':\n
-  host: appserver.${env-name}.55555555-5555-5555-5555-555555555555.drush.in\n
+'':\n
+  host: appserver...drush.in\n
   paths:\n
     files: files\n
-  uri: ${env-name}-agency.pantheonsite.io\n
-  user: ${env-name}.55555555-5555-5555-5555-555555555555\n
+  uri: -.pantheonsite.io\n
+  user: .\n
   ssh:\n
     options: '-p 2222 -o "AddressFamily inet"'\n
     tty: false'

/Users/brianweaver/repos/terminus2/tests/unit_tests/Helpers/SitesYmlEmitterTest.php:34

83) Pantheon\Terminus\UnitTests\Models\EnvironmentTest::testGetBackups
Pantheon\Terminus\Collections\Backups Object &000000001f83ff3200000000249d98e0 (
        LOL
) is not instance of expected class "Mock_Backups_ea158e44".
--- Expected
+++ Actual
@@ @@
-Mock_Backups_ea158e44 Object &000000001f83ff1c00000000249d98e0 (
        LOL
 )

/Users/brianweaver/repos/terminus2/tests/unit_tests/Models/EnvironmentTest.php:580

84) Pantheon\Terminus\UnitTests\Models\EnvironmentTest::testGetCommits
Pantheon\Terminus\Collections\Commits Object &000000001f83ff9700000000249d98e0 (
            LOL
) is not instance of expected class "Mock_Commits_f6f110b6".
--- Expected
+++ Actual
@@ @@
-Mock_Commits_f6f110b6 Object &000000001f83ff8600000000249d98e0 (
            LOL
 )

/Users/brianweaver/repos/terminus2/tests/unit_tests/Models/EnvironmentTest.php:597

85) Pantheon\Terminus\UnitTests\Models\EnvironmentTest::testGetLock
Pantheon\Terminus\Models\Lock Object &000000001f83fff500000000249d98e0 (
) is not instance of expected class "Mock_Lock_fc2c32f1".
--- Expected
+++ Actual
@@ @@
-Mock_Lock_fc2c32f1 Object &000000001f83ffe900000000249d98e0 (
+Pantheon\Terminus\Models\Lock Object &000000001f83fff500000000249d98e0 (
 )

/Users/brianweaver/repos/terminus2/tests/unit_tests/Models/EnvironmentTest.php:617

86) Pantheon\Terminus\UnitTests\Models\EnvironmentTest::testGetUpstreamStatus
Pantheon\Terminus\Models\UpstreamStatus Object &000000001f83feff00000000249d98e0 (

) is not instance of expected class "Mock_UpstreamStatus_3328d413".
--- Expected
+++ Actual
@@ @@
-Mock_UpstreamStatus_3328d413 Object &000000001f83febf00000000249d98e0 (
+Pantheon\Terminus\Models\UpstreamStatus Object &000000001f83feff00000000249d98e0 (
 )

/Users/brianweaver/repos/terminus2/tests/unit_tests/Models/EnvironmentTest.php:649

87) Pantheon\Terminus\UnitTests\Models\OrganizationSiteMembershipTest::testDelete
Expectation failed for method name is "create" when invoked 1 time(s)
Parameter 1 for invocation Pantheon\Terminus\Collections\Workflows::create('remove_organization_site_membership', Array (...)) does not match expected value.
Failed asserting that two arrays are equal.
--- Expected
+++ Actual
@@ @@
 Array (
     'params' => Array (
-        'site_id' => '123'
+        'site_id' => null
     )
 )

/Users/brianweaver/repos/terminus2/src/Models/OrganizationSiteMembership.php:50
/Users/brianweaver/repos/terminus2/tests/unit_tests/Models/OrganizationSiteMembershipTest.php:107

88) Pantheon\Terminus\UnitTests\Models\OrganizationTest::testGetSiteMemberships
Expectation failed for method name is "get" when invoked 1 time(s)
Parameter 0 for invocation League\Container\Container::get('getSiteMemberships-613161178c9d0', false) does not match expected value.
Failed asserting that two strings are equal.
--- Expected
+++ Actual
@@ @@
-'Pantheon\Terminus\Collections\OrganizationSiteMemberships'
+'getSiteMemberships-613161178c9d0'

/Users/brianweaver/repos/terminus2/src/Models/Organization.php:119
/Users/brianweaver/repos/terminus2/tests/unit_tests/Models/OrganizationTest.php:157

89) Pantheon\Terminus\UnitTests\Models\OrganizationTest::testGetUpstreams
Expectation failed for method name is "get" when invoked 1 time(s)
Parameter 0 for invocation League\Container\Container::get('getUpstreams-613161178cc02', false) does not match expected value.
Failed asserting that two strings are equal.
--- Expected
+++ Actual
@@ @@
-'Pantheon\Terminus\Collections\OrganizationUpstreams'
+'getUpstreams-613161178cc02'

/Users/brianweaver/repos/terminus2/src/Models/Organization.php:133
/Users/brianweaver/repos/terminus2/tests/unit_tests/Models/OrganizationTest.php:176

90) Pantheon\Terminus\UnitTests\Models\OrganizationTest::testGetUserMemberships
Expectation failed for method name is "get" when invoked 1 time(s)
Parameter 0 for invocation League\Container\Container::get('getUserMemberships-613161178ce1c', false) does not match expected value.
Failed asserting that two strings are equal.
--- Expected
+++ Actual
@@ @@
-'Pantheon\Terminus\Collections\OrganizationUserMemberships'
+'getUserMemberships-613161178ce1c'

/Users/brianweaver/repos/terminus2/src/Models/Organization.php:148
/Users/brianweaver/repos/terminus2/tests/unit_tests/Models/OrganizationTest.php:195

91) Pantheon\Terminus\UnitTests\Models\OrganizationTest::testGetWorkflows
Expectation failed for method name is "get" when invoked 1 time(s)
Parameter 0 for invocation League\Container\Container::get('getWorkflows-613161178d03d', false) does not match expected value.
Failed asserting that two strings are equal.
--- Expected
+++ Actual
@@ @@
-'Pantheon\Terminus\Collections\Workflows'
+'getWorkflows-613161178d03d'

/Users/brianweaver/repos/terminus2/src/Models/Organization.php:162
/Users/brianweaver/repos/terminus2/tests/unit_tests/Models/OrganizationTest.php:214

92) Pantheon\Terminus\UnitTests\Models\SiteTest::testGetBranches
Pantheon\Terminus\Collections\Branches Object &000000001f83eb3c00000000249d98e0 (

) is not instance of expected class "Mock_Branches_a7dd492b".
--- Expected
+++ Actual
@@ @@
-Mock_Branches_a7dd492b Object &000000001f83eb2000000000249d98e0 (
+Pantheon\Terminus\Collections\Branches Object &000000001f83eb3c00000000249d98e0 (

 )

/Users/brianweaver/repos/terminus2/tests/unit_tests/Models/SiteTest.php:284

93) Pantheon\Terminus\UnitTests\Models\SiteTest::testGetEnvironments
Pantheon\Terminus\Collections\Environments Object &000000001f83eb6900000000249d98e0 (

) is not instance of expected class "Mock_Environments_2472d443".
--- Expected
+++ Actual
@@ @@
-Mock_Environments_2472d443 Object &000000001f83eb5000000000249d98e0 (
+Pantheon\Terminus\Collections\Environments Object &000000001f83eb6900000000249d98e0 (

 )

/Users/brianweaver/repos/terminus2/tests/unit_tests/Models/SiteTest.php:293

94) Pantheon\Terminus\UnitTests\Models\SiteTest::testUnsetEnvironments
Expectation failed for method name is "get" when invoked 2 time(s)
Parameter 0 for invocation League\Container\Container::get('getEnvironments-6131611794bf5', false) does not match expected value.
Failed asserting that two strings are equal.
--- Expected
+++ Actual
@@ @@
-'Pantheon\Terminus\Collections\Environments'
+'getEnvironments-6131611794bf5'

/Users/brianweaver/repos/terminus2/src/Models/Site.php:194
/Users/brianweaver/repos/terminus2/tests/unit_tests/Models/SiteTest.php:323

95) Pantheon\Terminus\UnitTests\Models\SiteTest::testGetOrganizationMemberships
Pantheon\Terminus\Collections\SiteOrganizationMemberships Object &000000001f83ea4f00000000249d98e0 (

) is not instance of expected class "Mock_SiteOrganizationMemberships_ae9e35cf".


============================= SNIP ============================


100) Pantheon\Terminus\UnitTests\Models\SiteTest::testSetUpstreamFromConstructorAttr
Expectation failed for method name is "get" when invoked 1 time(s)
Parameter 0 for invocation League\Container\Container::get('getUpstream-6131611798e1f', false) does not match expected value.
Failed asserting that two strings are equal.
--- Expected
+++ Actual
@@ @@
-'Pantheon\Terminus\Models\SiteUpstream'
+'getUpstream-6131611798e1f'

/Users/brianweaver/repos/terminus2/src/Models/Site.php:358
/Users/brianweaver/repos/terminus2/tests/unit_tests/Models/SiteTest.php:597

101) Pantheon\Terminus\UnitTests\Models\SiteTest::testSetUpstreamFromConstructorAttrSettings
Expectation failed for method name is "get" when invoked 1 time(s)
Parameter 0 for invocation League\Container\Container::get('getUpstream-61316117990d9', false) does not match expected value.
Failed asserting that two strings are equal.
--- Expected
+++ Actual
@@ @@
-'Pantheon\Terminus\Models\SiteUpstream'
+'getUpstream-61316117990d9'

/Users/brianweaver/repos/terminus2/src/Models/Site.php:358
/Users/brianweaver/repos/terminus2/tests/unit_tests/Models/SiteTest.php:627

102) Pantheon\Terminus\UnitTests\Models\SiteTest::testUpdateServiceLevelNoMethod
Failed asserting that exception of type "Error" matches expected exception "Pantheon\Terminus\Exceptions\TerminusException". Message was: "Call to a member function request() on null" at
/Users/brianweaver/repos/terminus2/src/Collections/Workflows.php:95
/Users/brianweaver/repos/terminus2/src/Models/Site.php:479
/Users/brianweaver/repos/terminus2/tests/unit_tests/Models/SiteTest.php:668
.

103) Pantheon\Terminus\UnitTests\Models\SiteTest::testUpdateServiceLevelMiscError
Failed asserting that exception of type "Error" matches expected exception "Exception". Message was: "Call to a member function request() on null" at
/Users/brianweaver/repos/terminus2/src/Collections/Workflows.php:95
/Users/brianweaver/repos/terminus2/src/Models/Site.php:479
/Users/brianweaver/repos/terminus2/tests/unit_tests/Models/SiteTest.php:691
.

104) Pantheon\Terminus\UnitTests\Models\UserTest::testGetSubCollections
Expectation failed for method name is "get" when invoked at sequence index 1
Parameter 0 for invocation League\Container\Container::get('getPaymentMethods-613161179f4e6', false) does not match expected value.
Failed asserting that two strings are equal.
--- Expected
+++ Actual
@@ @@
-'Pantheon\Terminus\Collections\MachineTokens'
+'getPaymentMethods-613161179f4e6'

/Users/brianweaver/repos/terminus2/src/Models/User.php:156
/Users/brianweaver/repos/terminus2/tests/unit_tests/Models/UserTest.php:176

[37;41mERRORS![0m
[37;41mTests: 663[0m[37;41m, Assertions: 1105[0m[37;41m, Errors: 179[0m[37;41m, Failures: 104[0m[37;41m, Warnings: 17[0m[37;41m, Skipped: 30[0m[37;41m, Incomplete: 2[0m[37;41m.[0m
