There were 223 errors:

1) Pantheon\Terminus\UnitTests\Collections\APICollectionTest::testFetch
PHPUnit\Framework\MockObject\IncompatibleReturnValueException: Method request may not return value of type array, its declared return type is "Pantheon\Terminus\Request\RequestOperationResult"

/Users/brianweaver/repos/terminus/tests/unit_tests/Collections/APICollectionTest.php:29

2) Pantheon\Terminus\UnitTests\Collections\BackupsTest::testCancelBackupSchedule
PHPUnit\Framework\MockObject\RuntimeException: Return value for Pantheon\Terminus\Request\Request::request() cannot be generated: Class "Pantheon\Terminus\Request\RequestOperationResult" is declared "final" and cannot be doubled

/Users/brianweaver/repos/terminus/src/Collections/Backups.php:37
/Users/brianweaver/repos/terminus/tests/unit_tests/Collections/BackupsTest.php:186

3) Pantheon\Terminus\UnitTests\Collections\BackupsTest::testGetBackupByFileName
PHPUnit\Framework\MockObject\IncompatibleReturnValueException: Method request may not return value of type array, its declared return type is "Pantheon\Terminus\Request\RequestOperationResult"

/Users/brianweaver/repos/terminus/tests/unit_tests/Collections/BackupsTest.php:524
/Users/brianweaver/repos/terminus/tests/unit_tests/Collections/BackupsTest.php:266

4) Pantheon\Terminus\UnitTests\Collections\BackupsTest::testGetBackupsByElement
PHPUnit\Framework\MockObject\IncompatibleReturnValueException: Method request may not return value of type array, its declared return type is "Pantheon\Terminus\Request\RequestOperationResult"

/Users/brianweaver/repos/terminus/tests/unit_tests/Collections/BackupsTest.php:524
/Users/brianweaver/repos/terminus/tests/unit_tests/Collections/BackupsTest.php:283

5) Pantheon\Terminus\UnitTests\Collections\BackupsTest::testGetBackupSchedule
PHPUnit\Framework\MockObject\IncompatibleReturnValueException: Method request may not return value of type array, its declared return type is "Pantheon\Terminus\Request\RequestOperationResult"

/Users/brianweaver/repos/terminus/tests/unit_tests/Collections/BackupsTest.php:346

6) Pantheon\Terminus\UnitTests\Collections\BackupsTest::testGetFinishedBackups
PHPUnit\Framework\MockObject\IncompatibleReturnValueException: Method request may not return value of type array, its declared return type is "Pantheon\Terminus\Request\RequestOperationResult"

/Users/brianweaver/repos/terminus/tests/unit_tests/Collections/BackupsTest.php:524
/Users/brianweaver/repos/terminus/tests/unit_tests/Collections/BackupsTest.php:359

7) Pantheon\Terminus\UnitTests\Collections\BindingsTest::testGetByType
PHPUnit\Framework\MockObject\IncompatibleReturnValueException: Method request may not return value of type array, its declared return type is "Pantheon\Terminus\Request\RequestOperationResult"

/Users/brianweaver/repos/terminus/tests/unit_tests/Collections/BindingsTest.php:374
/Users/brianweaver/repos/terminus/tests/unit_tests/Collections/BindingsTest.php:312

8) Pantheon\Terminus\UnitTests\Collections\DomainsTest::testCreate
PHPUnit\Framework\MockObject\RuntimeException: Return value for Pantheon\Terminus\Request\Request::request() cannot be generated: Class "Pantheon\Terminus\Request\RequestOperationResult" is declared "final" and cannot be doubled

/Users/brianweaver/repos/terminus/src/Collections/Domains.php:35
/Users/brianweaver/repos/terminus/tests/unit_tests/Collections/DomainsTest.php:82

9) Pantheon\Terminus\UnitTests\Collections\DomainsTest::testFetchWithRecommendations
PHPUnit\Framework\MockObject\IncompatibleReturnValueException: Method request may not return value of type array, its declared return type is "Pantheon\Terminus\Request\RequestOperationResult"

/Users/brianweaver/repos/terminus/tests/unit_tests/Collections/DomainsTest.php:102

10) Pantheon\Terminus\UnitTests\Collections\EnvironmentsTest::testIDs
PHPUnit\Framework\MockObject\IncompatibleReturnValueException: Method request may not return value of type array, its declared return type is "Pantheon\Terminus\Request\RequestOperationResult"

/Users/brianweaver/repos/terminus/tests/unit_tests/Collections/EnvironmentsTest.php:216
/Users/brianweaver/repos/terminus/tests/unit_tests/Collections/EnvironmentsTest.php:149

11) Pantheon\Terminus\UnitTests\Collections\EnvironmentsTest::testMultidev
PHPUnit\Framework\MockObject\IncompatibleReturnValueException: Method request may not return value of type array, its declared return type is "Pantheon\Terminus\Request\RequestOperationResult"

/Users/brianweaver/repos/terminus/tests/unit_tests/Collections/EnvironmentsTest.php:216
/Users/brianweaver/repos/terminus/tests/unit_tests/Collections/EnvironmentsTest.php:159

12) Pantheon\Terminus\UnitTests\Collections\EnvironmentsTest::testSerializeFrozen
PHPUnit\Framework\MockObject\IncompatibleReturnValueException: Method request may not return value of type array, its declared return type is "Pantheon\Terminus\Request\RequestOperationResult"

/Users/brianweaver/repos/terminus/tests/unit_tests/Collections/EnvironmentsTest.php:216
/Users/brianweaver/repos/terminus/tests/unit_tests/Collections/EnvironmentsTest.php:176

13) Pantheon\Terminus\UnitTests\Collections\EnvironmentsTest::testSerializeUnfrozen
PHPUnit\Framework\MockObject\IncompatibleReturnValueException: Method request may not return value of type array, its declared return type is "Pantheon\Terminus\Request\RequestOperationResult"

/Users/brianweaver/repos/terminus/tests/unit_tests/Collections/EnvironmentsTest.php:216
/Users/brianweaver/repos/terminus/tests/unit_tests/Collections/EnvironmentsTest.php:193

14) Pantheon\Terminus\UnitTests\Collections\PaymentMethodsTest::testGetWhenNotFound
Error: Call to undefined method Pantheon\Terminus\UnitTests\Collections\PaymentMethodsTest::setExpectedException()

/Users/brianweaver/repos/terminus/tests/unit_tests/Collections/PaymentMethodsTest.php:54

15) Pantheon\Terminus\UnitTests\Collections\PaymentMethodsTest::testGetWhenMultipleMatches
Error: Call to undefined method Pantheon\Terminus\UnitTests\Collections\PaymentMethodsTest::setExpectedException()

/Users/brianweaver/repos/terminus/tests/unit_tests/Collections/PaymentMethodsTest.php:65

16) Pantheon\Terminus\UnitTests\Collections\SSHKeysTest::testAddKey
PHPUnit\Framework\MockObject\RuntimeException: Return value for Pantheon\Terminus\Request\Request::request() cannot be generated: Class "Pantheon\Terminus\Request\RequestOperationResult" is declared "final" and cannot be doubled

/Users/brianweaver/repos/terminus/src/Collections/SSHKeys.php:44
/Users/brianweaver/repos/terminus/tests/unit_tests/Collections/SSHKeysTest.php:40

17) Pantheon\Terminus\UnitTests\Collections\SSHKeysTest::testDeleteAll
PHPUnit\Framework\MockObject\RuntimeException: Return value for Pantheon\Terminus\Request\Request::request() cannot be generated: Class "Pantheon\Terminus\Request\RequestOperationResult" is declared "final" and cannot be doubled

/Users/brianweaver/repos/terminus/src/Collections/SSHKeys.php:59
/Users/brianweaver/repos/terminus/tests/unit_tests/Collections/SSHKeysTest.php:53

18) Pantheon\Terminus\UnitTests\Collections\SSHKeysTest::testFetch
PHPUnit\Framework\MockObject\IncompatibleReturnValueException: Method request may not return value of type array, its declared return type is "Pantheon\Terminus\Request\RequestOperationResult"

/Users/brianweaver/repos/terminus/tests/unit_tests/Collections/SSHKeysTest.php:65

19) Pantheon\Terminus\UnitTests\Collections\SitesTest::testGetByUUID
Pantheon\Terminus\Exceptions\TerminusException: Could not locate a site your user may access identified by 11111111-1111-1111-1111-111111111111.

/Users/brianweaver/repos/terminus/src/Collections/Sites.php:206
/Users/brianweaver/repos/terminus/tests/unit_tests/Collections/SitesTest.php:261

20) Pantheon\Terminus\UnitTests\Collections\SitesTest::testGetByName
PHPUnit\Framework\MockObject\IncompatibleReturnValueException: Method request may not return value of type array, its declared return type is "Pantheon\Terminus\Request\RequestOperationResult"

/Users/brianweaver/repos/terminus/tests/unit_tests/Collections/SitesTest.php:285

21) Pantheon\Terminus\UnitTests\Collections\SitesTest::testGetWhenDNE
Error: Call to undefined method Pantheon\Terminus\UnitTests\Collections\SitesTest::setExpectedException()

/Users/brianweaver/repos/terminus/tests/unit_tests/Collections/SitesTest.php:340

22) Pantheon\Terminus\UnitTests\Collections\SitesTest::testNameIsNotTaken
Exception: 404 Not Found

/Users/brianweaver/repos/terminus/tests/unit_tests/Collections/SitesTest.php:362

23) Pantheon\Terminus\UnitTests\Collections\SitesTest::testNameIsTaken
Exception: 403 Forbidden

/Users/brianweaver/repos/terminus/tests/unit_tests/Collections/SitesTest.php:381

24) Pantheon\Terminus\UnitTests\Collections\SitesTest::testNameIsTakenAndMine
PHPUnit\Framework\MockObject\IncompatibleReturnValueException: Method request may not return value of type array, its declared return type is "Pantheon\Terminus\Request\RequestOperationResult"

/Users/brianweaver/repos/terminus/tests/unit_tests/Collections/SitesTest.php:400

25) Pantheon\Terminus\UnitTests\Collections\TagsTest::testCreate
PHPUnit\Framework\MockObject\RuntimeException: Return value for Pantheon\Terminus\Request\Request::request() cannot be generated: Class "Pantheon\Terminus\Request\RequestOperationResult" is declared "final" and cannot be doubled

/Users/brianweaver/repos/terminus/src/Collections/Tags.php:47
/Users/brianweaver/repos/terminus/tests/unit_tests/Collections/TagsTest.php:82

26) Pantheon\Terminus\UnitTests\Collections\TerminusCollectionTest::testDataFunctions
Error: Unknown named parameter $data

/Users/brianweaver/repos/terminus/tests/unit_tests/Collections/TerminusCollectionTest.php:91

27) Pantheon\Terminus\UnitTests\Collections\UserSiteMembershipsTest::testFetch
Error: Unknown named parameter $id

/Users/brianweaver/repos/terminus/tests/unit_tests/Collections/UserSiteMembershipsTest.php:35

28) Pantheon\Terminus\UnitTests\Collections\WorkflowsTest::testCreate
PHPUnit\Framework\MockObject\IncompatibleReturnValueException: Method request may not return value of type array, its declared return type is "Pantheon\Terminus\Request\RequestOperationResult"

/Users/brianweaver/repos/terminus/tests/unit_tests/Collections/WorkflowsTest.php:162

29) Pantheon\Terminus\UnitTests\Collections\WorkflowsTest::testFetchWithOperations
PHPUnit\Framework\MockObject\IncompatibleReturnValueException: Method request may not return value of type array, its declared return type is "Pantheon\Terminus\Request\RequestOperationResult"

/Users/brianweaver/repos/terminus/tests/unit_tests/Collections/WorkflowsTest.php:207

30) Pantheon\Terminus\UnitTests\Commands\AliasesCommandTest::testAliases
TypeError: get_class(): Argument #1 ($object) must be of type object, null given

/Users/brianweaver/repos/terminus/src/Commands/AliasesCommand.php:70
/Users/brianweaver/repos/terminus/tests/unit_tests/Commands/AliasesCommandTest.php:132

31) Pantheon\Terminus\UnitTests\Commands\ArtCommandTest::testArt
Error: Call to undefined method Pantheon\Terminus\UnitTests\Commands\ArtCommandTest::assertInternalType()

/Users/brianweaver/repos/terminus/tests/unit_tests/Commands/ArtCommandTest.php:106

32) Pantheon\Terminus\UnitTests\Commands\ArtCommandTest::testArtRandom
Error: Call to undefined method Pantheon\Terminus\UnitTests\Commands\ArtCommandTest::assertInternalType()

/Users/brianweaver/repos/terminus/tests/unit_tests/Commands/ArtCommandTest.php:126

33) Pantheon\Terminus\UnitTests\Commands\ArtCommandTest::testArtDNE
Error: Call to undefined method Pantheon\Terminus\UnitTests\Commands\ArtCommandTest::setExpectedException()

/Users/brianweaver/repos/terminus/tests/unit_tests/Commands/ArtCommandTest.php:143

34) Pantheon\Terminus\UnitTests\Commands\Auth\LoginCommandTest::testLogInWithMachineToken
TypeError: count(): Argument #1 ($value) must be of type Countable|array, null given

/Users/brianweaver/repos/terminus/src/Commands/Auth/LoginCommand.php:57
/Users/brianweaver/repos/terminus/tests/unit_tests/Commands/Auth/LoginCommandTest.php:72

35) Pantheon\Terminus\UnitTests\Commands\Auth\LoginCommandTest::testLogInWithEmail
TypeError: count(): Argument #1 ($value) must be of type Countable|array, null given

/Users/brianweaver/repos/terminus/src/Commands/Auth/LoginCommand.php:72
/Users/brianweaver/repos/terminus/tests/unit_tests/Commands/Auth/LoginCommandTest.php:97

36) Pantheon\Terminus\UnitTests\Commands\Auth\LoginCommandTest::testLogInWithSoloSavedToken
Pantheon\Terminus\Exceptions\TerminusException: Please visit the dashboard to generate a machine token:
:///machine-token/create/sputnik.local

/Users/brianweaver/repos/terminus/src/Commands/Auth/LoginCommand.php:73
/Users/brianweaver/repos/terminus/tests/unit_tests/Commands/Auth/LoginCommandTest.php:132

37) Pantheon\Terminus\UnitTests\Commands\Auth\LoginCommandTest::testCannotLogInWithoutTokens
Pantheon\Terminus\Exceptions\TerminusException: Please visit the dashboard to generate a machine token:
:///machine-token/create/sputnik.local

/Users/brianweaver/repos/terminus/src/Commands/Auth/LoginCommand.php:73
/Users/brianweaver/repos/terminus/tests/unit_tests/Commands/Auth/LoginCommandTest.php:147

38) Pantheon\Terminus\UnitTests\Commands\Auth\LoginCommandTest::testCannotLogInWithoutIndicatingWhichToken
Pantheon\Terminus\Exceptions\TerminusException: Tokens were saved for the following email addresses:
token1
token2
You may log in via `terminus auth:login --email=<email>`, or you may visit the dashboard to generate a machine token:
:///machine-token/create/sputnik.local

/Users/brianweaver/repos/terminus/src/Commands/Auth/LoginCommand.php:58
/Users/brianweaver/repos/terminus/tests/unit_tests/Commands/Auth/LoginCommandTest.php:166

39) Pantheon\Terminus\UnitTests\Commands\Backup\CreateCommandTest::testCreateBackupFailure
Error: Call to undefined method Pantheon\Terminus\UnitTests\Commands\Backup\CreateCommandTest::setExpectedException()

/Users/brianweaver/repos/terminus/tests/unit_tests/Commands/Backup/CreateCommandTest.php:146

40) Pantheon\Terminus\UnitTests\Commands\Backup\GetCommandTest::testGetBackupWithInvalidFile
Error: Call to undefined method Pantheon\Terminus\UnitTests\Commands\Backup\GetCommandTest::setExpectedException()

/Users/brianweaver/repos/terminus/tests/unit_tests/Commands/Backup/GetCommandTest.php:81

41) Pantheon\Terminus\UnitTests\Commands\Backup\GetCommandTest::testGetBackupNoBackups
Error: Call to undefined method Pantheon\Terminus\UnitTests\Commands\Backup\GetCommandTest::setExpectedException()

/Users/brianweaver/repos/terminus/tests/unit_tests/Commands/Backup/GetCommandTest.php:106

42) Pantheon\Terminus\UnitTests\Commands\Backup\RestoreCommandTest::testRestoreBackupWithFileSucceeds
Pantheon\Terminus\Exceptions\TerminusException:

/Users/brianweaver/repos/terminus/src/Commands/Backup/RestoreCommand.php:51
/Users/brianweaver/repos/terminus/tests/unit_tests/Commands/Backup/RestoreCommandTest.php:59

43) Pantheon\Terminus\UnitTests\Commands\Backup\RestoreCommandTest::testRestoreBackupWithFileFails
Error: Call to undefined method Pantheon\Terminus\UnitTests\Commands\Backup\RestoreCommandTest::setExpectedException()

/Users/brianweaver/repos/terminus/tests/unit_tests/Commands/Backup/RestoreCommandTest.php:95

44) Pantheon\Terminus\UnitTests\Commands\Backup\RestoreCommandTest::testRestoreBackupWithInvalidFile
Error: Call to undefined method Pantheon\Terminus\UnitTests\Commands\Backup\RestoreCommandTest::setExpectedException()

/Users/brianweaver/repos/terminus/tests/unit_tests/Commands/Backup/RestoreCommandTest.php:113

45) Pantheon\Terminus\UnitTests\Commands\Backup\RestoreCommandTest::testRestoreBackupWithElementSucceeds
Pantheon\Terminus\Exceptions\TerminusException:

/Users/brianweaver/repos/terminus/src/Commands/Backup/RestoreCommand.php:51
/Users/brianweaver/repos/terminus/tests/unit_tests/Commands/Backup/RestoreCommandTest.php:142

46) Pantheon\Terminus\UnitTests\Commands\Backup\RestoreCommandTest::testRestoreBackupWithElementFails
Error: Call to undefined method Pantheon\Terminus\UnitTests\Commands\Backup\RestoreCommandTest::setExpectedException()

/Users/brianweaver/repos/terminus/tests/unit_tests/Commands/Backup/RestoreCommandTest.php:176

47) Pantheon\Terminus\UnitTests\Commands\Backup\RestoreCommandTest::testRestoreNoBackups
Error: Call to undefined method Pantheon\Terminus\UnitTests\Commands\Backup\RestoreCommandTest::setExpectedException()

/Users/brianweaver/repos/terminus/tests/unit_tests/Commands/Backup/RestoreCommandTest.php:202

48) Pantheon\Terminus\UnitTests\Commands\Connection\SetCommandTest::testConnectionSetThrowsError
Error: Call to undefined method Pantheon\Terminus\UnitTests\Commands\Connection\SetCommandTest::setExpectedException()

/Users/brianweaver/repos/terminus/tests/unit_tests/Commands/Connection/SetCommandTest.php:96

49) Pantheon\Terminus\UnitTests\Commands\Connection\SetCommandTest::testConnectionSetInvalidTestEnv
Error: Call to undefined method Pantheon\Terminus\UnitTests\Commands\Connection\SetCommandTest::setExpectedException()

/Users/brianweaver/repos/terminus/tests/unit_tests/Commands/Connection/SetCommandTest.php:173

50) Pantheon\Terminus\UnitTests\Commands\Connection\SetCommandTest::testConnectionSetInvalidLiveEnv
Error: Call to undefined method Pantheon\Terminus\UnitTests\Commands\Connection\SetCommandTest::setExpectedException()

/Users/brianweaver/repos/terminus/tests/unit_tests/Commands/Connection/SetCommandTest.php:189

51) Pantheon\Terminus\UnitTests\Commands\Domain\AddCommandTest::testAdd
PHPUnit\Framework\MockObject\RuntimeException: Return value for Pantheon\Terminus\Collections\Domains::create() cannot be generated: Class "Pantheon\Terminus\Request\RequestOperationResult" is declared "final" and cannot be doubled

/Users/brianweaver/repos/terminus/src/Commands/Domain/AddCommand.php:47
/Users/brianweaver/repos/terminus/tests/unit_tests/Commands/Domain/AddCommandTest.php:51

52) Pantheon\Terminus\UnitTests\Commands\Domain\LookupCommandTest::testLookupDNE
Error: Call to undefined method Pantheon\Terminus\UnitTests\Commands\Domain\LookupCommandTest::setExpectedException()

/Users/brianweaver/repos/terminus/tests/unit_tests/Commands/Domain/LookupCommandTest.php:90

53) Pantheon\Terminus\UnitTests\Commands\Domain\RemoveCommandTest::testRemove
PHPUnit\Framework\MockObject\RuntimeException: Return value for Pantheon\Terminus\Models\Domain::delete() cannot be generated: Class "Pantheon\Terminus\Request\RequestOperationResult" is declared "final" and cannot be doubled

/Users/brianweaver/repos/terminus/src/Commands/Domain/RemoveCommand.php:48
/Users/brianweaver/repos/terminus/tests/unit_tests/Commands/Domain/RemoveCommandTest.php:55

54) Pantheon\Terminus\UnitTests\Commands\Env\ClearCacheCommandTest::testGetClearCache
Error: Call to a member function isFrozen() on null

/Users/brianweaver/repos/terminus/src/Commands/Env/ClearCacheCommand.php:50
/Users/brianweaver/repos/terminus/tests/unit_tests/Commands/Env/ClearCacheCommandTest.php:53

55) Pantheon\Terminus\UnitTests\Commands\Env\CloneContentCommandTest::testCloneFilesToUninitialized
Error: Call to undefined method Pantheon\Terminus\UnitTests\Commands\Env\CloneContentCommandTest::setExpectedException()

/Users/brianweaver/repos/terminus/tests/unit_tests/Commands/Env/CloneContentCommandTest.php:204

56) Pantheon\Terminus\UnitTests\Commands\Env\CloneContentCommandTest::testCloneFilesFromUninitialized
Error: Call to undefined method Pantheon\Terminus\UnitTests\Commands\Env\CloneContentCommandTest::setExpectedException()

/Users/brianweaver/repos/terminus/tests/unit_tests/Commands/Env/CloneContentCommandTest.php:241

57) Pantheon\Terminus\UnitTests\Commands\Env\CloneContentCommandTest::testCloneNone
Error: Call to undefined method Pantheon\Terminus\UnitTests\Commands\Env\CloneContentCommandTest::setExpectedException()

/Users/brianweaver/repos/terminus/tests/unit_tests/Commands/Env/CloneContentCommandTest.php:252

58) Pantheon\Terminus\UnitTests\Commands\Env\DeployCommandTest::testDeploySyncFromUninitialized
Error: Call to undefined method Pantheon\Terminus\UnitTests\Commands\Env\DeployCommandTest::setExpectedException()

/Users/brianweaver/repos/terminus/tests/unit_tests/Commands/Env/DeployCommandTest.php:180

59) Pantheon\Terminus\UnitTests\Commands\Env\MetricsCommandTest::testLog
PHPUnit\Framework\MockObject\MethodCannotBeConfiguredException: Trying to configure method "setSeriesId" which cannot be configured because it does not exist, has not been specified, is final, or is static

/Users/brianweaver/repos/terminus/tests/unit_tests/Commands/Env/MetricsCommandTest.php:31

60) Pantheon\Terminus\UnitTests\Commands\Env\WakeCommandTest::testWakeFailUnreachable
Error: Call to undefined method Pantheon\Terminus\UnitTests\Commands\Env\WakeCommandTest::setExpectedException()

/Users/brianweaver/repos/terminus/tests/unit_tests/Commands/Env/WakeCommandTest.php:59

61) Pantheon\Terminus\UnitTests\Commands\Env\WakeCommandTest::testWakeFail
Error: Call to undefined method Pantheon\Terminus\UnitTests\Commands\Env\WakeCommandTest::setExpectedException()

/Users/brianweaver/repos/terminus/tests/unit_tests/Commands/Env/WakeCommandTest.php:75

62) Pantheon\Terminus\UnitTests\HTTPS\RemoveCommandTest::testRemoveFailed
Error: Call to undefined method Pantheon\Terminus\UnitTests\HTTPS\RemoveCommandTest::setExpectedException()

/Users/brianweaver/repos/terminus/tests/unit_tests/Commands/HTTPS/RemoveCommandTest.php:68

63) Pantheon\Terminus\UnitTests\Commands\Import\SiteCommandTest::testSiteImportInvalidURL
Error: Call to undefined method Pantheon\Terminus\UnitTests\Commands\Import\SiteCommandTest::setExpectedException()

/Users/brianweaver/repos/terminus/tests/unit_tests/Commands/Import/SiteCommandTest.php:85

64) Pantheon\Terminus\UnitTests\Commands\Import\SiteCommandTest::testSiteImportUnspecifiedException
Error: Call to undefined method Pantheon\Terminus\UnitTests\Commands\Import\SiteCommandTest::setExpectedException()

/Users/brianweaver/repos/terminus/tests/unit_tests/Commands/Import/SiteCommandTest.php:110

65) Pantheon\Terminus\UnitTests\Commands\MachineToken\MachineTokenDeleteCommandTest::testMachineTokenDeleteNonExistant
Error: Call to undefined method Pantheon\Terminus\UnitTests\Commands\MachineToken\MachineTokenDeleteCommandTest::setExpectedException()

/Users/brianweaver/repos/terminus/tests/unit_tests/Commands/MachineToken/MachineTokensDeleteCommandTest.php:69

66) Pantheon\Terminus\UnitTests\Commands\MachineToken\MachineTokenDeleteCommandTest::testMachineTokenDeleteAPIFailure
Error: Call to undefined method Pantheon\Terminus\UnitTests\Commands\MachineToken\MachineTokenDeleteCommandTest::setExpectedException()

/Users/brianweaver/repos/terminus/tests/unit_tests/Commands/MachineToken/MachineTokensDeleteCommandTest.php:89

67) Pantheon\Terminus\UnitTests\Commands\Multidev\DeleteCommandTest::testMultidevDeleteFailure
Error: Call to undefined method Pantheon\Terminus\UnitTests\Commands\Multidev\DeleteCommandTest::setExpectedException()

/Users/brianweaver/repos/terminus/tests/unit_tests/Commands/Multidev/DeleteCommandTest.php:104

68) Pantheon\Terminus\UnitTests\Commands\Owner\SetCommandTest::testOwnerSetInvalidOwner
Error: Call to undefined method Pantheon\Terminus\UnitTests\Commands\Owner\SetCommandTest::setExpectedException()

/Users/brianweaver/repos/terminus/tests/unit_tests/Commands/Owner/SetCommandTest.php:114

69) Pantheon\Terminus\UnitTests\Commands\Owner\SetCommandTest::testOwnerSetDontCatchException
Error: Call to undefined method Pantheon\Terminus\UnitTests\Commands\Owner\SetCommandTest::setExpectedException()

/Users/brianweaver/repos/terminus/tests/unit_tests/Commands/Owner/SetCommandTest.php:138

70) Pantheon\Terminus\UnitTests\Commands\Remote\SSHBaseCommandTest::testExecuteCommand
PHPUnit\Framework\MockObject\MethodCannotBeConfiguredException: Trying to configure method "exec_interactive" which cannot be configured because it does not exist, has not been specified, is final, or is static

/Users/brianweaver/repos/terminus/tests/unit_tests/Commands/Remote/SSHBaseCommandTest.php:39

71) Pantheon\Terminus\UnitTests\Commands\Remote\SSHBaseCommandTest::testExecuteCommandNonzeroStatus
PHPUnit\Framework\MockObject\MethodCannotBeConfiguredException: Trying to configure method "exec_interactive" which cannot be configured because it does not exist, has not been specified, is final, or is static

/Users/brianweaver/repos/terminus/tests/unit_tests/Commands/Remote/SSHBaseCommandTest.php:39

72) Pantheon\Terminus\UnitTests\Commands\Remote\SSHBaseCommandTest::testExecuteCommandInGitMode
PHPUnit\Framework\MockObject\MethodCannotBeConfiguredException: Trying to configure method "exec_interactive" which cannot be configured because it does not exist, has not been specified, is final, or is static

/Users/brianweaver/repos/terminus/tests/unit_tests/Commands/Remote/SSHBaseCommandTest.php:39

73) Pantheon\Terminus\UnitTests\Commands\SSHKey\RemoveCommandTest::testSSHKeysDeleteNonExistant
Error: Call to undefined method Pantheon\Terminus\UnitTests\Commands\SSHKey\RemoveCommandTest::setExpectedException()

/Users/brianweaver/repos/terminus/tests/unit_tests/Commands/SSHKey/RemoveCommandTest.php:76

74) Pantheon\Terminus\UnitTests\Commands\SSHKey\RemoveCommandTest::testSSHKeysDeleteAPIFailure
Error: Call to undefined method Pantheon\Terminus\UnitTests\Commands\SSHKey\RemoveCommandTest::setExpectedException()

/Users/brianweaver/repos/terminus/tests/unit_tests/Commands/SSHKey/RemoveCommandTest.php:103

75) Pantheon\Terminus\UnitTests\Commands\Self\ClearCacheCommandTest::testClearCache
Error: Class "Symfony\Component\Finder\Tests\Iterator\Iterator" not found

/Users/brianweaver/repos/terminus/tests/unit_tests/Commands/Self/ClearCacheCommandTest.php:87

76) Pantheon\Terminus\UnitTests\Commands\Site\CreateCommandTest::testCreateDuplicate
Error: Call to undefined method Pantheon\Terminus\UnitTests\Commands\Site\CreateCommandTest::setExpectedException()

/Users/brianweaver/repos/terminus/tests/unit_tests/Commands/Site/CreateCommandTest.php:154

77) Pantheon\Terminus\UnitTests\Commands\Site\DeleteCommandTest::testDelete
Pantheon\Terminus\Exceptions\TerminusNotFoundException: Cannot find site

/Users/brianweaver/repos/terminus/src/Commands/Site/DeleteCommand.php:35
/Users/brianweaver/repos/terminus/tests/unit_tests/Commands/Site/DeleteCommandTest.php:79

78) Pantheon\Terminus\UnitTests\Commands\Site\DeleteCommandTest::testDelete404
Pantheon\Terminus\Exceptions\TerminusNotFoundException: Cannot find site

/Users/brianweaver/repos/terminus/src/Commands/Site/DeleteCommand.php:35
/Users/brianweaver/repos/terminus/tests/unit_tests/Commands/Site/DeleteCommandTest.php:105

79) Pantheon\Terminus\UnitTests\Commands\Site\DeleteCommandTest::testDeleteErrs
Error: Call to undefined method Pantheon\Terminus\UnitTests\Commands\Site\DeleteCommandTest::setExpectedException()

/Users/brianweaver/repos/terminus/tests/unit_tests/Commands/Site/DeleteCommandTest.php:123

80) Pantheon\Terminus\UnitTests\Commands\Site\DeleteCommandTest::testDeleteFailure
Error: Call to undefined method Pantheon\Terminus\UnitTests\Commands\Site\DeleteCommandTest::setExpectedException()

/Users/brianweaver/repos/terminus/tests/unit_tests/Commands/Site/DeleteCommandTest.php:147

81) Pantheon\Terminus\UnitTests\Commands\Site\LookupCommandTest::testSiteLooupDoesNotExist
Exception: A site named my-site was not found.

/Users/brianweaver/repos/terminus/tests/unit_tests/Commands/Site/LookupCommandTest.php:56

82) Pantheon\Terminus\UnitTests\Commands\Site\Team\RemoveCommandTest::testRemoveCommandErrs
Error: Call to undefined method Pantheon\Terminus\UnitTests\Commands\Site\Team\RemoveCommandTest::setExpectedException()

/Users/brianweaver/repos/terminus/tests/unit_tests/Commands/Site/Team/RemoveCommandTest.php:91

83) Pantheon\Terminus\UnitTests\Commands\Site\Team\RoleCommandTest::testRoleCommandRestricted
Error: Call to undefined method Pantheon\Terminus\UnitTests\Commands\Site\Team\RoleCommandTest::setExpectedException()

/Users/brianweaver/repos/terminus/tests/unit_tests/Commands/Site/Team/RoleCommandTest.php:76

84) Pantheon\Terminus\UnitTests\Commands\Site\Upstream\SetCommandTest::testSetFailure
Error: Call to undefined method Pantheon\Terminus\UnitTests\Commands\Site\Upstream\SetCommandTest::setExpectedException()

/Users/brianweaver/repos/terminus/tests/unit_tests/Commands/Site/Upstream/SetCommandTest.php:189

85) Pantheon\Terminus\UnitTests\Commands\Site\Upstream\SetCommandTest::testSetInsufficientPermission
Error: Call to undefined method Pantheon\Terminus\UnitTests\Commands\Site\Upstream\SetCommandTest::setExpectedException()

/Users/brianweaver/repos/terminus/tests/unit_tests/Commands/Site/Upstream/SetCommandTest.php:211

86) Pantheon\Terminus\UnitTests\Commands\Site\Upstream\SetCommandTest::testSetUpstreamDNE
Error: Call to undefined method Pantheon\Terminus\UnitTests\Commands\Site\Upstream\SetCommandTest::setExpectedException()

/Users/brianweaver/repos/terminus/tests/unit_tests/Commands/Site/Upstream/SetCommandTest.php:285

87) Pantheon\Terminus\UnitTests\Commands\Upstream\Updates\ApplyCommandTest::testApplyUpdatesTestOrLive
PHPUnit\Framework\MockObject\MethodCannotBeConfiguredException: Trying to configure method "getUpdates" which cannot be configured because it does not exist, has not been specified, is final, or is static

/Users/brianweaver/repos/terminus/tests/unit_tests/Commands/Upstream/Updates/ApplyCommandTest.php:151

88) Pantheon\Terminus\UnitTests\Commands\Upstream\Updates\ListCommandTest::testListUpstreamsErred
PHPUnit\Framework\MockObject\MethodCannotBeConfiguredException: Trying to configure method "getUpdates" which cannot be configured because it does not exist, has not been specified, is final, or is static

/Users/brianweaver/repos/terminus/tests/unit_tests/Commands/Upstream/Updates/ListCommandTest.php:118

89) Pantheon\Terminus\UnitTests\Config\DefaultsConfigTest::testGetSourceName
Error: Call to undefined method Pantheon\Terminus\UnitTests\Config\DefaultsConfigTest::assertInternalType()

/Users/brianweaver/repos/terminus/tests/unit_tests/Config/DefaultsConfigTest.php:78

90) Pantheon\Terminus\UnitTests\Config\DefaultsConfigTest::testGetTerminusRootInvalid
Error: Call to undefined method Pantheon\Terminus\UnitTests\Config\DefaultsConfigTest::setExpectedException()

/Users/brianweaver/repos/terminus/tests/unit_tests/Config/DefaultsConfigTest.php:95

91) Pantheon\Terminus\UnitTests\DataStore\FileStoreTest::testGetSet
UnexpectedValueException: DirectoryIterator::__construct(/private/var/folders/19/6ps4prs51cz57q2k51f84ppr0000gq/T/terminus_test_5jzSGv): Failed to open directory: No such file or directory

/Users/brianweaver/repos/terminus/tests/unit_tests/DataStore/FileStoreTest.php:17

92) Pantheon\Terminus\UnitTests\Helpers\DrushRcEmitterTest::testDrushrcEmitter
Error: Call to a member function debug() on null

/Users/brianweaver/repos/terminus/src/Helpers/AliasEmitters/AliasesDrushRcBase.php:27
/Users/brianweaver/repos/terminus/src/Helpers/AliasEmitters/AliasesDrushRcEmitter.php:42
/Users/brianweaver/repos/terminus/tests/unit_tests/Helpers/DrushRcEmitterTest.php:28

93) Pantheon\Terminus\UnitTests\Helpers\PrintingEmitterTest::testPrintingEmitter
Error: Call to a member function debug() on null

/Users/brianweaver/repos/terminus/src/Helpers/AliasEmitters/AliasesDrushRcBase.php:27
/Users/brianweaver/repos/terminus/src/Helpers/AliasEmitters/PrintingEmitter.php:36
/Users/brianweaver/repos/terminus/tests/unit_tests/Helpers/PrintingEmitterTest.php:28

94) Pantheon\Terminus\UnitTests\Helpers\TemplateTest::testProcess with data set #0 (''MULTIDEV':\n  host: appserve... false', 'fragment.site.yml.tmpl', array('MYSITE', 'MULTIDEV', 'MULTIDEV', '00000000-0000-0000-0000-000000000000'))
Pantheon\Terminus\Exceptions\TerminusException: Failed rendering template fragment.site.yml.tmpl: Unable to find template "fragment.site.yml.tmpl" (looked into: /Users/brianweaver/repos/terminus/templates/aliases).

/Users/brianweaver/repos/terminus/src/Helpers/AliasEmitters/Template.php:68
/Users/brianweaver/repos/terminus/tests/unit_tests/Helpers/TemplateTest.php:73

95) Pantheon\Terminus\UnitTests\Helpers\TemplateTest::testProcess with data set #1 (''MULTIDEV':\n  host: appserve... false', 'fragment.site.yml.tmpl', array('MYSITE', 'MULTIDEV', 'MULTIDEV', '00000000-0000-0000-0000-000000000000', 'SECRETSECRET', '10101'))
Pantheon\Terminus\Exceptions\TerminusException: Failed rendering template fragment.site.yml.tmpl: Unable to find template "fragment.site.yml.tmpl" (looked into: /Users/brianweaver/repos/terminus/templates/aliases).

/Users/brianweaver/repos/terminus/src/Helpers/AliasEmitters/Template.php:68
/Users/brianweaver/repos/terminus/tests/unit_tests/Helpers/TemplateTest.php:73

96) Pantheon\Terminus\UnitTests\Hooks\AuthorizerTest::testEnsureLoginNoTokens
Error: Call to undefined method Pantheon\Terminus\UnitTests\Hooks\AuthorizerTest::setExpectedException()

/Users/brianweaver/repos/terminus/tests/unit_tests/Hooks/AuthorizerTest.php:175

97) Pantheon\Terminus\UnitTests\Hooks\RoleValidatorTest::testValidateRoleOrgInvalid
Error: Call to undefined method Pantheon\Terminus\UnitTests\Hooks\RoleValidatorTest::setExpectedException()

/Users/brianweaver/repos/terminus/tests/unit_tests/Hooks/RoleValidatorTest.php:229
/Users/brianweaver/repos/terminus/tests/unit_tests/Hooks/RoleValidatorTest.php:94

98) Pantheon\Terminus\UnitTests\Hooks\RoleValidatorTest::testValidateRoleSiteInvalid
Error: Call to undefined method Pantheon\Terminus\UnitTests\Hooks\RoleValidatorTest::setExpectedException()

/Users/brianweaver/repos/terminus/tests/unit_tests/Hooks/RoleValidatorTest.php:229
/Users/brianweaver/repos/terminus/tests/unit_tests/Hooks/RoleValidatorTest.php:123

99) Pantheon\Terminus\UnitTests\Hooks\RoleValidatorTest::testValidateRoleWrongCommand
Error: Call to undefined method Pantheon\Terminus\UnitTests\Hooks\RoleValidatorTest::setExpectedException()

/Users/brianweaver/repos/terminus/tests/unit_tests/Hooks/RoleValidatorTest.php:214
/Users/brianweaver/repos/terminus/tests/unit_tests/Hooks/RoleValidatorTest.php:152

100) Pantheon\Terminus\UnitTests\Hooks\SiteEnvLookupTest::testEnsureSiteEnvInjected with data set #0 (array('command: example:op', 'site_env: site-from-config.dev', 'list: [a, b]'), array('program', 'example:op', 'a', 'b'), Symfony\Component\Console\Input\InputDefinition Object (...), array('site-from-config', 'dev'))
PHPUnit\Framework\MockObject\MethodCannotBeConfiguredException: Trying to configure method "someMethod" which cannot be configured because it does not exist, has not been specified, is final, or is static

/Users/brianweaver/repos/terminus/tests/unit_tests/Hooks/SiteEnvLookupTest.php:109

101) Pantheon\Terminus\UnitTests\Hooks\SiteEnvLookupTest::testEnsureSiteEnvInjected with data set #1 (array('command: example:op', 'site_env: othersite.test', 'list: [a, b]'), array('program', 'example:op', 'othersite.test', 'a', 'b'), Symfony\Component\Console\Input\InputDefinition Object (...), array('site-from-config', 'dev'))
PHPUnit\Framework\MockObject\MethodCannotBeConfiguredException: Trying to configure method "someMethod" which cannot be configured because it does not exist, has not been specified, is final, or is static

/Users/brianweaver/repos/terminus/tests/unit_tests/Hooks/SiteEnvLookupTest.php:109

102) Pantheon\Terminus\UnitTests\Hooks\SiteEnvLookupTest::testEnsureSiteEnvInjected with data set #2 (array('command: example:op', 'site_env: a', 'list: [b]'), array('program', 'example:op', 'a', 'b'), Symfony\Component\Console\Input\InputDefinition Object (...), array())
PHPUnit\Framework\MockObject\MethodCannotBeConfiguredException: Trying to configure method "someMethod" which cannot be configured because it does not exist, has not been specified, is final, or is static

/Users/brianweaver/repos/terminus/tests/unit_tests/Hooks/SiteEnvLookupTest.php:109

103) Pantheon\Terminus\UnitTests\Hooks\SiteEnvLookupTest::testEnsureSiteEnvInjected with data set #3 (array('command: example:op', 'site_env: site-from-config.dev', 'item: a'), array('program', 'example:op', 'a'), Symfony\Component\Console\Input\InputDefinition Object (...), array('site-from-config', 'dev'))
PHPUnit\Framework\MockObject\MethodCannotBeConfiguredException: Trying to configure method "someMethod" which cannot be configured because it does not exist, has not been specified, is final, or is static

/Users/brianweaver/repos/terminus/tests/unit_tests/Hooks/SiteEnvLookupTest.php:109

104) Pantheon\Terminus\UnitTests\Hooks\SiteEnvLookupTest::testEnsureSiteEnvInjected with data set #4 (array('command: example:op', 'site_env: othersite.test', 'item: a'), array('program', 'example:op', 'othersite.test', 'a'), Symfony\Component\Console\Input\InputDefinition Object (...), array('site-from-config', 'dev'))
PHPUnit\Framework\MockObject\MethodCannotBeConfiguredException: Trying to configure method "someMethod" which cannot be configured because it does not exist, has not been specified, is final, or is static

/Users/brianweaver/repos/terminus/tests/unit_tests/Hooks/SiteEnvLookupTest.php:109

105) Pantheon\Terminus\UnitTests\Hooks\SiteEnvLookupTest::testEnsureSiteEnvInjected with data set #5 (array('command: example:op', 'site_env: a', 'item: EMPTY'), array('program', 'example:op', 'a'), Symfony\Component\Console\Input\InputDefinition Object (...), array())
PHPUnit\Framework\MockObject\MethodCannotBeConfiguredException: Trying to configure method "someMethod" which cannot be configured because it does not exist, has not been specified, is final, or is static

/Users/brianweaver/repos/terminus/tests/unit_tests/Hooks/SiteEnvLookupTest.php:109

106) Pantheon\Terminus\UnitTests\Hooks\SiteEnvLookupTest::testEnsureSiteEnvInjected with data set #6 (array('command: example:op', 'site: site-from-config', 'item: a'), array('program', 'example:op', 'a'), Symfony\Component\Console\Input\InputDefinition Object (...), array('site-from-config', 'dev'))
PHPUnit\Framework\MockObject\MethodCannotBeConfiguredException: Trying to configure method "someMethod" which cannot be configured because it does not exist, has not been specified, is final, or is static

/Users/brianweaver/repos/terminus/tests/unit_tests/Hooks/SiteEnvLookupTest.php:109

107) Pantheon\Terminus\UnitTests\Hooks\SiteEnvLookupTest::testEnsureSiteEnvInjected with data set #7 (array('command: example:op', 'site: othersite', 'item: a'), array('program', 'example:op', 'othersite', 'a'), Symfony\Component\Console\Input\InputDefinition Object (...), array('site-from-config', 'dev'))
PHPUnit\Framework\MockObject\MethodCannotBeConfiguredException: Trying to configure method "someMethod" which cannot be configured because it does not exist, has not been specified, is final, or is static

/Users/brianweaver/repos/terminus/tests/unit_tests/Hooks/SiteEnvLookupTest.php:109

108) Pantheon\Terminus\UnitTests\Hooks\SiteEnvLookupTest::testEnsureSiteEnvInjected with data set #8 (array('command: example:op', 'site: EMPTY', 'item: a'), array('program', 'example:op', 'a'), Symfony\Component\Console\Input\InputDefinition Object (...), array())
PHPUnit\Framework\MockObject\MethodCannotBeConfiguredException: Trying to configure method "someMethod" which cannot be configured because it does not exist, has not been specified, is final, or is static

/Users/brianweaver/repos/terminus/tests/unit_tests/Hooks/SiteEnvLookupTest.php:109

109) Pantheon\Terminus\UnitTests\Hooks\SiteEnvLookupTest::testInjectSiteFromRepoUrlLookup
PHPUnit\Framework\MockObject\MethodCannotBeConfiguredException: Trying to configure method "someMethod" which cannot be configured because it does not exist, has not been specified, is final, or is static

/Users/brianweaver/repos/terminus/tests/unit_tests/Hooks/SiteEnvLookupTest.php:109

110) Pantheon\Terminus\UnitTests\Models\BackupTest::testGetArchiveURL
PHPUnit\Framework\MockObject\IncompatibleReturnValueException: Method request may not return value of type array, its declared return type is "Pantheon\Terminus\Request\RequestOperationResult"

/Users/brianweaver/repos/terminus/tests/unit_tests/Models/BackupTest.php:52

111) Pantheon\Terminus\UnitTests\Models\BackupTest::testRestore
Error: Call to undefined method Pantheon\Terminus\UnitTests\Models\BackupTest::setExpectedException()

/Users/brianweaver/repos/terminus/tests/unit_tests/Models/BackupTest.php:188

112) Pantheon\Terminus\UnitTests\Models\BindingTest::testGetUsernameWithLegacy
PHPUnit\Framework\MockObject\MethodCannotBeConfiguredException: Trying to configure method "getSite" which cannot be configured because it does not exist, has not been specified, is final, or is static

/Users/brianweaver/repos/terminus/tests/unit_tests/Models/BindingTest.php:34

113) Pantheon\Terminus\UnitTests\Models\BindingTest::testGetUsernameWithoutLegacy
PHPUnit\Framework\MockObject\MethodCannotBeConfiguredException: Trying to configure method "getSite" which cannot be configured because it does not exist, has not been specified, is final, or is static

/Users/brianweaver/repos/terminus/tests/unit_tests/Models/BindingTest.php:34

114) Pantheon\Terminus\UnitTests\Models\BranchTest::testSerialize
PHPUnit\Framework\MockObject\RuntimeException: Return value for Pantheon\Terminus\Request\Request::request() cannot be generated: Class "Pantheon\Terminus\Request\RequestOperationResult" is declared "final" and cannot be doubled

/Users/brianweaver/repos/terminus/src/Models/TerminusModel.php:73
/Users/brianweaver/repos/terminus/tests/unit_tests/Models/BranchTest.php:79

115) Pantheon\Terminus\UnitTests\Models\DomainTest::testDelete
PHPUnit\Framework\MockObject\RuntimeException: Return value for Pantheon\Terminus\Request\Request::request() cannot be generated: Class "Pantheon\Terminus\Request\RequestOperationResult" is declared "final" and cannot be doubled

/Users/brianweaver/repos/terminus/src/Models/Domain.php:46
/Users/brianweaver/repos/terminus/tests/unit_tests/Models/DomainTest.php:90

116) Pantheon\Terminus\UnitTests\Models\EnvironmentTest::testApplyUpstreamUpdates
Error: Call to a member function request() on null

/Users/brianweaver/repos/terminus/src/Collections/Workflows.php:96
/Users/brianweaver/repos/terminus/src/Models/Environment.php:76
/Users/brianweaver/repos/terminus/tests/unit_tests/Models/EnvironmentTest.php:1184
/Users/brianweaver/repos/terminus/tests/unit_tests/Models/EnvironmentTest.php:91

117) Pantheon\Terminus\UnitTests\Models\EnvironmentTest::testCacheserverConnectionInfo
Error: Call to a member function request() on null

/Users/brianweaver/repos/terminus/src/Collections/APICollection.php:104
/Users/brianweaver/repos/terminus/src/Collections/APICollection.php:87
/Users/brianweaver/repos/terminus/src/Collections/APICollection.php:31
/Users/brianweaver/repos/terminus/src/Collections/TerminusCollection.php:93
/Users/brianweaver/repos/terminus/src/Collections/TerminusCollection.php:81
/Users/brianweaver/repos/terminus/src/Collections/Bindings.php:33
/Users/brianweaver/repos/terminus/src/Models/Environment.php:86
/Users/brianweaver/repos/terminus/tests/unit_tests/Models/EnvironmentTest.php:143

118) Pantheon\Terminus\UnitTests\Models\EnvironmentTest::testCacheserverConnectionInfoEmpty
Error: Call to a member function request() on null

/Users/brianweaver/repos/terminus/src/Collections/APICollection.php:104
/Users/brianweaver/repos/terminus/src/Collections/APICollection.php:87
/Users/brianweaver/repos/terminus/src/Collections/APICollection.php:31
/Users/brianweaver/repos/terminus/src/Collections/TerminusCollection.php:93
/Users/brianweaver/repos/terminus/src/Collections/TerminusCollection.php:81
/Users/brianweaver/repos/terminus/src/Collections/Bindings.php:33
/Users/brianweaver/repos/terminus/src/Models/Environment.php:86
/Users/brianweaver/repos/terminus/tests/unit_tests/Models/EnvironmentTest.php:156

119) Pantheon\Terminus\UnitTests\Models\EnvironmentTest::testChangeConnectionModeToGit
Error: Call to a member function request() on null

/Users/brianweaver/repos/terminus/src/Collections/Workflows.php:96
/Users/brianweaver/repos/terminus/src/Models/Environment.php:135
/Users/brianweaver/repos/terminus/tests/unit_tests/Models/EnvironmentTest.php:1184
/Users/brianweaver/repos/terminus/tests/unit_tests/Models/EnvironmentTest.php:167

120) Pantheon\Terminus\UnitTests\Models\EnvironmentTest::testChangeConnectionModeToSFTP
Error: Call to a member function request() on null

/Users/brianweaver/repos/terminus/src/Collections/Workflows.php:96
/Users/brianweaver/repos/terminus/src/Models/Environment.php:135
/Users/brianweaver/repos/terminus/tests/unit_tests/Models/EnvironmentTest.php:1184
/Users/brianweaver/repos/terminus/tests/unit_tests/Models/EnvironmentTest.php:178

121) Pantheon\Terminus\UnitTests\Models\EnvironmentTest::testChangeConnectionModeToSame
Error: Call to undefined method Pantheon\Terminus\UnitTests\Models\EnvironmentTest::setExpectedException()

/Users/brianweaver/repos/terminus/tests/unit_tests/Models/EnvironmentTest.php:185

122) Pantheon\Terminus\UnitTests\Models\EnvironmentTest::testChangeConnectionModeToInvalid
Error: Call to undefined method Pantheon\Terminus\UnitTests\Models\EnvironmentTest::setExpectedException()

/Users/brianweaver/repos/terminus/tests/unit_tests/Models/EnvironmentTest.php:195

123) Pantheon\Terminus\UnitTests\Models\EnvironmentTest::testClearCache
Error: Call to a member function request() on null

/Users/brianweaver/repos/terminus/src/Collections/Workflows.php:96
/Users/brianweaver/repos/terminus/src/Models/Environment.php:145
/Users/brianweaver/repos/terminus/tests/unit_tests/Models/EnvironmentTest.php:1184
/Users/brianweaver/repos/terminus/tests/unit_tests/Models/EnvironmentTest.php:208

124) Pantheon\Terminus\UnitTests\Models\EnvironmentTest::testCloneDatabase
Error: Call to a member function request() on null

/Users/brianweaver/repos/terminus/src/Collections/Workflows.php:96
/Users/brianweaver/repos/terminus/src/Models/Environment.php:163
/Users/brianweaver/repos/terminus/tests/unit_tests/Models/EnvironmentTest.php:1184
/Users/brianweaver/repos/terminus/tests/unit_tests/Models/EnvironmentTest.php:218

125) Pantheon\Terminus\UnitTests\Models\EnvironmentTest::testCloneFiles
Error: Call to a member function request() on null

/Users/brianweaver/repos/terminus/src/Collections/Workflows.php:96
/Users/brianweaver/repos/terminus/src/Models/Environment.php:175
/Users/brianweaver/repos/terminus/tests/unit_tests/Models/EnvironmentTest.php:1184
/Users/brianweaver/repos/terminus/tests/unit_tests/Models/EnvironmentTest.php:234

126) Pantheon\Terminus\UnitTests\Models\EnvironmentTest::testCommitChanges
Error: Call to a member function request() on null

/Users/brianweaver/repos/terminus/src/Collections/Workflows.php:96
/Users/brianweaver/repos/terminus/src/Models/Environment.php:199
/Users/brianweaver/repos/terminus/tests/unit_tests/Models/EnvironmentTest.php:270

127) Pantheon\Terminus\UnitTests\Models\EnvironmentTest::testConnectionInfo
Error: Call to a member function request() on null

/Users/brianweaver/repos/terminus/src/Collections/APICollection.php:104
/Users/brianweaver/repos/terminus/src/Collections/APICollection.php:87
/Users/brianweaver/repos/terminus/src/Collections/APICollection.php:31
/Users/brianweaver/repos/terminus/src/Collections/TerminusCollection.php:93
/Users/brianweaver/repos/terminus/src/Collections/TerminusCollection.php:81
/Users/brianweaver/repos/terminus/src/Collections/Bindings.php:33
/Users/brianweaver/repos/terminus/src/Models/Environment.php:289
/Users/brianweaver/repos/terminus/src/Models/Environment.php:210
/Users/brianweaver/repos/terminus/tests/unit_tests/Models/EnvironmentTest.php:367

128) Pantheon\Terminus\UnitTests\Models\EnvironmentTest::testDatabaseConnectionInfo
Error: Call to a member function request() on null

/Users/brianweaver/repos/terminus/src/Collections/APICollection.php:104
/Users/brianweaver/repos/terminus/src/Collections/APICollection.php:87
/Users/brianweaver/repos/terminus/src/Collections/APICollection.php:31
/Users/brianweaver/repos/terminus/src/Collections/TerminusCollection.php:93
/Users/brianweaver/repos/terminus/src/Collections/TerminusCollection.php:81
/Users/brianweaver/repos/terminus/src/Collections/Bindings.php:33
/Users/brianweaver/repos/terminus/src/Models/Environment.php:289
/Users/brianweaver/repos/terminus/tests/unit_tests/Models/EnvironmentTest.php:465

129) Pantheon\Terminus\UnitTests\Models\EnvironmentTest::testDatabaseConnectionInfoEmpty
Error: Call to a member function request() on null

/Users/brianweaver/repos/terminus/src/Collections/APICollection.php:104
/Users/brianweaver/repos/terminus/src/Collections/APICollection.php:87
/Users/brianweaver/repos/terminus/src/Collections/APICollection.php:31
/Users/brianweaver/repos/terminus/src/Collections/TerminusCollection.php:93
/Users/brianweaver/repos/terminus/src/Collections/TerminusCollection.php:81
/Users/brianweaver/repos/terminus/src/Collections/Bindings.php:33
/Users/brianweaver/repos/terminus/src/Models/Environment.php:289
/Users/brianweaver/repos/terminus/tests/unit_tests/Models/EnvironmentTest.php:478

130) Pantheon\Terminus\UnitTests\Models\EnvironmentTest::testDeploy
Error: Call to a member function request() on null

/Users/brianweaver/repos/terminus/src/Collections/Workflows.php:96
/Users/brianweaver/repos/terminus/src/Models/Environment.php:344
/Users/brianweaver/repos/terminus/tests/unit_tests/Models/EnvironmentTest.php:1184
/Users/brianweaver/repos/terminus/tests/unit_tests/Models/EnvironmentTest.php:521

131) Pantheon\Terminus\UnitTests\Models\EnvironmentTest::testDiffstat
PHPUnit\Framework\MockObject\IncompatibleReturnValueException: Method request may not return value of type array, its declared return type is "Pantheon\Terminus\Request\RequestOperationResult"

/Users/brianweaver/repos/terminus/tests/unit_tests/Models/EnvironmentTest.php:534

132) Pantheon\Terminus\UnitTests\Models\EnvironmentTest::testDisableHttpsCertificate
PHPUnit\Framework\MockObject\IncompatibleReturnValueException: Method request may not return value of type array, its declared return type is "Pantheon\Terminus\Request\RequestOperationResult"

/Users/brianweaver/repos/terminus/tests/unit_tests/Models/EnvironmentTest.php:547

133) Pantheon\Terminus\UnitTests\Models\EnvironmentTest::testDisableHttpsCertificateNotEnabled
PHPUnit\Framework\MockObject\IncompatibleReturnValueException: Method request may not return value of type array, its declared return type is "Pantheon\Terminus\Request\RequestOperationResult"

/Users/brianweaver/repos/terminus/tests/unit_tests/Models/EnvironmentTest.php:566

134) Pantheon\Terminus\UnitTests\Models\EnvironmentTest::testGetDrushVersion
PHPUnit\Framework\MockObject\IncompatibleReturnValueException: Method request may not return value of type array, its declared return type is "Pantheon\Terminus\Request\RequestOperationResult"

/Users/brianweaver/repos/terminus/tests/unit_tests/Models/EnvironmentTest.php:612

135) Pantheon\Terminus\UnitTests\Models\EnvironmentTest::testImportDatabase
Error: Call to a member function request() on null

/Users/brianweaver/repos/terminus/src/Collections/Workflows.php:96
/Users/brianweaver/repos/terminus/src/Models/Environment.php:640
/Users/brianweaver/repos/terminus/tests/unit_tests/Models/EnvironmentTest.php:1184
/Users/brianweaver/repos/terminus/tests/unit_tests/Models/EnvironmentTest.php:675

136) Pantheon\Terminus\UnitTests\Models\EnvironmentTest::testImport
Error: Call to a member function request() on null

/Users/brianweaver/repos/terminus/src/Collections/Workflows.php:96
/Users/brianweaver/repos/terminus/src/Models/Environment.php:656
/Users/brianweaver/repos/terminus/tests/unit_tests/Models/EnvironmentTest.php:1184
/Users/brianweaver/repos/terminus/tests/unit_tests/Models/EnvironmentTest.php:687

137) Pantheon\Terminus\UnitTests\Models\EnvironmentTest::testImportFiles
Error: Call to a member function request() on null

/Users/brianweaver/repos/terminus/src/Collections/Workflows.php:96
/Users/brianweaver/repos/terminus/src/Models/Environment.php:674
/Users/brianweaver/repos/terminus/tests/unit_tests/Models/EnvironmentTest.php:1184
/Users/brianweaver/repos/terminus/tests/unit_tests/Models/EnvironmentTest.php:698

138) Pantheon\Terminus\UnitTests\Models\EnvironmentTest::testInitializeBindings
Error: Call to a member function request() on null

/Users/brianweaver/repos/terminus/src/Collections/Workflows.php:96
/Users/brianweaver/repos/terminus/src/Models/Environment.php:706
/Users/brianweaver/repos/terminus/tests/unit_tests/Models/EnvironmentTest.php:1184
/Users/brianweaver/repos/terminus/tests/unit_tests/Models/EnvironmentTest.php:722

139) Pantheon\Terminus\UnitTests\Models\EnvironmentTest::testMergeFromDev
Error: Call to a member function request() on null

/Users/brianweaver/repos/terminus/src/Collections/Workflows.php:96
/Users/brianweaver/repos/terminus/src/Models/Environment.php:766
/Users/brianweaver/repos/terminus/tests/unit_tests/Models/EnvironmentTest.php:1184
/Users/brianweaver/repos/terminus/tests/unit_tests/Models/EnvironmentTest.php:828

140) Pantheon\Terminus\UnitTests\Models\EnvironmentTest::testMergeToDev
Error: Call to a member function request() on null

/Users/brianweaver/repos/terminus/src/Collections/Workflows.php:96
/Users/brianweaver/repos/terminus/src/Models/Environment.php:786
/Users/brianweaver/repos/terminus/tests/unit_tests/Models/EnvironmentTest.php:1184
/Users/brianweaver/repos/terminus/tests/unit_tests/Models/EnvironmentTest.php:851

141) Pantheon\Terminus\UnitTests\Models\EnvironmentTest::testSetHttpsCertificate
PHPUnit\Framework\MockObject\IncompatibleReturnValueException: Method request may not return value of type array, its declared return type is "Pantheon\Terminus\Request\RequestOperationResult"

/Users/brianweaver/repos/terminus/tests/unit_tests/Models/EnvironmentTest.php:946

142) Pantheon\Terminus\UnitTests\Models\EnvironmentTest::testWake
PHPUnit\Framework\MockObject\IncompatibleReturnValueException: Method request may not return value of type array, its declared return type is "Pantheon\Terminus\Request\RequestOperationResult"

/Users/brianweaver/repos/terminus/tests/unit_tests/Models/EnvironmentTest.php:1026

143) Pantheon\Terminus\UnitTests\Models\EnvironmentTest::testWipe
Error: Call to a member function request() on null

/Users/brianweaver/repos/terminus/src/Collections/Workflows.php:96
/Users/brianweaver/repos/terminus/src/Models/Environment.php:893
/Users/brianweaver/repos/terminus/tests/unit_tests/Models/EnvironmentTest.php:1184
/Users/brianweaver/repos/terminus/tests/unit_tests/Models/EnvironmentTest.php:1037

144) Pantheon\Terminus\UnitTests\Models\MachineTokenTest::testDelete
PHPUnit\Framework\MockObject\IncompatibleReturnValueException: Method request may not return value of type array, its declared return type is "Pantheon\Terminus\Request\RequestOperationResult"

/Users/brianweaver/repos/terminus/tests/unit_tests/Models/MachineTokenTest.php:44

145) Pantheon\Terminus\UnitTests\Models\MachineTokenTest::testDeleteFail
PHPUnit\Framework\MockObject\IncompatibleReturnValueException: Method request may not return value of type array, its declared return type is "Pantheon\Terminus\Request\RequestOperationResult"

/Users/brianweaver/repos/terminus/tests/unit_tests/Models/MachineTokenTest.php:56

146) Pantheon\Terminus\UnitTests\Models\NewRelicTest::testSerialize
PHPUnit\Framework\MockObject\IncompatibleReturnValueException: Method request may not return value of type array, its declared return type is "Pantheon\Terminus\Request\RequestOperationResult"

/Users/brianweaver/repos/terminus/tests/unit_tests/Models/NewRelicTest.php:124

147) Pantheon\Terminus\UnitTests\Models\NewRelicTest::testSerializeNoName
PHPUnit\Framework\MockObject\IncompatibleReturnValueException: Method request may not return value of type array, its declared return type is "Pantheon\Terminus\Request\RequestOperationResult"

/Users/brianweaver/repos/terminus/tests/unit_tests/Models/NewRelicTest.php:141

148) Pantheon\Terminus\UnitTests\Models\OrganizationTest::testGetFeature
PHPUnit\Framework\MockObject\IncompatibleReturnValueException: Method request may not return value of type array, its declared return type is "Pantheon\Terminus\Request\RequestOperationResult"

/Users/brianweaver/repos/terminus/tests/unit_tests/Models/OrganizationTest.php:68

149) Pantheon\Terminus\UnitTests\Models\SSHKeyTest::testDelete
PHPUnit\Framework\MockObject\IncompatibleReturnValueException: Method request may not return value of type array, its declared return type is "Pantheon\Terminus\Request\RequestOperationResult"

/Users/brianweaver/repos/terminus/tests/unit_tests/Models/SSHKeyTest.php:64

150) Pantheon\Terminus\UnitTests\Models\SSHKeyTest::testDeleteFail
PHPUnit\Framework\MockObject\IncompatibleReturnValueException: Method request may not return value of type array, its declared return type is "Pantheon\Terminus\Request\RequestOperationResult"

/Users/brianweaver/repos/terminus/tests/unit_tests/Models/SSHKeyTest.php:75

151) Pantheon\Terminus\UnitTests\Models\SavedTokenTest::testLogIn
PHPUnit\Framework\MockObject\IncompatibleReturnValueException: Method request may not return value of type array, its declared return type is "Pantheon\Terminus\Request\RequestOperationResult"

/Users/brianweaver/repos/terminus/tests/unit_tests/Models/SavedTokenTest.php:58

152) Pantheon\Terminus\UnitTests\Models\SavedTokenTest::testInvalidID
Error: Call to undefined method Pantheon\Terminus\UnitTests\Models\SavedTokenTest::setExpectedException()

/Users/brianweaver/repos/terminus/tests/unit_tests/Models/SavedTokenTest.php:117

153) Pantheon\Terminus\UnitTests\Models\SiteTest::testAddPaymentMethod
Error: Call to a member function request() on null

/Users/brianweaver/repos/terminus/src/Collections/Workflows.php:96
/Users/brianweaver/repos/terminus/src/Models/Site.php:101
/Users/brianweaver/repos/terminus/tests/unit_tests/Models/SiteTest.php:175

154) Pantheon\Terminus\UnitTests\Models\SiteTest::testCompleteMigration
Error: Call to a member function request() on null

/Users/brianweaver/repos/terminus/src/Collections/Workflows.php:96
/Users/brianweaver/repos/terminus/src/Models/Site.php:111
/Users/brianweaver/repos/terminus/tests/unit_tests/Models/SiteTest.php:189

155) Pantheon\Terminus\UnitTests\Models\SiteTest::testDelete
Error: Call to a member function request() on null

/Users/brianweaver/repos/terminus/src/Collections/Workflows.php:96
/Users/brianweaver/repos/terminus/src/Models/Site.php:133
/Users/brianweaver/repos/terminus/tests/unit_tests/Models/SiteTest.php:215

156) Pantheon\Terminus\UnitTests\Models\SiteTest::testDeployProduct
Error: Call to a member function request() on null

/Users/brianweaver/repos/terminus/src/Collections/Workflows.php:96
/Users/brianweaver/repos/terminus/src/Models/Site.php:144
/Users/brianweaver/repos/terminus/tests/unit_tests/Models/SiteTest.php:234

157) Pantheon\Terminus\UnitTests\Models\SiteTest::testSetUpstream
Error: Call to a member function request() on null

/Users/brianweaver/repos/terminus/src/Collections/Workflows.php:96
/Users/brianweaver/repos/terminus/src/Models/Site.php:464
/Users/brianweaver/repos/terminus/tests/unit_tests/Models/SiteTest.php:253

158) Pantheon\Terminus\UnitTests\Models\SiteTest::testFetch
PHPUnit\Framework\MockObject\IncompatibleReturnValueException: Method request may not return value of type array, its declared return type is "Pantheon\Terminus\Request\RequestOperationResult"

/Users/brianweaver/repos/terminus/tests/unit_tests/Models/SiteTest.php:271

159) Pantheon\Terminus\UnitTests\Models\SiteTest::testGetFeature
PHPUnit\Framework\MockObject\IncompatibleReturnValueException: Method request may not return value of type array, its declared return type is "Pantheon\Terminus\Request\RequestOperationResult"

/Users/brianweaver/repos/terminus/tests/unit_tests/Models/SiteTest.php:349

160) Pantheon\Terminus\UnitTests\Models\SiteTest::testGetFeatureDNE
PHPUnit\Framework\MockObject\IncompatibleReturnValueException: Method request may not return value of type array, its declared return type is "Pantheon\Terminus\Request\RequestOperationResult"

/Users/brianweaver/repos/terminus/tests/unit_tests/Models/SiteTest.php:365

161) Pantheon\Terminus\UnitTests\Models\SiteTest::testGetPlan
TypeError: property_exists(): Argument #1 ($object_or_class) must be of type object|string, array given

/Users/brianweaver/repos/terminus/src/Models/Plan.php:27
/Users/brianweaver/repos/terminus/vendor/league/container/src/Definition/Definition.php:256
/Users/brianweaver/repos/terminus/vendor/league/container/src/Definition/Definition.php:212
/Users/brianweaver/repos/terminus/vendor/league/container/src/Definition/DefinitionAggregate.php:94
/Users/brianweaver/repos/terminus/vendor/league/container/src/Container.php:157
/Users/brianweaver/repos/terminus/src/Models/Site.php:274
/Users/brianweaver/repos/terminus/tests/unit_tests/Models/SiteTest.php:393

162) Pantheon\Terminus\UnitTests\Models\SiteTest::testGetPlans
TypeError: Pantheon\Terminus\Collections\TerminusCollection::__construct(): Argument #1 ($options) must be of type array, null given, called in /Users/brianweaver/repos/terminus/src/Collections/SiteOwnedCollection.php on line 23

/Users/brianweaver/repos/terminus/src/Collections/TerminusCollection.php:40
/Users/brianweaver/repos/terminus/src/Collections/SiteOwnedCollection.php:23
/Users/brianweaver/repos/terminus/vendor/league/container/src/Definition/Definition.php:256
/Users/brianweaver/repos/terminus/vendor/league/container/src/Definition/Definition.php:212
/Users/brianweaver/repos/terminus/vendor/league/container/src/Definition/DefinitionAggregate.php:94
/Users/brianweaver/repos/terminus/vendor/league/container/src/Container.php:157
/Users/brianweaver/repos/terminus/src/Models/Site.php:288
/Users/brianweaver/repos/terminus/tests/unit_tests/Models/SiteTest.php:402

163) Pantheon\Terminus\UnitTests\Models\SiteTest::testRemovePaymentMethod
Error: Call to a member function request() on null

/Users/brianweaver/repos/terminus/src/Collections/Workflows.php:96
/Users/brianweaver/repos/terminus/src/Models/Site.php:406
/Users/brianweaver/repos/terminus/tests/unit_tests/Models/SiteTest.php:484

164) Pantheon\Terminus\UnitTests\Models\SiteTest::testSerialize
PHPUnit\Framework\MockObject\IncompatibleReturnValueException: Method request may not return value of type array, its declared return type is "Pantheon\Terminus\Request\RequestOperationResult"

/Users/brianweaver/repos/terminus/tests/unit_tests/Models/SiteTest.php:536

165) Pantheon\Terminus\UnitTests\Models\SiteTest::testSetOwner
Error: Call to a member function request() on null

/Users/brianweaver/repos/terminus/src/Collections/Workflows.php:96
/Users/brianweaver/repos/terminus/src/Models/Site.php:453
/Users/brianweaver/repos/terminus/tests/unit_tests/Models/SiteTest.php:563

166) Pantheon\Terminus\UnitTests\Models\SiteTest::testUpdateServiceLevel
Error: Call to a member function request() on null

/Users/brianweaver/repos/terminus/src/Collections/Workflows.php:96
/Users/brianweaver/repos/terminus/src/Models/Site.php:479
/Users/brianweaver/repos/terminus/tests/unit_tests/Models/SiteTest.php:646

167) Pantheon\Terminus\UnitTests\Models\SiteTest::testUpdateServiceLevelNoMethod
Error: Call to undefined method Pantheon\Terminus\UnitTests\Models\SiteTest::setExpectedException()

/Users/brianweaver/repos/terminus/tests/unit_tests/Models/SiteTest.php:665

168) Pantheon\Terminus\UnitTests\Models\SiteTest::testUpdateServiceLevelMiscError
Error: Call to undefined method Pantheon\Terminus\UnitTests\Models\SiteTest::setExpectedException()

/Users/brianweaver/repos/terminus/tests/unit_tests/Models/SiteTest.php:690

169) Pantheon\Terminus\UnitTests\Models\TagTest::testDelete
PHPUnit\Framework\MockObject\RuntimeException: Return value for Pantheon\Terminus\Request\Request::request() cannot be generated: Class "Pantheon\Terminus\Request\RequestOperationResult" is declared "final" and cannot be doubled

/Users/brianweaver/repos/terminus/src/Models/Tag.php:26
/Users/brianweaver/repos/terminus/tests/unit_tests/Models/TagTest.php:78

170) Pantheon\Terminus\UnitTests\Models\TerminusModelTest::testFetch
PHPUnit\Framework\MockObject\IncompatibleReturnValueException: Method request may not return value of type array, its declared return type is "Pantheon\Terminus\Request\RequestOperationResult"

/Users/brianweaver/repos/terminus/tests/unit_tests/Models/TerminusModelTest.php:47

171) Pantheon\Terminus\UnitTests\Models\UpstreamStatusTest::testGetStatusCurrent
PHPUnit\Framework\MockObject\IncompatibleReturnValueException: Method request may not return value of type array, its declared return type is "Pantheon\Terminus\Request\RequestOperationResult"

/Users/brianweaver/repos/terminus/tests/unit_tests/Models/UpstreamStatusTest.php:214
/Users/brianweaver/repos/terminus/tests/unit_tests/Models/UpstreamStatusTest.php:188
/Users/brianweaver/repos/terminus/tests/unit_tests/Models/UpstreamStatusTest.php:62

172) Pantheon\Terminus\UnitTests\Models\UpstreamStatusTest::testGetStatusCurrentBecauseNoCode
PHPUnit\Framework\MockObject\IncompatibleReturnValueException: Method request may not return value of type array, its declared return type is "Pantheon\Terminus\Request\RequestOperationResult"

/Users/brianweaver/repos/terminus/tests/unit_tests/Models/UpstreamStatusTest.php:214
/Users/brianweaver/repos/terminus/tests/unit_tests/Models/UpstreamStatusTest.php:71

173) Pantheon\Terminus\UnitTests\Models\UpstreamStatusTest::testGetStatusOutdated
PHPUnit\Framework\MockObject\IncompatibleReturnValueException: Method request may not return value of type array, its declared return type is "Pantheon\Terminus\Request\RequestOperationResult"

/Users/brianweaver/repos/terminus/tests/unit_tests/Models/UpstreamStatusTest.php:214
/Users/brianweaver/repos/terminus/tests/unit_tests/Models/UpstreamStatusTest.php:179
/Users/brianweaver/repos/terminus/tests/unit_tests/Models/UpstreamStatusTest.php:80

174) Pantheon\Terminus\UnitTests\Models\UpstreamStatusTest::testGetUpdates
PHPUnit\Framework\MockObject\IncompatibleReturnValueException: Method request may not return value of type array, its declared return type is "Pantheon\Terminus\Request\RequestOperationResult"

/Users/brianweaver/repos/terminus/tests/unit_tests/Models/UpstreamStatusTest.php:214
/Users/brianweaver/repos/terminus/tests/unit_tests/Models/UpstreamStatusTest.php:90

175) Pantheon\Terminus\UnitTests\Models\UpstreamStatusTest::testHasNoUpdates
PHPUnit\Framework\MockObject\IncompatibleReturnValueException: Method request may not return value of type array, its declared return type is "Pantheon\Terminus\Request\RequestOperationResult"

/Users/brianweaver/repos/terminus/tests/unit_tests/Models/UpstreamStatusTest.php:214
/Users/brianweaver/repos/terminus/tests/unit_tests/Models/UpstreamStatusTest.php:111

176) Pantheon\Terminus\UnitTests\Models\UpstreamStatusTest::testHasUpdates
PHPUnit\Framework\MockObject\IncompatibleReturnValueException: Method request may not return value of type array, its declared return type is "Pantheon\Terminus\Request\RequestOperationResult"

/Users/brianweaver/repos/terminus/tests/unit_tests/Models/UpstreamStatusTest.php:214
/Users/brianweaver/repos/terminus/tests/unit_tests/Models/UpstreamStatusTest.php:128

177) Pantheon\Terminus\UnitTests\Models\UpstreamStatusTest::testHasUpdatesFromParent
PHPUnit\Framework\MockObject\IncompatibleReturnValueException: Method request may not return value of type array, its declared return type is "Pantheon\Terminus\Request\RequestOperationResult"

/Users/brianweaver/repos/terminus/tests/unit_tests/Models/UpstreamStatusTest.php:214
/Users/brianweaver/repos/terminus/tests/unit_tests/Models/UpstreamStatusTest.php:148

178) Pantheon\Terminus\UnitTests\Models\UpstreamStatusTest::testHasNoUpdatesDev
PHPUnit\Framework\MockObject\IncompatibleReturnValueException: Method request may not return value of type array, its declared return type is "Pantheon\Terminus\Request\RequestOperationResult"

/Users/brianweaver/repos/terminus/tests/unit_tests/Models/UpstreamStatusTest.php:214
/Users/brianweaver/repos/terminus/tests/unit_tests/Models/UpstreamStatusTest.php:188
/Users/brianweaver/repos/terminus/tests/unit_tests/Models/UpstreamStatusTest.php:160

179) Pantheon\Terminus\UnitTests\Models\UpstreamStatusTest::testHasUpdatesDev
PHPUnit\Framework\MockObject\IncompatibleReturnValueException: Method request may not return value of type array, its declared return type is "Pantheon\Terminus\Request\RequestOperationResult"

/Users/brianweaver/repos/terminus/tests/unit_tests/Models/UpstreamStatusTest.php:214
/Users/brianweaver/repos/terminus/tests/unit_tests/Models/UpstreamStatusTest.php:179
/Users/brianweaver/repos/terminus/tests/unit_tests/Models/UpstreamStatusTest.php:169

180) Pantheon\Terminus\UnitTests\Models\UserTest::testDashboardUrl
PHPUnit\Framework\InvalidParameterGroupException: Parameter group #0 must be an array or Traversable, got object

/Users/brianweaver/repos/terminus/tests/unit_tests/Models/UserTest.php:82

181) Pantheon\Terminus\UnitTests\Models\UserTest::testGetAliases
PHPUnit\Framework\MockObject\IncompatibleReturnValueException: Method request may not return value of type array, its declared return type is "Pantheon\Terminus\Request\RequestOperationResult"

/Users/brianweaver/repos/terminus/tests/unit_tests/Models/UserTest.php:105

182) Pantheon\Terminus\UnitTests\Models\WorkflowTest::testCheckProgress
PHPUnit\Framework\MockObject\IncompatibleReturnValueException: Method request may not return value of type array, its declared return type is "Pantheon\Terminus\Request\RequestOperationResult"

/Users/brianweaver/repos/terminus/tests/unit_tests/Models/WorkflowTest.php:41

183) Pantheon\Terminus\UnitTests\Models\WorkflowTest::testCheckProgressFailure
PHPUnit\Framework\MockObject\IncompatibleReturnValueException: Method request may not return value of type array, its declared return type is "Pantheon\Terminus\Request\RequestOperationResult"

/Users/brianweaver/repos/terminus/tests/unit_tests/Models/WorkflowTest.php:67

184) Pantheon\Terminus\UnitTests\Models\WorkflowTest::testFetchWithLogs
PHPUnit\Framework\MockObject\IncompatibleReturnValueException: Method request may not return value of type array, its declared return type is "Pantheon\Terminus\Request\RequestOperationResult"

/Users/brianweaver/repos/terminus/tests/unit_tests/Models/WorkflowTest.php:98

185) Pantheon\Terminus\UnitTests\Plugins\PluginAutoloadTest::testDirectMethodCalls
Error: Class "Pantheon\Terminus\Plugins\PluginAutoloadDependencies" not found

/Users/brianweaver/repos/terminus/tests/unit_tests/Plugins/PluginAutoloadTest.php:37

186) Pantheon\Terminus\UnitTests\Plugins\PluginAutoloadTest::testAutoload with data set #0 ('invalid-no-composer-json', 'src/NullCommand.php', null)
Error: Class "Pantheon\Terminus\Plugins\PluginAutoloadDependencies" not found

/Users/brianweaver/repos/terminus/tests/unit_tests/Plugins/PluginAutoloadTest.php:37

187) Pantheon\Terminus\UnitTests\Plugins\PluginAutoloadTest::testAutoload with data set #1 ('with-autoload', 'src/Commands/OptionalCommandG...nd.php', 'vendor/autoload.php')
Error: Class "Pantheon\Terminus\Plugins\PluginAutoloadDependencies" not found

/Users/brianweaver/repos/terminus/tests/unit_tests/Plugins/PluginAutoloadTest.php:37

188) Pantheon\Terminus\UnitTests\Plugins\PluginAutoloadTest::testAutoload with data set #2 ('with-dependencies', 'src/Commands/OptionalCommandG...nd.php', 'vendor/autoload.php')
Error: Class "Pantheon\Terminus\Plugins\PluginAutoloadDependencies" not found

/Users/brianweaver/repos/terminus/tests/unit_tests/Plugins/PluginAutoloadTest.php:37

189) Pantheon\Terminus\UnitTests\Plugins\PluginAutoloadTest::testMissingTerminusComposerData
Error: Class "Pantheon\Terminus\Plugins\PluginAutoloadDependencies" not found

/Users/brianweaver/repos/terminus/tests/unit_tests/Plugins/PluginAutoloadTest.php:37

190) Pantheon\Terminus\UnitTests\Plugins\PluginAutoloadTest::testPluginWithConflictingDependency
Error: Class "Pantheon\Terminus\Plugins\PluginAutoloadDependencies" not found

/Users/brianweaver/repos/terminus/tests/unit_tests/Plugins/PluginAutoloadTest.php:37

191) Pantheon\Terminus\UnitTests\Plugins\PluginAutoloadTest::testPluginWithConflictingNestedDependency
Error: Class "Pantheon\Terminus\Plugins\PluginAutoloadDependencies" not found

/Users/brianweaver/repos/terminus/tests/unit_tests/Plugins/PluginAutoloadTest.php:37

192) Pantheon\Terminus\UnitTests\Plugins\PluginDiscoveryTest::testDiscover
Error: Call to a member function get() on null

/Users/brianweaver/repos/terminus/src/Plugins/PluginDiscovery.php:39
/Users/brianweaver/repos/terminus/tests/unit_tests/Plugins/PluginDiscoveryTest.php:82

193) Pantheon\Terminus\UnitTests\Plugins\PluginDiscoveryTest::testDiscoverFailDirDNE
Error: Call to a member function get() on null

/Users/brianweaver/repos/terminus/src/Plugins/PluginDiscovery.php:39
/Users/brianweaver/repos/terminus/tests/unit_tests/Plugins/PluginDiscoveryTest.php:92

194) Pantheon\Terminus\UnitTests\Plugins\PluginInfoTest::testCreatePluginInfo
Trying to access array offset on value of type null

/Users/brianweaver/repos/terminus/tests/unit_tests/Plugins/PluginInfoTest.php:45

195) Pantheon\Terminus\UnitTests\Plugins\PluginInfoTest::testFailCompatibleVersionlessComposer
Error: Call to undefined method Pantheon\Terminus\UnitTests\Plugins\PluginInfoTest::setExpectedException()

/Users/brianweaver/repos/terminus/tests/unit_tests/Plugins/PluginInfoTest.php:58

196) Pantheon\Terminus\UnitTests\Plugins\PluginInfoTest::testFailDirDNE
Error: Call to undefined method Pantheon\Terminus\UnitTests\Plugins\PluginInfoTest::setExpectedException()

/Users/brianweaver/repos/terminus/tests/unit_tests/Plugins/PluginInfoTest.php:71

197) Pantheon\Terminus\UnitTests\Plugins\PluginInfoTest::testFailExtralessComposer
Error: Call to undefined method Pantheon\Terminus\UnitTests\Plugins\PluginInfoTest::setExpectedException()

/Users/brianweaver/repos/terminus/tests/unit_tests/Plugins/PluginInfoTest.php:81

198) Pantheon\Terminus\UnitTests\Plugins\PluginInfoTest::testFailInvalidJSON
Error: Call to undefined method Pantheon\Terminus\UnitTests\Plugins\PluginInfoTest::setExpectedException()

/Users/brianweaver/repos/terminus/tests/unit_tests/Plugins/PluginInfoTest.php:94

199) Pantheon\Terminus\UnitTests\Plugins\PluginInfoTest::testFailInvalidNamespace
Error: Call to undefined method Pantheon\Terminus\UnitTests\Plugins\PluginInfoTest::setExpectedException()

/Users/brianweaver/repos/terminus/tests/unit_tests/Plugins/PluginInfoTest.php:104

200) Pantheon\Terminus\UnitTests\Plugins\PluginInfoTest::testFailInvalidType
Error: Call to undefined method Pantheon\Terminus\UnitTests\Plugins\PluginInfoTest::setExpectedException()

/Users/brianweaver/repos/terminus/tests/unit_tests/Plugins/PluginInfoTest.php:117

201) Pantheon\Terminus\UnitTests\Plugins\PluginInfoTest::testFailIsFile
Error: Call to undefined method Pantheon\Terminus\UnitTests\Plugins\PluginInfoTest::setExpectedException()

/Users/brianweaver/repos/terminus/tests/unit_tests/Plugins/PluginInfoTest.php:127

202) Pantheon\Terminus\UnitTests\Plugins\PluginInfoTest::testFailNoDir
Error: Call to undefined method Pantheon\Terminus\UnitTests\Plugins\PluginInfoTest::setExpectedException()

/Users/brianweaver/repos/terminus/tests/unit_tests/Plugins/PluginInfoTest.php:136

203) Pantheon\Terminus\UnitTests\Plugins\PluginInfoTest::testFailNoComposer
Error: Call to undefined method Pantheon\Terminus\UnitTests\Plugins\PluginInfoTest::setExpectedException()

/Users/brianweaver/repos/terminus/tests/unit_tests/Plugins/PluginInfoTest.php:145

204) Pantheon\Terminus\UnitTests\Plugins\PluginInfoTest::testGetCompatibleTerminusVersion
Trying to access array offset on value of type null

/Users/brianweaver/repos/terminus/src/Plugins/PluginInfo.php:108
/Users/brianweaver/repos/terminus/tests/unit_tests/Plugins/PluginInfoTest.php:155

205) Pantheon\Terminus\UnitTests\Request\RequestTest::testDownload
Error: Call to undefined method Pantheon\Terminus\UnitTests\Request\RequestTest::getMock()

/Users/brianweaver/repos/terminus/tests/unit_tests/Request/RequestTest.php:89

206) Pantheon\Terminus\UnitTests\Request\RequestTest::testDownloadPathExists
Error: Call to undefined method Pantheon\Terminus\UnitTests\Request\RequestTest::getMock()

/Users/brianweaver/repos/terminus/tests/unit_tests/Request/RequestTest.php:89

207) Pantheon\Terminus\UnitTests\Request\RequestTest::testDownloadTargetDirectory
Error: Call to undefined method Pantheon\Terminus\UnitTests\Request\RequestTest::getMock()

/Users/brianweaver/repos/terminus/tests/unit_tests/Request/RequestTest.php:89

208) Pantheon\Terminus\UnitTests\Request\RequestTest::testRequest
Error: Call to undefined method Pantheon\Terminus\UnitTests\Request\RequestTest::getMock()

/Users/brianweaver/repos/terminus/tests/unit_tests/Request/RequestTest.php:89

209) Pantheon\Terminus\UnitTests\Request\RequestTest::testRequestRetryFails
Error: Call to undefined method Pantheon\Terminus\UnitTests\Request\RequestTest::getMock()

/Users/brianweaver/repos/terminus/tests/unit_tests/Request/RequestTest.php:89

210) Pantheon\Terminus\UnitTests\Request\RequestTest::testRequestDontRetry
Error: Call to undefined method Pantheon\Terminus\UnitTests\Request\RequestTest::getMock()

/Users/brianweaver/repos/terminus/tests/unit_tests/Request/RequestTest.php:89

211) Pantheon\Terminus\UnitTests\Request\RequestTest::testRequestRetrySucceeds
Error: Call to undefined method Pantheon\Terminus\UnitTests\Request\RequestTest::getMock()

/Users/brianweaver/repos/terminus/tests/unit_tests/Request/RequestTest.php:89

212) Pantheon\Terminus\UnitTests\Request\RequestTest::testRequestAuth
Error: Call to undefined method Pantheon\Terminus\UnitTests\Request\RequestTest::getMock()

/Users/brianweaver/repos/terminus/tests/unit_tests/Request/RequestTest.php:89

213) Pantheon\Terminus\UnitTests\Request\RequestTest::testRequestFullPath
Error: Call to undefined method Pantheon\Terminus\UnitTests\Request\RequestTest::getMock()

/Users/brianweaver/repos/terminus/tests/unit_tests/Request/RequestTest.php:89

214) Pantheon\Terminus\UnitTests\Request\RequestTest::testRequestHostCert
Error: Call to undefined method Pantheon\Terminus\UnitTests\Request\RequestTest::getMock()

/Users/brianweaver/repos/terminus/tests/unit_tests/Request/RequestTest.php:89

215) Pantheon\Terminus\UnitTests\Request\RequestTest::testRequestNoVerify
Error: Call to undefined method Pantheon\Terminus\UnitTests\Request\RequestTest::getMock()

/Users/brianweaver/repos/terminus/tests/unit_tests/Request/RequestTest.php:89

216) Pantheon\Terminus\UnitTests\Request\RequestTest::testRequestWithQuery
Error: Call to undefined method Pantheon\Terminus\UnitTests\Request\RequestTest::getMock()

/Users/brianweaver/repos/terminus/tests/unit_tests/Request/RequestTest.php:89

217) Pantheon\Terminus\UnitTests\Request\RequestTest::testPagedRequestWhenSecondQueryEmpty
Error: Call to undefined method Pantheon\Terminus\UnitTests\Request\RequestTest::getMock()

/Users/brianweaver/repos/terminus/tests/unit_tests/Request/RequestTest.php:89

218) Pantheon\Terminus\UnitTests\Request\RequestTest::testPagedRequestWhenSecondQueryNotFull
Error: Call to undefined method Pantheon\Terminus\UnitTests\Request\RequestTest::getMock()

/Users/brianweaver/repos/terminus/tests/unit_tests/Request/RequestTest.php:89

219) Pantheon\Terminus\UnitTests\Request\RequestTest::testPagedRequestWhenSecondQueryRepeats
Error: Call to undefined method Pantheon\Terminus\UnitTests\Request\RequestTest::getMock()

/Users/brianweaver/repos/terminus/tests/unit_tests/Request/RequestTest.php:89

220) Pantheon\Terminus\UnitTests\Site\SiteAwareTraitTest::testGetSiteEnvWrongFormat
Error: Call to undefined method Pantheon\Terminus\UnitTests\Site\SiteAwareTraitTest::setExpectedException()

/Users/brianweaver/repos/terminus/tests/unit_tests/Site/SiteAwareTraitTest.php:44

221) Pantheon\Terminus\UnitTests\Site\SiteAwareTraitTest::testGetUnfrozenSiteEnvFrozenAndLive
Error: Call to undefined method Pantheon\Terminus\UnitTests\Site\SiteAwareTraitTest::setExpectedException()

/Users/brianweaver/repos/terminus/tests/unit_tests/Site/SiteAwareTraitTest.php:80

222) Pantheon\Terminus\UnitTests\Update\LatestReleaseTest::testFirstTime
PHPUnit\Framework\MockObject\IncompatibleReturnValueException: Method request may not return value of type array, its declared return type is "Pantheon\Terminus\Request\RequestOperationResult"

/Users/brianweaver/repos/terminus/tests/unit_tests/Update/LatestReleaseTest.php:76

223) Pantheon\Terminus\UnitTests\Update\LatestReleaseTest::testGetInvalidAttribute
Error: Call to undefined method Pantheon\Terminus\UnitTests\Update\LatestReleaseTest::setExpectedException()

/Users/brianweaver/repos/terminus/tests/unit_tests/Update/LatestReleaseTest.php:161

--

There were 10 warnings:

1) Pantheon\Terminus\UnitTests\Commands\Env\CloneContentCommandTest::testCloneSelf
The at() matcher has been deprecated. It will be removed in PHPUnit 10. Please refactor your test to not rely on the order in which methods are invoked.

2) Pantheon\Terminus\UnitTests\Commands\Env\DiffStatCommandTest::testDiffStatEmpty
The at() matcher has been deprecated. It will be removed in PHPUnit 10. Please refactor your test to not rely on the order in which methods are invoked.

3) Pantheon\Terminus\UnitTests\Commands\Env\WakeCommandTest::testWakeEnv
The at() matcher has been deprecated. It will be removed in PHPUnit 10. Please refactor your test to not rely on the order in which methods are invoked.

4) Pantheon\Terminus\UnitTests\Commands\Site\Org\ListCommandTest::testListOrgsNone
The at() matcher has been deprecated. It will be removed in PHPUnit 10. Please refactor your test to not rely on the order in which methods are invoked.

5) Pantheon\Terminus\UnitTests\Commands\Workflow\Info\LogsCommandTest::testLatestLogsCommand
The at() matcher has been deprecated. It will be removed in PHPUnit 10. Please refactor your test to not rely on the order in which methods are invoked.

6) Pantheon\Terminus\UnitTests\Commands\Workflow\Info\LogsCommandTest::testWorkflowIDLogsCommand
The at() matcher has been deprecated. It will be removed in PHPUnit 10. Please refactor your test to not rely on the order in which methods are invoked.

7) Pantheon\Terminus\UnitTests\Commands\Workflow\Info\LogsCommandTest::testLatestNoOperations
The at() matcher has been deprecated. It will be removed in PHPUnit 10. Please refactor your test to not rely on the order in which methods are invoked.

8) Pantheon\Terminus\UnitTests\Commands\Workflow\Info\LogsCommandTest::testLatestNoLogs
The at() matcher has been deprecated. It will be removed in PHPUnit 10. Please refactor your test to not rely on the order in which methods are invoked.

9) Pantheon\Terminus\UnitTests\Commands\Workflow\Info\OperationsCommandTest::testWorkflowNoOperations
The at() matcher has been deprecated. It will be removed in PHPUnit 10. Please refactor your test to not rely on the order in which methods are invoked.

10) Pantheon\Terminus\UnitTests\Commands\Workflow\WatchCommandTest::testWatch
The at() matcher has been deprecated. It will be removed in PHPUnit 10. Please refactor your test to not rely on the order in which methods are invoked.

--

There were 135 failures:

1) Pantheon\Terminus\UnitTests\Collections\OrganizationUpstreamsTest::testFilterByName
Expectation failed for method name is "get" when invoked at sequence index 1
Parameter 0 for invocation League\Container\Container::get('a612ed52c16b3d', false) does not match expected value.
Failed asserting that two strings are equal.
--- Expected
+++ Actual
@@ @@
-'Pantheon\Terminus\Models\OrganizationUpstream'
+'a612ed52c16b3d'

/Users/brianweaver/repos/terminus/src/Collections/TerminusCollection.php:67
/Users/brianweaver/repos/terminus/tests/unit_tests/Collections/OrganizationUpstreamsTest.php:55

2) Pantheon\Terminus\UnitTests\Collections\SavedTokensTest::testAdd
Expectation failed for method name is "get" when invoked 1 time(s)
Parameter 0 for invocation League\Container\Container::get('user id612ed52c1b060', false) does not match expected value.
Failed asserting that two strings are equal.
--- Expected
+++ Actual
@@ @@
-'Pantheon\Terminus\Models\SavedToken'
+'user id612ed52c1b060'

/Users/brianweaver/repos/terminus/src/Collections/TerminusCollection.php:67
/Users/brianweaver/repos/terminus/src/Collections/SavedTokens.php:35
/Users/brianweaver/repos/terminus/tests/unit_tests/Collections/SavedTokensTest.php:73

3) Pantheon\Terminus\UnitTests\Collections\SavedTokensTest::testCreate
Expectation failed for method name is "get" when invoked 1 time(s)
Parameter 0 for invocation League\Container\Container::get('token-612ed52c1b5e9', false) does not match expected value.
Failed asserting that two strings are equal.
--- Expected
+++ Actual
@@ @@
-'Pantheon\Terminus\Models\SavedToken'
+'token-612ed52c1b5e9'

/Users/brianweaver/repos/terminus/src/Collections/SavedTokens.php:53
/Users/brianweaver/repos/terminus/tests/unit_tests/Collections/SavedTokensTest.php:121

4) Pantheon\Terminus\UnitTests\Collections\SiteAuthorizationsTest::testCan
Expectation failed for method name is "get" when invoked at sequence index 1
Parameter 0 for invocation League\Container\Container::get('authorized612ed52c1bc48', false) does not match expected value.
Failed asserting that two strings are equal.
--- Expected
+++ Actual
@@ @@
-'Pantheon\Terminus\Models\SiteAuthorization'
+'authorized612ed52c1bc48'

/Users/brianweaver/repos/terminus/src/Collections/TerminusCollection.php:67
/Users/brianweaver/repos/terminus/src/Collections/TerminusCollection.php:97
/Users/brianweaver/repos/terminus/tests/unit_tests/Collections/SiteAuthorizationsTest.php:57

5) Pantheon\Terminus\UnitTests\Collections\TerminusCollectionTest::testAdd
Expectation failed for method name is "get" when invoked 1 time(s)
Parameter 0 for invocation League\Container\Container::get('123612ed52c23c8e', false) does not match expected value.
Failed asserting that two strings are equal.
--- Expected
+++ Actual
@@ @@
-'Pantheon\Terminus\Models\TerminusModel'
+'123612ed52c23c8e'

/Users/brianweaver/repos/terminus/src/Collections/TerminusCollection.php:67
/Users/brianweaver/repos/terminus/tests/unit_tests/Collections/TerminusCollectionTest.php:74

6) Pantheon\Terminus\UnitTests\Collections\TerminusCollectionTest::testGet
Expectation failed for method name is "get" when invoked at sequence index 1
Parameter 0 for invocation League\Container\Container::get('id1612ed52c244a3', false) does not match expected value.
Failed asserting that two strings are equal.
--- Expected
+++ Actual
@@ @@
-'Pantheon\Terminus\Models\PaymentMethod'
+'id1612ed52c244a3'

/Users/brianweaver/repos/terminus/src/Collections/TerminusCollection.php:67
/Users/brianweaver/repos/terminus/src/Collections/TerminusCollection.php:97
/Users/brianweaver/repos/terminus/src/Collections/TerminusCollection.php:81
/Users/brianweaver/repos/terminus/src/Collections/TerminusCollection.php:137
/Users/brianweaver/repos/terminus/tests/unit_tests/Collections/TerminusCollectionTest.php:151

7) Pantheon\Terminus\UnitTests\Collections\UpstreamsTest::testAdd
Expectation failed for method name is "get" when invoked at sequence index 1
Parameter 0 for invocation League\Container\Container::get('a612ed52c24f7b', false) does not match expected value.
Failed asserting that two strings are equal.
--- Expected
+++ Actual
@@ @@
-'Pantheon\Terminus\Models\Upstream'
+'a612ed52c24f7b'

/Users/brianweaver/repos/terminus/src/Collections/TerminusCollection.php:67
/Users/brianweaver/repos/terminus/src/Collections/Upstreams.php:37
/Users/brianweaver/repos/terminus/tests/unit_tests/Collections/UpstreamsTest.php:102

8) Pantheon\Terminus\UnitTests\Collections\UpstreamsTest::testFilterByName
Expectation failed for method name is "get" when invoked at sequence index 1
Parameter 0 for invocation League\Container\Container::get('a612ed52c251c3', false) does not match expected value.
Failed asserting that two strings are equal.
--- Expected
+++ Actual
@@ @@
-'Pantheon\Terminus\Models\Upstream'
+'a612ed52c251c3'

/Users/brianweaver/repos/terminus/src/Collections/TerminusCollection.php:67
/Users/brianweaver/repos/terminus/src/Collections/Upstreams.php:37
/Users/brianweaver/repos/terminus/tests/unit_tests/Collections/UpstreamsTest.php:129

9) Pantheon\Terminus\UnitTests\Commands\AliasesCommandTest::testAliasesPrint
League\Container\Container::get('Pantheon\Terminus\Commands\Al...c29d7e', false) was not expected to be called.

/Users/brianweaver/repos/terminus/src/Commands/AliasesCommand.php:99
/Users/brianweaver/repos/terminus/src/Commands/AliasesCommand.php:65
/Users/brianweaver/repos/terminus/tests/unit_tests/Commands/AliasesCommandTest.php:198

10) Pantheon\Terminus\UnitTests\Commands\Backup\CreateCommandTest::testCreateBackup
Expectation failed for method name is "get" when invoked zero or more times
Parameter 0 for invocation League\Container\Container::get('Pantheon\Terminus\Commands\Wo...c31344', false) does not match expected value.
Failed asserting that two strings are equal.
--- Expected
+++ Actual
@@ @@
-'Pantheon\Terminus\ProgressBars\WorkflowProgressBar'
+'Pantheon\Terminus\Commands\WorkflowProcessingTrait::processWorkflow-612ed52c31344'

/Users/brianweaver/repos/terminus/src/Commands/WorkflowProcessingTrait.php:24
/Users/brianweaver/repos/terminus/src/Commands/Backup/CreateCommand.php:39
/Users/brianweaver/repos/terminus/tests/unit_tests/Commands/Backup/CreateCommandTest.php:52

11) Pantheon\Terminus\UnitTests\Commands\Backup\CreateCommandTest::testCreateBackupWithKeepFor
Expectation failed for method name is "get" when invoked zero or more times
Parameter 0 for invocation League\Container\Container::get('Pantheon\Terminus\Commands\Wo...c318b6', false) does not match expected value.
Failed asserting that two strings are equal.
--- Expected
+++ Actual
@@ @@
-'Pantheon\Terminus\ProgressBars\WorkflowProgressBar'
+'Pantheon\Terminus\Commands\WorkflowProcessingTrait::processWorkflow-612ed52c318b6'

/Users/brianweaver/repos/terminus/src/Commands/WorkflowProcessingTrait.php:24
/Users/brianweaver/repos/terminus/src/Commands/Backup/CreateCommand.php:39
/Users/brianweaver/repos/terminus/tests/unit_tests/Commands/Backup/CreateCommandTest.php:77

12) Pantheon\Terminus\UnitTests\Commands\Backup\CreateCommandTest::testCreateBackupElement
Expectation failed for method name is "get" when invoked zero or more times
Parameter 0 for invocation League\Container\Container::get('Pantheon\Terminus\Commands\Wo...c31c49', false) does not match expected value.
Failed asserting that two strings are equal.
--- Expected
+++ Actual
@@ @@
-'Pantheon\Terminus\ProgressBars\WorkflowProgressBar'
+'Pantheon\Terminus\Commands\WorkflowProcessingTrait::processWorkflow-612ed52c31c49'

/Users/brianweaver/repos/terminus/src/Commands/WorkflowProcessingTrait.php:24
/Users/brianweaver/repos/terminus/src/Commands/Backup/CreateCommand.php:39
/Users/brianweaver/repos/terminus/tests/unit_tests/Commands/Backup/CreateCommandTest.php:102

13) Pantheon\Terminus\UnitTests\Commands\Backup\CreateCommandTest::testCreateBackupElementWithKeepFor
Expectation failed for method name is "get" when invoked zero or more times
Parameter 0 for invocation League\Container\Container::get('Pantheon\Terminus\Commands\Wo...c31fd3', false) does not match expected value.
Failed asserting that two strings are equal.
--- Expected
+++ Actual
@@ @@
-'Pantheon\Terminus\ProgressBars\WorkflowProgressBar'
+'Pantheon\Terminus\Commands\WorkflowProcessingTrait::processWorkflow-612ed52c31fd3'

/Users/brianweaver/repos/terminus/src/Commands/WorkflowProcessingTrait.php:24
/Users/brianweaver/repos/terminus/src/Commands/Backup/CreateCommand.php:39
/Users/brianweaver/repos/terminus/tests/unit_tests/Commands/Backup/CreateCommandTest.php:127

14) Pantheon\Terminus\UnitTests\Commands\Connection\SetCommandTest::testConnectionSetSuccess
Expectation failed for method name is "get" when invoked zero or more times
Parameter 0 for invocation League\Container\Container::get('Pantheon\Terminus\Commands\Wo...c36eec', false) does not match expected value.
Failed asserting that two strings are equal.
--- Expected
+++ Actual
@@ @@
-'Pantheon\Terminus\ProgressBars\WorkflowProgressBar'
+'Pantheon\Terminus\Commands\WorkflowProcessingTrait::processWorkflow-612ed52c36eec'

/Users/brianweaver/repos/terminus/src/Commands/WorkflowProcessingTrait.php:24
/Users/brianweaver/repos/terminus/src/Commands/Connection/SetCommand.php:73
/Users/brianweaver/repos/terminus/tests/unit_tests/Commands/Connection/SetCommandTest.php:71

15) Pantheon\Terminus\UnitTests\Commands\Connection\SetCommandTest::testConnectionSetWithUncommittedChanges
Expectation failed for method name is "get" when invoked zero or more times
Parameter 0 for invocation League\Container\Container::get('Pantheon\Terminus\Commands\Wo...c37951', false) does not match expected value.
Failed asserting that two strings are equal.
--- Expected
+++ Actual
@@ @@
-'Pantheon\Terminus\ProgressBars\WorkflowProgressBar'
+'Pantheon\Terminus\Commands\WorkflowProcessingTrait::processWorkflow-612ed52c37951'

/Users/brianweaver/repos/terminus/src/Commands/WorkflowProcessingTrait.php:24
/Users/brianweaver/repos/terminus/src/Commands/Connection/SetCommand.php:73
/Users/brianweaver/repos/terminus/tests/unit_tests/Commands/Connection/SetCommandTest.php:163

16) Pantheon\Terminus\UnitTests\Commands\Domain\Primary\AddCommandTest::testAdd
Expectation failed for method name is "get" when invoked zero or more times
Parameter 0 for invocation League\Container\Container::get('Pantheon\Terminus\Commands\Wo...c3abe1', false) does not match expected value.
Failed asserting that two strings are equal.
--- Expected
+++ Actual
@@ @@
-'Pantheon\Terminus\ProgressBars\WorkflowProgressBar'
+'Pantheon\Terminus\Commands\WorkflowProcessingTrait::processWorkflow-612ed52c3abe1'

/Users/brianweaver/repos/terminus/src/Commands/WorkflowProcessingTrait.php:24
/Users/brianweaver/repos/terminus/src/Commands/Domain/Primary/AddCommand.php:49
/Users/brianweaver/repos/terminus/tests/unit_tests/Commands/Domain/Primary/AddCommandTest.php:29

17) Pantheon\Terminus\UnitTests\Commands\Domain\Primary\RemoveCommandTest::testRemove
Expectation failed for method name is "get" when invoked zero or more times
Parameter 0 for invocation League\Container\Container::get('Pantheon\Terminus\Commands\Wo...c3b3ae', false) does not match expected value.
Failed asserting that two strings are equal.
--- Expected
+++ Actual
@@ @@
-'Pantheon\Terminus\ProgressBars\WorkflowProgressBar'
+'Pantheon\Terminus\Commands\WorkflowProcessingTrait::processWorkflow-612ed52c3b3ae'

/Users/brianweaver/repos/terminus/src/Commands/WorkflowProcessingTrait.php:24
/Users/brianweaver/repos/terminus/src/Commands/Domain/Primary/RemoveCommand.php:39
/Users/brianweaver/repos/terminus/tests/unit_tests/Commands/Domain/Primary/RemoveCommandTest.php:24

18) Pantheon\Terminus\UnitTests\Commands\Env\CloneContentCommandTest::testCloneFiles
Expectation failed for method name is "get" when invoked zero or more times
Parameter 0 for invocation League\Container\Container::get('Pantheon\Terminus\Commands\Wo...c3c135', false) does not match expected value.
Failed asserting that two strings are equal.
--- Expected
+++ Actual
@@ @@
-'Pantheon\Terminus\ProgressBars\WorkflowProgressBar'
+'Pantheon\Terminus\Commands\WorkflowProcessingTrait::processWorkflow-612ed52c3c135'

/Users/brianweaver/repos/terminus/src/Commands/WorkflowProcessingTrait.php:24
/Users/brianweaver/repos/terminus/src/Commands/Env/CloneContentCommand.php:163
/Users/brianweaver/repos/terminus/src/Commands/Env/CloneContentCommand.php:140
/Users/brianweaver/repos/terminus/src/Commands/Env/CloneContentCommand.php:91
/Users/brianweaver/repos/terminus/tests/unit_tests/Commands/Env/CloneContentCommandTest.php:70

19) Pantheon\Terminus\UnitTests\Commands\Env\CloneContentCommandTest::testCloneDatabase
Expectation failed for method name is "get" when invoked zero or more times
Parameter 0 for invocation League\Container\Container::get('Pantheon\Terminus\Commands\Wo...c3c4d3', false) does not match expected value.
Failed asserting that two strings are equal.
--- Expected
+++ Actual
@@ @@
-'Pantheon\Terminus\ProgressBars\WorkflowProgressBar'
+'Pantheon\Terminus\Commands\WorkflowProcessingTrait::processWorkflow-612ed52c3c4d3'

/Users/brianweaver/repos/terminus/src/Commands/WorkflowProcessingTrait.php:24
/Users/brianweaver/repos/terminus/src/Commands/Env/CloneContentCommand.php:163
/Users/brianweaver/repos/terminus/src/Commands/Env/CloneContentCommand.php:131
/Users/brianweaver/repos/terminus/src/Commands/Env/CloneContentCommand.php:95
/Users/brianweaver/repos/terminus/tests/unit_tests/Commands/Env/CloneContentCommandTest.php:112

20) Pantheon\Terminus\UnitTests\Commands\Env\CloneContentCommandTest::testCloneAll
Expectation failed for method name is "get" when invoked zero or more times
Parameter 0 for invocation League\Container\Container::get('Pantheon\Terminus\Commands\Wo...c3c89f', false) does not match expected value.
Failed asserting that two strings are equal.
--- Expected
+++ Actual
@@ @@
-'Pantheon\Terminus\ProgressBars\WorkflowProgressBar'
+'Pantheon\Terminus\Commands\WorkflowProcessingTrait::processWorkflow-612ed52c3c89f'

/Users/brianweaver/repos/terminus/src/Commands/WorkflowProcessingTrait.php:24
/Users/brianweaver/repos/terminus/src/Commands/Env/CloneContentCommand.php:163
/Users/brianweaver/repos/terminus/src/Commands/Env/CloneContentCommand.php:140
/Users/brianweaver/repos/terminus/src/Commands/Env/CloneContentCommand.php:91
/Users/brianweaver/repos/terminus/tests/unit_tests/Commands/Env/CloneContentCommandTest.php:173

21) Pantheon\Terminus\UnitTests\Commands\Env\CommitCommandTest::testCommit
Expectation failed for method name is "get" when invoked zero or more times
Parameter 0 for invocation League\Container\Container::get('Pantheon\Terminus\Commands\Wo...c40896', false) does not match expected value.
Failed asserting that two strings are equal.
--- Expected
+++ Actual
@@ @@
-'Pantheon\Terminus\ProgressBars\WorkflowProgressBar'
+'Pantheon\Terminus\Commands\WorkflowProcessingTrait::processWorkflow-612ed52c40896'

/Users/brianweaver/repos/terminus/src/Commands/WorkflowProcessingTrait.php:24
/Users/brianweaver/repos/terminus/src/Commands/Env/CommitCommand.php:51
/Users/brianweaver/repos/terminus/tests/unit_tests/Commands/Env/CommitCommandTest.php:58

22) Pantheon\Terminus\UnitTests\Commands\Env\CommitCommandTest::testCommitForce
Expectation failed for method name is "get" when invoked zero or more times
Parameter 0 for invocation League\Container\Container::get('Pantheon\Terminus\Commands\Wo...c40edc', false) does not match expected value.
Failed asserting that two strings are equal.
--- Expected
+++ Actual
@@ @@
-'Pantheon\Terminus\ProgressBars\WorkflowProgressBar'
+'Pantheon\Terminus\Commands\WorkflowProcessingTrait::processWorkflow-612ed52c40edc'

/Users/brianweaver/repos/terminus/src/Commands/WorkflowProcessingTrait.php:24
/Users/brianweaver/repos/terminus/src/Commands/Env/CommitCommand.php:51
/Users/brianweaver/repos/terminus/tests/unit_tests/Commands/Env/CommitCommandTest.php:108

23) Pantheon\Terminus\UnitTests\Commands\Env\DeployCommandTest::testDeploy
Expectation failed for method name is "get" when invoked zero or more times
Parameter 0 for invocation League\Container\Container::get('Pantheon\Terminus\Commands\Wo...c41810', false) does not match expected value.
Failed asserting that two strings are equal.
--- Expected
+++ Actual
@@ @@
-'Pantheon\Terminus\ProgressBars\WorkflowProgressBar'
+'Pantheon\Terminus\Commands\WorkflowProcessingTrait::processWorkflow-612ed52c41810'

/Users/brianweaver/repos/terminus/src/Commands/WorkflowProcessingTrait.php:24
/Users/brianweaver/repos/terminus/src/Commands/Env/DeployCommand.php:76
/Users/brianweaver/repos/terminus/tests/unit_tests/Commands/Env/DeployCommandTest.php:61

24) Pantheon\Terminus\UnitTests\Commands\Env\DeployCommandTest::testDeployLive
Expectation failed for method name is "get" when invoked zero or more times
Parameter 0 for invocation League\Container\Container::get('Pantheon\Terminus\Commands\Wo...c41e0c', false) does not match expected value.
Failed asserting that two strings are equal.
--- Expected
+++ Actual
@@ @@
-'Pantheon\Terminus\ProgressBars\WorkflowProgressBar'
+'Pantheon\Terminus\Commands\WorkflowProcessingTrait::processWorkflow-612ed52c41e0c'

/Users/brianweaver/repos/terminus/src/Commands/WorkflowProcessingTrait.php:24
/Users/brianweaver/repos/terminus/src/Commands/Env/DeployCommand.php:76
/Users/brianweaver/repos/terminus/tests/unit_tests/Commands/Env/DeployCommandTest.php:111

25) Pantheon\Terminus\UnitTests\Commands\Env\DeployCommandTest::testDeployUninitializedWithMessage
Expectation failed for method name is "get" when invoked zero or more times
Parameter 0 for invocation League\Container\Container::get('Pantheon\Terminus\Commands\Wo...c42116', false) does not match expected value.
Failed asserting that two strings are equal.
--- Expected
+++ Actual
@@ @@
-'Pantheon\Terminus\ProgressBars\WorkflowProgressBar'
+'Pantheon\Terminus\Commands\WorkflowProcessingTrait::processWorkflow-612ed52c42116'

/Users/brianweaver/repos/terminus/src/Commands/WorkflowProcessingTrait.php:24
/Users/brianweaver/repos/terminus/src/Commands/Env/DeployCommand.php:76
/Users/brianweaver/repos/terminus/tests/unit_tests/Commands/Env/DeployCommandTest.php:132

26) Pantheon\Terminus\UnitTests\Commands\Env\DeployCommandTest::testDeployUninitializedWithoutMessage
Expectation failed for method name is "get" when invoked zero or more times
Parameter 0 for invocation League\Container\Container::get('Pantheon\Terminus\Commands\Wo...c423eb', false) does not match expected value.
Failed asserting that two strings are equal.
--- Expected
+++ Actual
@@ @@
-'Pantheon\Terminus\ProgressBars\WorkflowProgressBar'
+'Pantheon\Terminus\Commands\WorkflowProcessingTrait::processWorkflow-612ed52c423eb'

/Users/brianweaver/repos/terminus/src/Commands/WorkflowProcessingTrait.php:24
/Users/brianweaver/repos/terminus/src/Commands/Env/DeployCommand.php:76
/Users/brianweaver/repos/terminus/tests/unit_tests/Commands/Env/DeployCommandTest.php:151

27) Pantheon\Terminus\UnitTests\Commands\Env\WipeCommandTest::testWipe
Expectation failed for method name is "get" when invoked zero or more times
Parameter 0 for invocation League\Container\Container::get('Pantheon\Terminus\Commands\Wo...c45b06', false) does not match expected value.
Failed asserting that two strings are equal.
--- Expected
+++ Actual
@@ @@
-'Pantheon\Terminus\ProgressBars\WorkflowProgressBar'
+'Pantheon\Terminus\Commands\WorkflowProcessingTrait::processWorkflow-612ed52c45b06'

/Users/brianweaver/repos/terminus/src/Commands/WorkflowProcessingTrait.php:24
/Users/brianweaver/repos/terminus/src/Commands/Env/WipeCommand.php:47
/Users/brianweaver/repos/terminus/tests/unit_tests/Commands/Env/WipeCommandTest.php:65

28) Pantheon\Terminus\UnitTests\HTTPS\RemoveCommandTest::testRemove
Expectation failed for method name is "get" when invoked zero or more times
Parameter 0 for invocation League\Container\Container::get('Pantheon\Terminus\Commands\Wo...c462bf', false) does not match expected value.
Failed asserting that two strings are equal.
--- Expected
+++ Actual
@@ @@
-'Pantheon\Terminus\ProgressBars\WorkflowProgressBar'
+'Pantheon\Terminus\Commands\WorkflowProcessingTrait::processWorkflow-612ed52c462bf'

/Users/brianweaver/repos/terminus/src/Commands/WorkflowProcessingTrait.php:24
/Users/brianweaver/repos/terminus/src/Commands/HTTPS/RemoveCommand.php:39
/Users/brianweaver/repos/terminus/tests/unit_tests/Commands/HTTPS/RemoveCommandTest.php:56

29) Pantheon\Terminus\UnitTests\HTTPS\SetCommandTest::testSetFiles
Expectation failed for method name is "get" when invoked zero or more times
Parameter 0 for invocation League\Container\Container::get('Pantheon\Terminus\Commands\Wo...c47ee8', false) does not match expected value.
Failed asserting that two strings are equal.
--- Expected
+++ Actual
@@ @@
-'Pantheon\Terminus\ProgressBars\WorkflowProgressBar'
+'Pantheon\Terminus\Commands\WorkflowProcessingTrait::processWorkflow-612ed52c47ee8'

/Users/brianweaver/repos/terminus/src/Commands/WorkflowProcessingTrait.php:24
/Users/brianweaver/repos/terminus/src/Commands/HTTPS/SetCommand.php:55
/Users/brianweaver/repos/terminus/tests/unit_tests/Commands/HTTPS/SetCommandTest.php:83

30) Pantheon\Terminus\UnitTests\HTTPS\SetCommandTest::testSetValues
Expectation failed for method name is "get" when invoked zero or more times
Parameter 0 for invocation League\Container\Container::get('Pantheon\Terminus\Commands\Wo...c48231', false) does not match expected value.
Failed asserting that two strings are equal.
--- Expected
+++ Actual
@@ @@
-'Pantheon\Terminus\ProgressBars\WorkflowProgressBar'
+'Pantheon\Terminus\Commands\WorkflowProcessingTrait::processWorkflow-612ed52c48231'

/Users/brianweaver/repos/terminus/src/Commands/WorkflowProcessingTrait.php:24
/Users/brianweaver/repos/terminus/src/Commands/HTTPS/SetCommand.php:55
/Users/brianweaver/repos/terminus/tests/unit_tests/Commands/HTTPS/SetCommandTest.php:95

31) Pantheon\Terminus\UnitTests\Commands\Site\CompleteCommandTest::testSiteImportValidURL
Expectation failed for method name is "get" when invoked zero or more times
Parameter 0 for invocation League\Container\Container::get('Pantheon\Terminus\Commands\Wo...c48681', false) does not match expected value.
Failed asserting that two strings are equal.
--- Expected
+++ Actual
@@ @@
-'Pantheon\Terminus\ProgressBars\WorkflowProgressBar'
+'Pantheon\Terminus\Commands\WorkflowProcessingTrait::processWorkflow-612ed52c48681'

/Users/brianweaver/repos/terminus/src/Commands/WorkflowProcessingTrait.php:24
/Users/brianweaver/repos/terminus/src/Commands/Import/CompleteCommand.php:34
/Users/brianweaver/repos/terminus/tests/unit_tests/Commands/Import/CompleteCommandTest.php:58

32) Pantheon\Terminus\UnitTests\Commands\Import\DatabaseCommandTest::testImportValidURL
Expectation failed for method name is "get" when invoked zero or more times
Parameter 0 for invocation League\Container\Container::get('Pantheon\Terminus\Commands\Wo...c48c4d', false) does not match expected value.
Failed asserting that two strings are equal.
--- Expected
+++ Actual
@@ @@
-'Pantheon\Terminus\ProgressBars\WorkflowProgressBar'
+'Pantheon\Terminus\Commands\WorkflowProcessingTrait::processWorkflow-612ed52c48c4d'

/Users/brianweaver/repos/terminus/src/Commands/WorkflowProcessingTrait.php:24
/Users/brianweaver/repos/terminus/src/Commands/Import/DatabaseCommand.php:37
/Users/brianweaver/repos/terminus/tests/unit_tests/Commands/Import/DatabaseCommandTest.php:66

33) Pantheon\Terminus\UnitTests\Commands\Import\FilesCommandTest::testImportValidURL
Expectation failed for method name is "get" when invoked zero or more times
Parameter 0 for invocation League\Container\Container::get('Pantheon\Terminus\Commands\Wo...c490f6', false) does not match expected value.
Failed asserting that two strings are equal.
--- Expected
+++ Actual
@@ @@
-'Pantheon\Terminus\ProgressBars\WorkflowProgressBar'
+'Pantheon\Terminus\Commands\WorkflowProcessingTrait::processWorkflow-612ed52c490f6'

/Users/brianweaver/repos/terminus/src/Commands/WorkflowProcessingTrait.php:24
/Users/brianweaver/repos/terminus/src/Commands/Import/FilesCommand.php:40
/Users/brianweaver/repos/terminus/tests/unit_tests/Commands/Import/FilesCommandTest.php:72

34) Pantheon\Terminus\UnitTests\Commands\Import\SiteCommandTest::testSiteImportValidURL
Expectation failed for method name is "get" when invoked zero or more times
Parameter 0 for invocation League\Container\Container::get('Pantheon\Terminus\Commands\Wo...c49545', false) does not match expected value.
Failed asserting that two strings are equal.
--- Expected
+++ Actual
@@ @@
-'Pantheon\Terminus\ProgressBars\WorkflowProgressBar'
+'Pantheon\Terminus\Commands\WorkflowProcessingTrait::processWorkflow-612ed52c49545'

/Users/brianweaver/repos/terminus/src/Commands/WorkflowProcessingTrait.php:24
/Users/brianweaver/repos/terminus/src/Commands/Import/SiteCommand.php:43
/Users/brianweaver/repos/terminus/tests/unit_tests/Commands/Import/SiteCommandTest.php:63

35) Pantheon\Terminus\UnitTests\Commands\Lock\DisableCommandTest::testDisable
Expectation failed for method name is "get" when invoked zero or more times
Parameter 0 for invocation League\Container\Container::get('Pantheon\Terminus\Commands\Wo...c4a0ec', false) does not match expected value.
Failed asserting that two strings are equal.
--- Expected
+++ Actual
@@ @@
-'Pantheon\Terminus\ProgressBars\WorkflowProgressBar'
+'Pantheon\Terminus\Commands\WorkflowProcessingTrait::processWorkflow-612ed52c4a0ec'

/Users/brianweaver/repos/terminus/src/Commands/WorkflowProcessingTrait.php:24
/Users/brianweaver/repos/terminus/src/Commands/Lock/DisableCommand.php:33
/Users/brianweaver/repos/terminus/tests/unit_tests/Commands/Lock/DisableCommandTest.php:57

36) Pantheon\Terminus\UnitTests\Commands\Lock\EnableCommandTest::testEnable
Expectation failed for method name is "get" when invoked zero or more times
Parameter 0 for invocation League\Container\Container::get('Pantheon\Terminus\Commands\Wo...c4a4f5', false) does not match expected value.
Failed asserting that two strings are equal.
--- Expected
+++ Actual
@@ @@
-'Pantheon\Terminus\ProgressBars\WorkflowProgressBar'
+'Pantheon\Terminus\Commands\WorkflowProcessingTrait::processWorkflow-612ed52c4a4f5'

/Users/brianweaver/repos/terminus/src/Commands/WorkflowProcessingTrait.php:24
/Users/brianweaver/repos/terminus/src/Commands/Lock/EnableCommand.php:36
/Users/brianweaver/repos/terminus/tests/unit_tests/Commands/Lock/EnableCommandTest.php:59

37) Pantheon\Terminus\UnitTests\Commands\Multidev\CreateCommandTest::testCreate
Expectation failed for method name is "get" when invoked zero or more times
Parameter 0 for invocation League\Container\Container::get('Pantheon\Terminus\Commands\Wo...c4cb12', false) does not match expected value.
Failed asserting that two strings are equal.
--- Expected
+++ Actual
@@ @@
-'Pantheon\Terminus\ProgressBars\WorkflowProgressBar'
+'Pantheon\Terminus\Commands\WorkflowProcessingTrait::processWorkflow-612ed52c4cb12'

/Users/brianweaver/repos/terminus/src/Commands/WorkflowProcessingTrait.php:24
/Users/brianweaver/repos/terminus/src/Commands/Multidev/CreateCommand.php:57
/Users/brianweaver/repos/terminus/tests/unit_tests/Commands/Multidev/CreateCommandTest.php:51

38) Pantheon\Terminus\UnitTests\Commands\Multidev\CreateCommandTest::testCreateFailure
Expectation failed for method name is "get" when invoked zero or more times
Parameter 0 for invocation League\Container\Container::get('Pantheon\Terminus\Commands\Wo...c4ce01', false) does not match expected value.
Failed asserting that two strings are equal.
--- Expected
+++ Actual
@@ @@
-'Pantheon\Terminus\ProgressBars\WorkflowProgressBar'
+'Pantheon\Terminus\Commands\WorkflowProcessingTrait::processWorkflow-612ed52c4ce01'

/Users/brianweaver/repos/terminus/src/Commands/WorkflowProcessingTrait.php:24
/Users/brianweaver/repos/terminus/src/Commands/Multidev/CreateCommand.php:57
/Users/brianweaver/repos/terminus/tests/unit_tests/Commands/Multidev/CreateCommandTest.php:70

39) Pantheon\Terminus\UnitTests\Commands\Multidev\DeleteCommandTest::testMultidevDelete
Expectation failed for method name is "get" when invoked zero or more times
Parameter 0 for invocation League\Container\Container::get('Pantheon\Terminus\Commands\Wo...c4d256', false) does not match expected value.
Failed asserting that two strings are equal.
--- Expected
+++ Actual
@@ @@
-'Pantheon\Terminus\ProgressBars\WorkflowProgressBar'
+'Pantheon\Terminus\Commands\WorkflowProcessingTrait::processWorkflow-612ed52c4d256'

/Users/brianweaver/repos/terminus/src/Commands/WorkflowProcessingTrait.php:24
/Users/brianweaver/repos/terminus/src/Commands/Multidev/DeleteCommand.php:44
/Users/brianweaver/repos/terminus/tests/unit_tests/Commands/Multidev/DeleteCommandTest.php:55

40) Pantheon\Terminus\UnitTests\Commands\Multidev\DeleteCommandTest::testMultidevDeleteWithBranch
Expectation failed for method name is "get" when invoked zero or more times
Parameter 0 for invocation League\Container\Container::get('Pantheon\Terminus\Commands\Wo...c4d550', false) does not match expected value.
Failed asserting that two strings are equal.
--- Expected
+++ Actual
@@ @@
-'Pantheon\Terminus\ProgressBars\WorkflowProgressBar'
+'Pantheon\Terminus\Commands\WorkflowProcessingTrait::processWorkflow-612ed52c4d550'

/Users/brianweaver/repos/terminus/src/Commands/WorkflowProcessingTrait.php:24
/Users/brianweaver/repos/terminus/src/Commands/Multidev/DeleteCommand.php:44
/Users/brianweaver/repos/terminus/tests/unit_tests/Commands/Multidev/DeleteCommandTest.php:79

41) Pantheon\Terminus\UnitTests\Commands\Multidev\MergeFromDevCommandTest::testMergeFromDev
Expectation failed for method name is "get" when invoked zero or more times
Parameter 0 for invocation League\Container\Container::get('Pantheon\Terminus\Commands\Wo...c4e1fd', false) does not match expected value.
Failed asserting that two strings are equal.
--- Expected
+++ Actual
@@ @@
-'Pantheon\Terminus\ProgressBars\WorkflowProgressBar'
+'Pantheon\Terminus\Commands\WorkflowProcessingTrait::processWorkflow-612ed52c4e1fd'

/Users/brianweaver/repos/terminus/src/Commands/WorkflowProcessingTrait.php:24
/Users/brianweaver/repos/terminus/src/Commands/Multidev/MergeFromDevCommand.php:36
/Users/brianweaver/repos/terminus/tests/unit_tests/Commands/Multidev/MergeFromDevCommandTest.php:50

42) Pantheon\Terminus\UnitTests\Commands\Multidev\MergeFromDevCommandTest::testMergeFromDevWithUpdateDB
Expectation failed for method name is "get" when invoked zero or more times
Parameter 0 for invocation League\Container\Container::get('Pantheon\Terminus\Commands\Wo...c50d19', false) does not match expected value.
Failed asserting that two strings are equal.
--- Expected
+++ Actual
@@ @@
-'Pantheon\Terminus\ProgressBars\WorkflowProgressBar'
+'Pantheon\Terminus\Commands\WorkflowProcessingTrait::processWorkflow-612ed52c50d19'

/Users/brianweaver/repos/terminus/src/Commands/WorkflowProcessingTrait.php:24
/Users/brianweaver/repos/terminus/src/Commands/Multidev/MergeFromDevCommand.php:36
/Users/brianweaver/repos/terminus/tests/unit_tests/Commands/Multidev/MergeFromDevCommandTest.php:72

43) Pantheon\Terminus\UnitTests\Commands\Multidev\MergeFromDevCommandTest::testMergeFromDevFailure
Expectation failed for method name is "get" when invoked zero or more times
Parameter 0 for invocation League\Container\Container::get('Pantheon\Terminus\Commands\Wo...c510d7', false) does not match expected value.
Failed asserting that two strings are equal.
--- Expected
+++ Actual
@@ @@
-'Pantheon\Terminus\ProgressBars\WorkflowProgressBar'
+'Pantheon\Terminus\Commands\WorkflowProcessingTrait::processWorkflow-612ed52c510d7'

/Users/brianweaver/repos/terminus/src/Commands/WorkflowProcessingTrait.php:24
/Users/brianweaver/repos/terminus/src/Commands/Multidev/MergeFromDevCommand.php:36
/Users/brianweaver/repos/terminus/tests/unit_tests/Commands/Multidev/MergeFromDevCommandTest.php:90

44) Pantheon\Terminus\UnitTests\Commands\Multidev\MergeToDevCommandTest::testMergeToDev
Expectation failed for method name is "get" when invoked zero or more times
Parameter 0 for invocation League\Container\Container::get('Pantheon\Terminus\Commands\Wo...c515d0', false) does not match expected value.
Failed asserting that two strings are equal.
--- Expected
+++ Actual
@@ @@
-'Pantheon\Terminus\ProgressBars\WorkflowProgressBar'
+'Pantheon\Terminus\Commands\WorkflowProcessingTrait::processWorkflow-612ed52c515d0'

/Users/brianweaver/repos/terminus/src/Commands/WorkflowProcessingTrait.php:24
/Users/brianweaver/repos/terminus/src/Commands/Multidev/MergeToDevCommand.php:39
/Users/brianweaver/repos/terminus/tests/unit_tests/Commands/Multidev/MergeToDevCommandTest.php:51

45) Pantheon\Terminus\UnitTests\Commands\Multidev\MergeToDevCommandTest::testMergeToDevWithUpdateDB
Expectation failed for method name is "get" when invoked zero or more times
Parameter 0 for invocation League\Container\Container::get('Pantheon\Terminus\Commands\Wo...c518df', false) does not match expected value.
Failed asserting that two strings are equal.
--- Expected
+++ Actual
@@ @@
-'Pantheon\Terminus\ProgressBars\WorkflowProgressBar'
+'Pantheon\Terminus\Commands\WorkflowProcessingTrait::processWorkflow-612ed52c518df'

/Users/brianweaver/repos/terminus/src/Commands/WorkflowProcessingTrait.php:24
/Users/brianweaver/repos/terminus/src/Commands/Multidev/MergeToDevCommand.php:39
/Users/brianweaver/repos/terminus/tests/unit_tests/Commands/Multidev/MergeToDevCommandTest.php:74

46) Pantheon\Terminus\UnitTests\Commands\Multidev\MergeToDevCommandTest::testMergeToDevFailure
Expectation failed for method name is "get" when invoked zero or more times
Parameter 0 for invocation League\Container\Container::get('Pantheon\Terminus\Commands\Wo...c51c07', false) does not match expected value.
Failed asserting that two strings are equal.
--- Expected
+++ Actual
@@ @@
-'Pantheon\Terminus\ProgressBars\WorkflowProgressBar'
+'Pantheon\Terminus\Commands\WorkflowProcessingTrait::processWorkflow-612ed52c51c07'

/Users/brianweaver/repos/terminus/src/Commands/WorkflowProcessingTrait.php:24
/Users/brianweaver/repos/terminus/src/Commands/Multidev/MergeToDevCommand.php:39
/Users/brianweaver/repos/terminus/tests/unit_tests/Commands/Multidev/MergeToDevCommandTest.php:93

47) Pantheon\Terminus\UnitTests\Commands\NewRelic\DisableCommandTest::testDisable
Expectation failed for method name is "get" when invoked zero or more times
Parameter 0 for invocation League\Container\Container::get('Pantheon\Terminus\Commands\Wo...c523d6', false) does not match expected value.
Failed asserting that two strings are equal.
--- Expected
+++ Actual
@@ @@
-'Pantheon\Terminus\ProgressBars\WorkflowProgressBar'
+'Pantheon\Terminus\Commands\WorkflowProcessingTrait::processWorkflow-612ed52c523d6'

/Users/brianweaver/repos/terminus/src/Commands/WorkflowProcessingTrait.php:24
/Users/brianweaver/repos/terminus/src/Commands/NewRelic/DisableCommand.php:34
/Users/brianweaver/repos/terminus/tests/unit_tests/Commands/NewRelic/DisableCommandTest.php:55

48) Pantheon\Terminus\UnitTests\Commands\NewRelic\EnableCommandTest::testEnable
Expectation failed for method name is "get" when invoked zero or more times
Parameter 0 for invocation League\Container\Container::get('Pantheon\Terminus\Commands\Wo...c5282b', false) does not match expected value.
Failed asserting that two strings are equal.
--- Expected
+++ Actual
@@ @@
-'Pantheon\Terminus\ProgressBars\WorkflowProgressBar'
+'Pantheon\Terminus\Commands\WorkflowProcessingTrait::processWorkflow-612ed52c5282b'

/Users/brianweaver/repos/terminus/src/Commands/WorkflowProcessingTrait.php:24
/Users/brianweaver/repos/terminus/src/Commands/NewRelic/EnableCommand.php:34
/Users/brianweaver/repos/terminus/tests/unit_tests/Commands/NewRelic/EnableCommandTest.php:53

49) Pantheon\Terminus\UnitTests\Commands\Org\People\AddCommandTest::testAdd
Expectation failed for method name is "get" when invoked zero or more times
Parameter 0 for invocation League\Container\Container::get('Pantheon\Terminus\Commands\Wo...c53eed', false) does not match expected value.
Failed asserting that two strings are equal.
--- Expected
+++ Actual
@@ @@
-'Pantheon\Terminus\ProgressBars\WorkflowProgressBar'
+'Pantheon\Terminus\Commands\WorkflowProcessingTrait::processWorkflow-612ed52c53eed'

/Users/brianweaver/repos/terminus/src/Commands/WorkflowProcessingTrait.php:24
/Users/brianweaver/repos/terminus/src/Commands/Org/People/AddCommand.php:33
/Users/brianweaver/repos/terminus/tests/unit_tests/Commands/Org/People/AddCommandTest.php:61

50) Pantheon\Terminus\UnitTests\Commands\Org\People\RemoveCommandTest::testRemove
Expectation failed for method name is "get" when invoked zero or more times
Parameter 0 for invocation League\Container\Container::get('Pantheon\Terminus\Commands\Wo...c54cb5', false) does not match expected value.
Failed asserting that two strings are equal.
--- Expected
+++ Actual
@@ @@
-'Pantheon\Terminus\ProgressBars\WorkflowProgressBar'
+'Pantheon\Terminus\Commands\WorkflowProcessingTrait::processWorkflow-612ed52c54cb5'

/Users/brianweaver/repos/terminus/src/Commands/WorkflowProcessingTrait.php:24
/Users/brianweaver/repos/terminus/src/Commands/Org/People/RemoveCommand.php:33
/Users/brianweaver/repos/terminus/tests/unit_tests/Commands/Org/People/RemoveCommandTest.php:73

51) Pantheon\Terminus\UnitTests\Commands\Org\People\RoleCommandTest::testRole
Expectation failed for method name is "get" when invoked zero or more times
Parameter 0 for invocation League\Container\Container::get('Pantheon\Terminus\Commands\Wo...c55314', false) does not match expected value.
Failed asserting that two strings are equal.
--- Expected
+++ Actual
@@ @@
-'Pantheon\Terminus\ProgressBars\WorkflowProgressBar'
+'Pantheon\Terminus\Commands\WorkflowProcessingTrait::processWorkflow-612ed52c55314'

/Users/brianweaver/repos/terminus/src/Commands/WorkflowProcessingTrait.php:24
/Users/brianweaver/repos/terminus/src/Commands/Org/People/RoleCommand.php:34
/Users/brianweaver/repos/terminus/tests/unit_tests/Commands/Org/People/RoleCommandTest.php:74

52) Pantheon\Terminus\UnitTests\Commands\Org\Site\RemoveCommandTest::testRemove
Expectation failed for method name is "get" when invoked zero or more times
Parameter 0 for invocation League\Container\Container::get('Pantheon\Terminus\Commands\Wo...c56545', false) does not match expected value.
Failed asserting that two strings are equal.
--- Expected
+++ Actual
@@ @@
-'Pantheon\Terminus\ProgressBars\WorkflowProgressBar'
+'Pantheon\Terminus\Commands\WorkflowProcessingTrait::processWorkflow-612ed52c56545'

/Users/brianweaver/repos/terminus/src/Commands/WorkflowProcessingTrait.php:24
/Users/brianweaver/repos/terminus/src/Commands/Org/Site/RemoveCommand.php:36
/Users/brianweaver/repos/terminus/tests/unit_tests/Commands/Org/Site/RemoveCommandTest.php:96

53) Pantheon\Terminus\UnitTests\Commands\Owner\SetCommandTest::testOwnerSetValidOwner
Expectation failed for method name is "get" when invoked zero or more times
Parameter 0 for invocation League\Container\Container::get('Pantheon\Terminus\Commands\Wo...c576fa', false) does not match expected value.
Failed asserting that two strings are equal.
--- Expected
+++ Actual
@@ @@
-'Pantheon\Terminus\ProgressBars\WorkflowProgressBar'
+'Pantheon\Terminus\Commands\WorkflowProcessingTrait::processWorkflow-612ed52c576fa'

/Users/brianweaver/repos/terminus/src/Commands/WorkflowProcessingTrait.php:24
/Users/brianweaver/repos/terminus/src/Commands/Owner/SetCommand.php:42
/Users/brianweaver/repos/terminus/tests/unit_tests/Commands/Owner/SetCommandTest.php:91

54) Pantheon\Terminus\UnitTests\Commands\PaymentMethod\AddCommandTest::testAdd
Expectation failed for method name is "get" when invoked zero or more times
Parameter 0 for invocation League\Container\Container::get('Pantheon\Terminus\Commands\Wo...c58545', false) does not match expected value.
Failed asserting that two strings are equal.
--- Expected
+++ Actual
@@ @@
-'Pantheon\Terminus\ProgressBars\WorkflowProgressBar'
+'Pantheon\Terminus\Commands\WorkflowProcessingTrait::processWorkflow-612ed52c58545'

/Users/brianweaver/repos/terminus/src/Commands/WorkflowProcessingTrait.php:24
/Users/brianweaver/repos/terminus/src/Commands/PaymentMethod/AddCommand.php:36
/Users/brianweaver/repos/terminus/tests/unit_tests/Commands/PaymentMethod/AddCommandTest.php:118

55) Pantheon\Terminus\UnitTests\Commands\PaymentMethod\RemoveCommandTest::testRemove
Expectation failed for method name is "get" when invoked zero or more times
Parameter 0 for invocation League\Container\Container::get('Pantheon\Terminus\Commands\Wo...c58f55', false) does not match expected value.
Failed asserting that two strings are equal.
--- Expected
+++ Actual
@@ @@
-'Pantheon\Terminus\ProgressBars\WorkflowProgressBar'
+'Pantheon\Terminus\Commands\WorkflowProcessingTrait::processWorkflow-612ed52c58f55'

/Users/brianweaver/repos/terminus/src/Commands/WorkflowProcessingTrait.php:24
/Users/brianweaver/repos/terminus/src/Commands/PaymentMethod/RemoveCommand.php:34
/Users/brianweaver/repos/terminus/tests/unit_tests/Commands/PaymentMethod/RemoveCommandTest.php:59

56) Pantheon\Terminus\UnitTests\Commands\Plan\SetCommandTest::testSet
Expectation failed for method name is "get" when invoked zero or more times
Parameter 0 for invocation League\Container\Container::get('Pantheon\Terminus\Commands\Wo...c59ea5', false) does not match expected value.
Failed asserting that two strings are equal.
--- Expected
+++ Actual
@@ @@
-'Pantheon\Terminus\ProgressBars\WorkflowProgressBar'
+'Pantheon\Terminus\Commands\WorkflowProcessingTrait::processWorkflow-612ed52c59ea5'

/Users/brianweaver/repos/terminus/src/Commands/WorkflowProcessingTrait.php:24
/Users/brianweaver/repos/terminus/src/Commands/Plan/SetCommand.php:37
/Users/brianweaver/repos/terminus/tests/unit_tests/Commands/Plan/SetCommandTest.php:82

57) Pantheon\Terminus\UnitTests\Commands\Redis\DisableCommandTest::testDisable
Expectation failed for method name is "get" when invoked zero or more times
Parameter 0 for invocation League\Container\Container::get('Pantheon\Terminus\Commands\Wo...c5a540', false) does not match expected value.
Failed asserting that two strings are equal.
--- Expected
+++ Actual
@@ @@
-'Pantheon\Terminus\ProgressBars\WorkflowProgressBar'
+'Pantheon\Terminus\Commands\WorkflowProcessingTrait::processWorkflow-612ed52c5a540'

/Users/brianweaver/repos/terminus/src/Commands/WorkflowProcessingTrait.php:24
/Users/brianweaver/repos/terminus/src/Commands/Redis/DisableCommand.php:34
/Users/brianweaver/repos/terminus/tests/unit_tests/Commands/Redis/DisableCommandTest.php:50

58) Pantheon\Terminus\UnitTests\Commands\Redis\EnableCommandTest::testEnable
Expectation failed for method name is "get" when invoked zero or more times
Parameter 0 for invocation League\Container\Container::get('Pantheon\Terminus\Commands\Wo...c5a95f', false) does not match expected value.
Failed asserting that two strings are equal.
--- Expected
+++ Actual
@@ @@
-'Pantheon\Terminus\ProgressBars\WorkflowProgressBar'
+'Pantheon\Terminus\Commands\WorkflowProcessingTrait::processWorkflow-612ed52c5a95f'

/Users/brianweaver/repos/terminus/src/Commands/WorkflowProcessingTrait.php:24
/Users/brianweaver/repos/terminus/src/Commands/Redis/EnableCommand.php:34
/Users/brianweaver/repos/terminus/tests/unit_tests/Commands/Redis/EnableCommandTest.php:50

59) Pantheon\Terminus\UnitTests\Commands\ServiceLevel\SetCommandTest::testServiceLevelSet
Expectation failed for method name is "get" when invoked zero or more times
Parameter 0 for invocation League\Container\Container::get('Pantheon\Terminus\Commands\Wo...e2f0a8', false) does not match expected value.
Failed asserting that two strings are equal.
--- Expected
+++ Actual
@@ @@
-'Pantheon\Terminus\ProgressBars\WorkflowProgressBar'
+'Pantheon\Terminus\Commands\WorkflowProcessingTrait::processWorkflow-612ed52e2f0a8'

/Users/brianweaver/repos/terminus/src/Commands/WorkflowProcessingTrait.php:24
/Users/brianweaver/repos/terminus/src/Commands/ServiceLevel/SetCommand.php:40
/Users/brianweaver/repos/terminus/tests/unit_tests/Commands/ServiceLevel/SetCommandTest.php:52

60) Pantheon\Terminus\UnitTests\Commands\Site\CreateCommandTest::testCreate
Expectation failed for method name is "get" when invoked zero or more times
Parameter 0 for invocation League\Container\Container::get('Pantheon\Terminus\Commands\Wo...e2fa69', false) does not match expected value.
Failed asserting that two strings are equal.
--- Expected
+++ Actual
@@ @@
-'Pantheon\Terminus\ProgressBars\WorkflowProgressBar'
+'Pantheon\Terminus\Commands\WorkflowProcessingTrait::processWorkflow-612ed52e2fa69'

/Users/brianweaver/repos/terminus/src/Commands/WorkflowProcessingTrait.php:24
/Users/brianweaver/repos/terminus/src/Commands/Site/CreateCommand.php:66
/Users/brianweaver/repos/terminus/tests/unit_tests/Commands/Site/CreateCommandTest.php:137

61) Pantheon\Terminus\UnitTests\Commands\Site\CreateCommandTest::testCreateInOrg
Expectation failed for method name is "get" when invoked zero or more times
Parameter 0 for invocation League\Container\Container::get('Pantheon\Terminus\Commands\Wo...e302fe', false) does not match expected value.
Failed asserting that two strings are equal.
--- Expected
+++ Actual
@@ @@
-'Pantheon\Terminus\ProgressBars\WorkflowProgressBar'
+'Pantheon\Terminus\Commands\WorkflowProcessingTrait::processWorkflow-612ed52e302fe'

/Users/brianweaver/repos/terminus/src/Commands/WorkflowProcessingTrait.php:24
/Users/brianweaver/repos/terminus/src/Commands/Site/CreateCommand.php:66
/Users/brianweaver/repos/terminus/tests/unit_tests/Commands/Site/CreateCommandTest.php:247

62) Pantheon\Terminus\UnitTests\Commands\Site\Org\AddCommandTest::testAdd
Expectation failed for method name is "get" when invoked zero or more times
Parameter 0 for invocation League\Container\Container::get('Pantheon\Terminus\Commands\Wo...e38919', false) does not match expected value.
Failed asserting that two strings are equal.
--- Expected
+++ Actual
@@ @@
-'Pantheon\Terminus\ProgressBars\WorkflowProgressBar'
+'Pantheon\Terminus\Commands\WorkflowProcessingTrait::processWorkflow-612ed52e38919'

/Users/brianweaver/repos/terminus/src/Commands/WorkflowProcessingTrait.php:24
/Users/brianweaver/repos/terminus/src/Commands/Site/Org/AddCommand.php:41
/Users/brianweaver/repos/terminus/tests/unit_tests/Commands/Site/Org/AddCommandTest.php:74

63) Pantheon\Terminus\UnitTests\Commands\Site\Org\RemoveCommandTest::testRemove
Expectation failed for method name is "get" when invoked zero or more times
Parameter 0 for invocation League\Container\Container::get('Pantheon\Terminus\Commands\Wo...e3bd90', false) does not match expected value.
Failed asserting that two strings are equal.
--- Expected
+++ Actual
@@ @@
-'Pantheon\Terminus\ProgressBars\WorkflowProgressBar'
+'Pantheon\Terminus\Commands\WorkflowProcessingTrait::processWorkflow-612ed52e3bd90'

/Users/brianweaver/repos/terminus/src/Commands/WorkflowProcessingTrait.php:24
/Users/brianweaver/repos/terminus/src/Commands/Site/Org/RemoveCommand.php:46
/Users/brianweaver/repos/terminus/tests/unit_tests/Commands/Site/Org/RemoveCommandTest.php:101

64) Pantheon\Terminus\UnitTests\Commands\Site\Team\AddCommandTest::testAddCommand
Expectation failed for method name is "get" when invoked zero or more times
Parameter 0 for invocation League\Container\Container::get('Pantheon\Terminus\Commands\Wo...e3c3d7', false) does not match expected value.
Failed asserting that two strings are equal.
--- Expected
+++ Actual
@@ @@
-'Pantheon\Terminus\ProgressBars\WorkflowProgressBar'
+'Pantheon\Terminus\Commands\WorkflowProcessingTrait::processWorkflow-612ed52e3c3d7'

/Users/brianweaver/repos/terminus/src/Commands/WorkflowProcessingTrait.php:24
/Users/brianweaver/repos/terminus/src/Commands/Site/Team/AddCommand.php:47
/Users/brianweaver/repos/terminus/tests/unit_tests/Commands/Site/Team/AddCommandTest.php:66

65) Pantheon\Terminus\UnitTests\Commands\Site\Team\AddCommandTest::testAddCommandRestricted
Expectation failed for method name is "get" when invoked zero or more times
Parameter 0 for invocation League\Container\Container::get('Pantheon\Terminus\Commands\Wo...e3c7ff', false) does not match expected value.
Failed asserting that two strings are equal.
--- Expected
+++ Actual
@@ @@
-'Pantheon\Terminus\ProgressBars\WorkflowProgressBar'
+'Pantheon\Terminus\Commands\WorkflowProcessingTrait::processWorkflow-612ed52e3c7ff'

/Users/brianweaver/repos/terminus/src/Commands/WorkflowProcessingTrait.php:24
/Users/brianweaver/repos/terminus/src/Commands/Site/Team/AddCommand.php:47
/Users/brianweaver/repos/terminus/tests/unit_tests/Commands/Site/Team/AddCommandTest.php:101

66) Pantheon\Terminus\UnitTests\Commands\Site\Team\AddCommandTest::testAddCommandRestrictedNoRole
Expectation failed for method name is "get" when invoked zero or more times
Parameter 0 for invocation League\Container\Container::get('Pantheon\Terminus\Commands\Wo...e3ccd5', false) does not match expected value.
Failed asserting that two strings are equal.
--- Expected
+++ Actual
@@ @@
-'Pantheon\Terminus\ProgressBars\WorkflowProgressBar'
+'Pantheon\Terminus\Commands\WorkflowProcessingTrait::processWorkflow-612ed52e3ccd5'

/Users/brianweaver/repos/terminus/src/Commands/WorkflowProcessingTrait.php:24
/Users/brianweaver/repos/terminus/src/Commands/Site/Team/AddCommand.php:47
/Users/brianweaver/repos/terminus/tests/unit_tests/Commands/Site/Team/AddCommandTest.php:127

67) Pantheon\Terminus\UnitTests\Commands\Site\Team\RemoveCommandTest::testRemoveCommand
Expectation failed for method name is "get" when invoked zero or more times
Parameter 0 for invocation League\Container\Container::get('Pantheon\Terminus\Commands\Wo...e3d715', false) does not match expected value.
Failed asserting that two strings are equal.
--- Expected
+++ Actual
@@ @@
-'Pantheon\Terminus\ProgressBars\WorkflowProgressBar'
+'Pantheon\Terminus\Commands\WorkflowProcessingTrait::processWorkflow-612ed52e3d715'

/Users/brianweaver/repos/terminus/src/Commands/WorkflowProcessingTrait.php:24
/Users/brianweaver/repos/terminus/src/Commands/Site/Team/RemoveCommand.php:36
/Users/brianweaver/repos/terminus/tests/unit_tests/Commands/Site/Team/RemoveCommandTest.php:58

68) Pantheon\Terminus\UnitTests\Commands\Site\Team\RemoveCommandTest::testRemoveCommandRemovingSelf
Expectation failed for method name is "get" when invoked zero or more times
Parameter 0 for invocation League\Container\Container::get('Pantheon\Terminus\Commands\Wo...e3da83', false) does not match expected value.
Failed asserting that two strings are equal.
--- Expected
+++ Actual
@@ @@
-'Pantheon\Terminus\ProgressBars\WorkflowProgressBar'
+'Pantheon\Terminus\Commands\WorkflowProcessingTrait::processWorkflow-612ed52e3da83'

/Users/brianweaver/repos/terminus/src/Commands/WorkflowProcessingTrait.php:24
/Users/brianweaver/repos/terminus/src/Commands/Site/Team/RemoveCommand.php:36
/Users/brianweaver/repos/terminus/tests/unit_tests/Commands/Site/Team/RemoveCommandTest.php:78

69) Pantheon\Terminus\UnitTests\Commands\Site\Team\RoleCommandTest::testRoleCommand
Expectation failed for method name is "get" when invoked zero or more times
Parameter 0 for invocation League\Container\Container::get('Pantheon\Terminus\Commands\Wo...e3e297', false) does not match expected value.
Failed asserting that two strings are equal.
--- Expected
+++ Actual
@@ @@
-'Pantheon\Terminus\ProgressBars\WorkflowProgressBar'
+'Pantheon\Terminus\Commands\WorkflowProcessingTrait::processWorkflow-612ed52e3e297'

/Users/brianweaver/repos/terminus/src/Commands/WorkflowProcessingTrait.php:24
/Users/brianweaver/repos/terminus/src/Commands/Site/Team/RoleCommand.php:40
/Users/brianweaver/repos/terminus/tests/unit_tests/Commands/Site/Team/RoleCommandTest.php:56

70) Pantheon\Terminus\UnitTests\Commands\Site\Upstream\ClearCacheCommandTest::testClearCache
Expectation failed for method name is "get" when invoked zero or more times
Parameter 0 for invocation League\Container\Container::get('Pantheon\Terminus\Commands\Wo...e3ee03', false) does not match expected value.
Failed asserting that two strings are equal.
--- Expected
+++ Actual
@@ @@
-'Pantheon\Terminus\ProgressBars\WorkflowProgressBar'
+'Pantheon\Terminus\Commands\WorkflowProcessingTrait::processWorkflow-612ed52e3ee03'

/Users/brianweaver/repos/terminus/src/Commands/WorkflowProcessingTrait.php:24
/Users/brianweaver/repos/terminus/src/Commands/Site/Upstream/ClearCacheCommand.php:34
/Users/brianweaver/repos/terminus/tests/unit_tests/Commands/Site/Upstream/ClearCacheCommandTest.php:61

71) Pantheon\Terminus\UnitTests\Commands\Site\Upstream\SetCommandTest::testSet
Expectation failed for method name is "get" when invoked zero or more times
Parameter 0 for invocation League\Container\Container::get('Pantheon\Terminus\Commands\Wo...e3f75e', false) does not match expected value.
Failed asserting that two strings are equal.
--- Expected
+++ Actual
@@ @@
-'Pantheon\Terminus\ProgressBars\WorkflowProgressBar'
+'Pantheon\Terminus\Commands\WorkflowProcessingTrait::processWorkflow-612ed52e3f75e'

/Users/brianweaver/repos/terminus/src/Commands/WorkflowProcessingTrait.php:24
/Users/brianweaver/repos/terminus/src/Commands/Site/Upstream/SetCommand.php:51
/Users/brianweaver/repos/terminus/tests/unit_tests/Commands/Site/Upstream/SetCommandTest.php:154

72) Pantheon\Terminus\UnitTests\Commands\Site\Upstream\SetCommandTest::testSetNoPreviousUpstream
Expectation failed for method name is "get" when invoked zero or more times
Parameter 0 for invocation League\Container\Container::get('Pantheon\Terminus\Commands\Wo...e40234', false) does not match expected value.
Failed asserting that two strings are equal.
--- Expected
+++ Actual
@@ @@
-'Pantheon\Terminus\ProgressBars\WorkflowProgressBar'
+'Pantheon\Terminus\Commands\WorkflowProcessingTrait::processWorkflow-612ed52e40234'

/Users/brianweaver/repos/terminus/src/Commands/WorkflowProcessingTrait.php:24
/Users/brianweaver/repos/terminus/src/Commands/Site/Upstream/SetCommand.php:51
/Users/brianweaver/repos/terminus/tests/unit_tests/Commands/Site/Upstream/SetCommandTest.php:257

73) Pantheon\Terminus\UnitTests\Commands\Solr\DisableCommandTest::testDisable
Expectation failed for method name is "get" when invoked zero or more times
Parameter 0 for invocation League\Container\Container::get('Pantheon\Terminus\Commands\Wo...e40c45', false) does not match expected value.
Failed asserting that two strings are equal.
--- Expected
+++ Actual
@@ @@
-'Pantheon\Terminus\ProgressBars\WorkflowProgressBar'
+'Pantheon\Terminus\Commands\WorkflowProcessingTrait::processWorkflow-612ed52e40c45'

/Users/brianweaver/repos/terminus/src/Commands/WorkflowProcessingTrait.php:24
/Users/brianweaver/repos/terminus/src/Commands/Solr/DisableCommand.php:34
/Users/brianweaver/repos/terminus/tests/unit_tests/Commands/Solr/DisableCommandTest.php:50

74) Pantheon\Terminus\UnitTests\Commands\Solr\EnableCommandTest::testEnableSolr
Expectation failed for method name is "get" when invoked zero or more times
Parameter 0 for invocation League\Container\Container::get('Pantheon\Terminus\Commands\Wo...e410d0', false) does not match expected value.
Failed asserting that two strings are equal.
--- Expected
+++ Actual
@@ @@
-'Pantheon\Terminus\ProgressBars\WorkflowProgressBar'
+'Pantheon\Terminus\Commands\WorkflowProcessingTrait::processWorkflow-612ed52e410d0'

/Users/brianweaver/repos/terminus/src/Commands/WorkflowProcessingTrait.php:24
/Users/brianweaver/repos/terminus/src/Commands/Solr/EnableCommand.php:34
/Users/brianweaver/repos/terminus/tests/unit_tests/Commands/Solr/EnableCommandTest.php:50

75) Pantheon\Terminus\UnitTests\Commands\Upstream\Updates\ApplyCommandTest::testApplyUpdates
Expectation failed for method name is "get" when invoked zero or more times
Parameter 0 for invocation League\Container\Container::get('Pantheon\Terminus\Commands\Wo...e44794', false) does not match expected value.
Failed asserting that two strings are equal.
--- Expected
+++ Actual
@@ @@
-'Pantheon\Terminus\ProgressBars\WorkflowProgressBar'
+'Pantheon\Terminus\Commands\WorkflowProcessingTrait::processWorkflow-612ed52e44794'

/Users/brianweaver/repos/terminus/src/Commands/WorkflowProcessingTrait.php:24
/Users/brianweaver/repos/terminus/src/Commands/Upstream/Updates/ApplyCommand.php:66
/Users/brianweaver/repos/terminus/tests/unit_tests/Commands/Upstream/Updates/ApplyCommandTest.php:139

76) Pantheon\Terminus\UnitTests\Commands\Upstream\Updates\ApplyCommandTest::testApplyUpdatesComposerUpdatesOnly
Expectation failed for method name is "get" when invoked zero or more times
Parameter 0 for invocation League\Container\Container::get('Pantheon\Terminus\Commands\Wo...e44e5f', false) does not match expected value.
Failed asserting that two strings are equal.
--- Expected
+++ Actual
@@ @@
-'Pantheon\Terminus\ProgressBars\WorkflowProgressBar'
+'Pantheon\Terminus\Commands\WorkflowProcessingTrait::processWorkflow-612ed52e44e5f'

/Users/brianweaver/repos/terminus/src/Commands/WorkflowProcessingTrait.php:24
/Users/brianweaver/repos/terminus/src/Commands/Upstream/Updates/ApplyCommand.php:66
/Users/brianweaver/repos/terminus/tests/unit_tests/Commands/Upstream/Updates/ApplyCommandTest.php:234

77) Pantheon\Terminus\UnitTests\Friends\Site\JoinTest::testAll
Expectation failed for method name is "get" when invoked 1 time(s)
Parameter 0 for invocation League\Container\Container::get('getSite-612ed53358d76', false) does not match expected value.
Failed asserting that two strings are equal.
--- Expected
+++ Actual
@@ @@
-'Pantheon\Terminus\Models\Site'
+'getSite-612ed53358d76'

/Users/brianweaver/repos/terminus/src/Friends/SiteJoinTrait.php:37
/Users/brianweaver/repos/terminus/tests/unit_tests/Friends/Site/JoinTest.php:65

78) Pantheon\Terminus\UnitTests\Helpers\SitesYmlEmitterTest::testSitesYmlEmitter
Failed asserting that two strings are equal.
--- Expected
+++ Actual
@@ @@
 'sites/pantheon/agency.site.yml:\n
-'*':\n
-  host: appserver.${env-name}.55555555-5555-5555-5555-555555555555.drush.in\n
+'':\n
+  host: appserver...drush.in\n
   paths:\n
     files: files\n
-  uri: ${env-name}-agency.pantheonsite.io\n
-  user: ${env-name}.55555555-5555-5555-5555-555555555555\n
+  uri: -.pantheonsite.io\n
+  user: .\n
   ssh:\n
     options: '-p 2222 -o "AddressFamily inet"'\n
     tty: false'

/Users/brianweaver/repos/terminus/tests/unit_tests/Helpers/SitesYmlEmitterTest.php:34

79) Pantheon\Terminus\UnitTests\Models\DomainTest::testGetDNSRecords
Expectation failed for method name is "get" when invoked 1 time(s)
Parameter 0 for invocation League\Container\Container::get('getDNSRecords-612ed53378838', false) does not match expected value.
Failed asserting that two strings are equal.
--- Expected
+++ Actual
@@ @@
-'Pantheon\Terminus\Collections\DNSRecords'
+'getDNSRecords-612ed53378838'

/Users/brianweaver/repos/terminus/src/Models/Domain.php:74
/Users/brianweaver/repos/terminus/tests/unit_tests/Models/DomainTest.php:126

80) Pantheon\Terminus\UnitTests\Models\EnvironmentTest::testGetBackups
Pantheon\Terminus\Collections\Backups Object &0000000028bd1b11000000000b785973 (


========================================
================= SNIP =================
========================================




/Users/brianweaver/repos/terminus/tests/unit_tests/Models/SiteTest.php:447

110) Pantheon\Terminus\UnitTests\Models\SiteTest::testSetUpstreamFromConstructorAttr
Expectation failed for method name is "get" when invoked 1 time(s)
Parameter 0 for invocation League\Container\Container::get('getUpstream-612ed53394867', false) does not match expected value.
Failed asserting that two strings are equal.
--- Expected
+++ Actual
@@ @@
-'Pantheon\Terminus\Models\SiteUpstream'
+'getUpstream-612ed53394867'

/Users/brianweaver/repos/terminus/src/Models/Site.php:358
/Users/brianweaver/repos/terminus/tests/unit_tests/Models/SiteTest.php:597

111) Pantheon\Terminus\UnitTests\Models\SiteTest::testSetUpstreamFromConstructorAttrSettings
Expectation failed for method name is "get" when invoked 1 time(s)
Parameter 0 for invocation League\Container\Container::get('getUpstream-612ed53394a80', false) does not match expected value.
Failed asserting that two strings are equal.
--- Expected
+++ Actual
@@ @@
-'Pantheon\Terminus\Models\SiteUpstream'
+'getUpstream-612ed53394a80'

/Users/brianweaver/repos/terminus/src/Models/Site.php:358
/Users/brianweaver/repos/terminus/tests/unit_tests/Models/SiteTest.php:627

112) Pantheon\Terminus\UnitTests\Models\SiteUserMembershipTest::testDelete
Expectation failed for method name is "get" when invoked 1 time(s)
Parameter 0 for invocation League\Container\Container::get('getUser-612ed53397ab5', false) does not match expected value.
Failed asserting that two strings are equal.
--- Expected
+++ Actual
@@ @@
-'Pantheon\Terminus\Models\User'
+'getUser-612ed53397ab5'

/Users/brianweaver/repos/terminus/src/Friends/UserJoinTrait.php:36
/Users/brianweaver/repos/terminus/src/Models/SiteUserMembership.php:33
/Users/brianweaver/repos/terminus/tests/unit_tests/Models/SiteUserMembershipTest.php:91

113) Pantheon\Terminus\UnitTests\Models\SiteUserMembershipTest::testGetReferences
Expectation failed for method name is "get" when invoked 1 time(s)
Parameter 0 for invocation League\Container\Container::get('getUser-612ed53397cbe', false) does not match expected value.
Failed asserting that two strings are equal.
--- Expected
+++ Actual
@@ @@
-'Pantheon\Terminus\Models\User'
+'getUser-612ed53397cbe'

/Users/brianweaver/repos/terminus/src/Friends/UserJoinTrait.php:36
/Users/brianweaver/repos/terminus/src/Friends/UserJoinTrait.php:23
/Users/brianweaver/repos/terminus/tests/unit_tests/Models/SiteUserMembershipTest.php:106

114) Pantheon\Terminus\UnitTests\Models\SiteUserMembershipTest::testIsNotOwner
Expectation failed for method name is "get" when invoked 1 time(s)
Parameter 0 for invocation League\Container\Container::get('getUser-612ed53397f02', false) does not match expected value.
Failed asserting that two strings are equal.
--- Expected
+++ Actual
@@ @@
-'Pantheon\Terminus\Models\User'
+'getUser-612ed53397f02'

/Users/brianweaver/repos/terminus/src/Friends/UserJoinTrait.php:36
/Users/brianweaver/repos/terminus/src/Models/SiteUserMembership.php:44
/Users/brianweaver/repos/terminus/tests/unit_tests/Models/SiteUserMembershipTest.php:122

115) Pantheon\Terminus\UnitTests\Models\SiteUserMembershipTest::testIsOwner
Expectation failed for method name is "get" when invoked 1 time(s)
Parameter 0 for invocation League\Container\Container::get('getUser-612ed53398119', false) does not match expected value.
Failed asserting that two strings are equal.
--- Expected
+++ Actual
@@ @@
-'Pantheon\Terminus\Models\User'
+'getUser-612ed53398119'

/Users/brianweaver/repos/terminus/src/Friends/UserJoinTrait.php:36
/Users/brianweaver/repos/terminus/src/Models/SiteUserMembership.php:44
/Users/brianweaver/repos/terminus/tests/unit_tests/Models/SiteUserMembershipTest.php:137

116) Pantheon\Terminus\UnitTests\Models\SiteUserMembershipTest::testSerialize
Expectation failed for method name is "get" when invoked 1 time(s)
Parameter 0 for invocation League\Container\Container::get('getUser-612ed53398336', false) does not match expected value.
Failed asserting that two strings are equal.
--- Expected
+++ Actual
@@ @@
-'Pantheon\Terminus\Models\User'
+'getUser-612ed53398336'

/Users/brianweaver/repos/terminus/src/Friends/UserJoinTrait.php:36
/Users/brianweaver/repos/terminus/src/Models/SiteUserMembership.php:52
/Users/brianweaver/repos/terminus/tests/unit_tests/Models/SiteUserMembershipTest.php:157

117) Pantheon\Terminus\UnitTests\Models\SiteUserMembershipTest::testSetRole
Expectation failed for method name is "get" when invoked 1 time(s)
Parameter 0 for invocation League\Container\Container::get('getUser-612ed5339861b', false) does not match expected value.
Failed asserting that two strings are equal.
--- Expected
+++ Actual
@@ @@
-'Pantheon\Terminus\Models\User'
+'getUser-612ed5339861b'

/Users/brianweaver/repos/terminus/src/Friends/UserJoinTrait.php:36
/Users/brianweaver/repos/terminus/src/Models/SiteUserMembership.php:69
/Users/brianweaver/repos/terminus/tests/unit_tests/Models/SiteUserMembershipTest.php:177

118) Pantheon\Terminus\UnitTests\Models\UserOrganizationMembershipTest::testGetOrganization
Expectation failed for method name is "get" when invoked 1 time(s)
Parameter 0 for invocation League\Container\Container::get('getOrganization-612ed5339ab99', false) does not match expected value.
Failed asserting that two strings are equal.
--- Expected
+++ Actual
@@ @@
-'Pantheon\Terminus\Models\Organization'
+'getOrganization-612ed5339ab99'

/Users/brianweaver/repos/terminus/src/Friends/OrganizationJoinTrait.php:36
/Users/brianweaver/repos/terminus/tests/unit_tests/Models/UserOrganizationMembershipTest.php:59

119) Pantheon\Terminus\UnitTests\Models\UserOrganizationMembershipTest::testGetReferences
Expectation failed for method name is "get" when invoked 1 time(s)
Parameter 0 for invocation League\Container\Container::get('getOrganization-612ed5339ad5e', false) does not match expected value.
Failed asserting that two strings are equal.
--- Expected
+++ Actual
@@ @@
-'Pantheon\Terminus\Models\Organization'
+'getOrganization-612ed5339ad5e'

/Users/brianweaver/repos/terminus/src/Friends/OrganizationJoinTrait.php:36
/Users/brianweaver/repos/terminus/src/Friends/OrganizationJoinTrait.php:23
/Users/brianweaver/repos/terminus/tests/unit_tests/Models/UserOrganizationMembershipTest.php:75

120) Pantheon\Terminus\UnitTests\Models\UserTest::testGetName
Expectation failed for method name is "get" when invoked 1 time(s)
Parameter 0 for invocation League\Container\Container::get('getProfile-612ed5339b994', false) does not match expected value.
Failed asserting that two strings are equal.
--- Expected
+++ Actual
@@ @@
-'Pantheon\Terminus\Models\Profile'
+'getProfile-612ed5339b994'

/Users/brianweaver/repos/terminus/src/Friends/ProfileTrait.php:27
/Users/brianweaver/repos/terminus/src/Models/User.php:129
/Users/brianweaver/repos/terminus/tests/unit_tests/Models/UserTest.php:131

121) Pantheon\Terminus\UnitTests\Models\UserTest::testGetReferences
Expectation failed for method name is "get" when invoked 1 time(s)
Parameter 0 for invocation League\Container\Container::get('getProfile-612ed5339bb72', false) does not match expected value.
Failed asserting that two strings are equal.
--- Expected
+++ Actual
@@ @@
-'Pantheon\Terminus\Models\Profile'
+'getProfile-612ed5339bb72'

/Users/brianweaver/repos/terminus/src/Friends/ProfileTrait.php:27
/Users/brianweaver/repos/terminus/src/Models/User.php:129
/Users/brianweaver/repos/terminus/src/Models/User.php:166
/Users/brianweaver/repos/terminus/tests/unit_tests/Models/UserTest.php:152

122) Pantheon\Terminus\UnitTests\Models\UserTest::testGetSubCollections
Expectation failed for method name is "get" when invoked at sequence index 1
Parameter 0 for invocation League\Container\Container::get('getPaymentMethods-612ed5339bd7a', false) does not match expected value.
Failed asserting that two strings are equal.
--- Expected
+++ Actual
@@ @@
-'Pantheon\Terminus\Collections\MachineTokens'
+'getPaymentMethods-612ed5339bd7a'

/Users/brianweaver/repos/terminus/src/Models/User.php:156
/Users/brianweaver/repos/terminus/tests/unit_tests/Models/UserTest.php:176

123) Pantheon\Terminus\UnitTests\Models\UserTest::testSerialize
Expectation failed for method name is "get" when invoked 1 time(s)
Parameter 0 for invocation League\Container\Container::get('getProfile-612ed5339bf56', false) does not match expected value.
Failed asserting that two strings are equal.
--- Expected
+++ Actual
@@ @@
-'Pantheon\Terminus\Models\Profile'
+'getProfile-612ed5339bf56'

/Users/brianweaver/repos/terminus/src/Friends/ProfileTrait.php:27
/Users/brianweaver/repos/terminus/src/Models/User.php:232
/Users/brianweaver/repos/terminus/tests/unit_tests/Models/UserTest.php:214

124) Pantheon\Terminus\UnitTests\Models\WorkflowTest::testGetOperations
Expectation failed for method name is "get" when invoked 1 time(s)
Parameter 0 for invocation League\Container\Container::get('getOperations-612ed5339d129', false) does not match expected value.
Failed asserting that two strings are equal.
--- Expected
+++ Actual
@@ @@
-'Pantheon\Terminus\Collections\WorkflowOperations'
+'getOperations-612ed5339d129'

/Users/brianweaver/repos/terminus/src/Models/Workflow.php:92
/Users/brianweaver/repos/terminus/tests/unit_tests/Models/WorkflowTest.php:248

125) Pantheon\Terminus\UnitTests\Models\WorkflowTest::testOperations
Expectation failed for method name is "get" when invoked 1 time(s)
Parameter 0 for invocation League\Container\Container::get('getOperations-612ed5339d509', false) does not match expected value.
Failed asserting that two strings are equal.
--- Expected
+++ Actual
@@ @@
-'Pantheon\Terminus\Collections\WorkflowOperations'
+'getOperations-612ed5339d509'

/Users/brianweaver/repos/terminus/src/Models/Workflow.php:92
/Users/brianweaver/repos/terminus/src/Models/Workflow.php:222
/Users/brianweaver/repos/terminus/tests/unit_tests/Models/WorkflowTest.php:309

126) Pantheon\Terminus\UnitTests\Models\WorkflowTest::testSerialize
Expectation failed for method name is "get" when invoked 1 time(s)
Parameter 0 for invocation League\Container\Container::get('getOperations-612ed5339d730', false) does not match expected value.
Failed asserting that two strings are equal.
--- Expected
+++ Actual
@@ @@
-'Pantheon\Terminus\Collections\WorkflowOperations'
+'getOperations-612ed5339d730'

/Users/brianweaver/repos/terminus/src/Models/Workflow.php:92
/Users/brianweaver/repos/terminus/src/Models/Workflow.php:249
/Users/brianweaver/repos/terminus/tests/unit_tests/Models/WorkflowTest.php:387

127) Pantheon\Terminus\UnitTests\Plugins\PluginInfoTest::testGetName
Failed asserting that two strings are equal.
--- Expected
+++ Actual
@@ @@
-'orgname/with-namespace'
+''

/Users/brianweaver/repos/terminus/tests/unit_tests/Plugins/PluginInfoTest.php:164

128) Pantheon\Terminus\UnitTests\Plugins\PluginInfoTest::testLoadCommands
Failed asserting that two arrays are equal.
--- Expected
+++ Actual
@@ @@
 Array (
-    '/Users/brianweaver/repos/terminus/tests/unit_tests/Plugins/../../fixtures/plugins/with-namespace/src/Commands/NullCommand.php' => 'OrgName\PluginName\Commands\N...ommand'
-    '/Users/brianweaver/repos/terminus/tests/unit_tests/Plugins/../../fixtures/plugins/with-namespace/src/Commands/OptionalCommandGroup/NullCommand.php' => 'OrgName\PluginName\Commands\O...ommand'
 )

/Users/brianweaver/repos/terminus/tests/unit_tests/Plugins/PluginInfoTest.php:188

129) Pantheon\Terminus\UnitTests\Session\SessionTest::testGetTokens
Expectation failed for method name is "get" when invoked 1 time(s)
Parameter 0 for invocation League\Container\Container::get('Pantheon\Terminus\Session\Ses...3a27fd', false) does not match expected value.
Failed asserting that two strings are equal.
--- Expected
+++ Actual
@@ @@
-'Pantheon\Terminus\Collections\SavedTokens'
+'Pantheon\Terminus\Session\Session::getTokens-612ed533a27fd'

/Users/brianweaver/repos/terminus/src/Session/Session.php:139
/Users/brianweaver/repos/terminus/tests/unit_tests/Session/SessionTest.php:154

130) Pantheon\Terminus\UnitTests\Session\SessionTest::testGetUser
Expectation failed for method name is "get" when invoked 1 time(s)
Parameter 0 for invocation League\Container\Container::get('Pantheon\Terminus\Session\Ses...3a2a28', false) does not match expected value.
Failed asserting that two strings are equal.
--- Expected
+++ Actual
@@ @@
-'Pantheon\Terminus\Models\User'
+'Pantheon\Terminus\Session\Session::getUser-612ed533a2a28'

/Users/brianweaver/repos/terminus/src/Session/Session.php:81
/Users/brianweaver/repos/terminus/tests/unit_tests/Session/SessionTest.php:180

131) Pantheon\Terminus\UnitTests\Update\UpdateCheckerTest::testClientIsUpToDate
Expectation failed for method name is "get" when invoked 1 time(s)
Parameter 0 for invocation League\Container\Container::get('Pantheon\Terminus\Update\Upda...3a7f7a', false) does not match expected value.
Failed asserting that two strings are equal.
--- Expected
+++ Actual
@@ @@
-'Pantheon\Terminus\Update\LatestRelease'
+'Pantheon\Terminus\Update\UpdateChecker-612ed533a7f7a'

/Users/brianweaver/repos/terminus/src/Update/UpdateChecker.php:69
/Users/brianweaver/repos/terminus/tests/unit_tests/Update/UpdateCheckerTest.php:105

132) Pantheon\Terminus\UnitTests\Update\UpdateCheckerTest::testClientIsOutOfDate
Expectation failed for method name is "get" when invoked 1 time(s)
Parameter 0 for invocation League\Container\Container::get('Pantheon\Terminus\Update\Upda...3a81c1', false) does not match expected value.
Failed asserting that two strings are equal.
--- Expected
+++ Actual
@@ @@
-'Pantheon\Terminus\Update\LatestRelease'
+'Pantheon\Terminus\Update\UpdateChecker-612ed533a81c1'

/Users/brianweaver/repos/terminus/src/Update/UpdateChecker.php:69
/Users/brianweaver/repos/terminus/tests/unit_tests/Update/UpdateCheckerTest.php:139

133) Pantheon\Terminus\UnitTests\Update\UpdateCheckerTest::testClientIsOutOfDateButHideMessage
Expectation failed for method name is "get" when invoked 1 time(s)
Parameter 0 for invocation League\Container\Container::get('Pantheon\Terminus\Update\Upda...3a83cb', false) does not match expected value.
Failed asserting that two strings are equal.
--- Expected
+++ Actual
@@ @@
-'Pantheon\Terminus\Update\LatestRelease'
+'Pantheon\Terminus\Update\UpdateChecker-612ed533a83cb'

/Users/brianweaver/repos/terminus/src/Update/UpdateChecker.php:69
/Users/brianweaver/repos/terminus/tests/unit_tests/Update/UpdateCheckerTest.php:174

134) Pantheon\Terminus\UnitTests\Update\UpdateCheckerTest::testCannotCheckVersion
Expectation failed for method name is "get" when invoked 1 time(s)
Parameter 0 for invocation League\Container\Container::get('Pantheon\Terminus\Update\Upda...3a86de', false) does not match expected value.
Failed asserting that two strings are equal.
--- Expected
+++ Actual
@@ @@
-'Pantheon\Terminus\Update\LatestRelease'
+'Pantheon\Terminus\Update\UpdateChecker-612ed533a86de'

/Users/brianweaver/repos/terminus/src/Update/UpdateChecker.php:69
/Users/brianweaver/repos/terminus/tests/unit_tests/Update/UpdateCheckerTest.php:209

135) Pantheon\Terminus\UnitTests\Update\UpdateCheckerTest::testShouldCheckForUpdates
Expectation failed for method name is "get" when invoked zero or more times
Parameter 0 for invocation League\Container\Container::get('Pantheon\Terminus\Update\Upda...3a8ac5', false) does not match expected value.
Failed asserting that two strings are equal.
--- Expected
+++ Actual
@@ @@
-'Pantheon\Terminus\Update\LatestRelease'
+'Pantheon\Terminus\Update\UpdateChecker-612ed533a8ac5'

/Users/brianweaver/repos/terminus/src/Update/UpdateChecker.php:69
/Users/brianweaver/repos/terminus/tests/unit_tests/Update/UpdateCheckerTest.php:245

--

There was 1 risky test:

1) Pantheon\Terminus\UnitTests\Collections\TagsTest::testFetch
This test did not perform any assertions

/Users/brianweaver/repos/terminus/tests/unit_tests/Collections/TagsTest.php:88

ERRORS!
Tests: 664, Assertions: 934, Errors: 223, Failures: 135, Warnings: 10, Incomplete: 2, Risky: 1.
Script SHELL_INTERACTIVE=true phpunit --colors=always  -c tests/config/phpunit.xml.dist --debug handling the phpunit event returned with error code 2
sputnik:terminus brianweaver$

